#
# There is insufficient memory for the Java Runtime Environment to continue.
# Native memory allocation (malloc) failed to allocate 1076336 bytes for Chunk::new
# Possible reasons:
#   The system is out of physical RAM or swap space
#   The process is running with CompressedOops enabled, and the Java Heap may be blocking the growth of the native heap
# Possible solutions:
#   Reduce memory load on the system
#   Increase physical memory or swap space
#   Check if swap backing store is full
#   Decrease Java heap size (-Xmx/-Xms)
#   Decrease number of Java threads
#   Decrease Java thread stack sizes (-Xss)
#   Set larger code cache with -XX:ReservedCodeCacheSize=
#   JVM is running with Unscaled Compressed Oops mode in which the Java heap is
#     placed in the first 4GB address space. The Java Heap base address is the
#     maximum limit for the native heap growth. Please use -XX:HeapBaseMinAddress
#     to set the Java Heap base and to place the Java Heap above 4GB virtual address.
# This output file may be truncated or incomplete.
#
#  Out of Memory Error (./open/src/hotspot/share/memory/arena.cpp:195), pid=2704, tid=3440
#
# JRE version: Java(TM) SE Runtime Environment (15.0.2+7) (build 15.0.2+7-27)
# Java VM: Java HotSpot(TM) 64-Bit Server VM (15.0.2+7-27, mixed mode, sharing, tiered, compressed oops, g1 gc, windows-amd64)
# No core dump will be written. Minidumps are not enabled by default on client versions of Windows
#

---------------  S U M M A R Y ------------

Command Line: --add-opens=java.base/java.util=ALL-UNNAMED --add-opens=java.base/java.lang=ALL-UNNAMED --add-opens=java.base/java.lang.invoke=ALL-UNNAMED --add-opens=java.base/java.util=ALL-UNNAMED --add-opens=java.prefs/java.util.prefs=ALL-UNNAMED --add-opens=java.prefs/java.util.prefs=ALL-UNNAMED --add-opens=java.base/java.nio.charset=ALL-UNNAMED --add-opens=java.base/java.net=ALL-UNNAMED --add-opens=java.base/java.util.concurrent.atomic=ALL-UNNAMED -Xmx2048m -Dfile.encoding=UTF-8 -Duser.country=KR -Duser.language=ko -Duser.variant org.gradle.launcher.daemon.bootstrap.GradleDaemon 7.3.3

Host: 11th Gen Intel(R) Core(TM) i5-1135G7 @ 2.40GHz, 8 cores, 15G,  Windows 10 , 64 bit Build 22000 (10.0.22000.708)
Time: Sun Aug 21 21:40:00 2022 대한민국 표준시 elapsed time: 1.790158 seconds (0d 0h 0m 1s)

---------------  T H R E A D  ---------------

Current thread (0x0000028076366940):  JavaThread "C2 CompilerThread1" daemon [_thread_in_native, id=3440, stack(0x0000008075000000,0x0000008075100000)]


Current CompileTask:
C2:   1790 2010   !   4       java.lang.ClassLoader::loadClass (122 bytes)

Stack: [0x0000008075000000,0x0000008075100000]
Native frames: (J=compiled Java code, j=interpreted, Vv=VM code, C=native code)
V  [jvm.dll+0x62ae9a]
V  [jvm.dll+0x7817a9]
V  [jvm.dll+0x782f03]
V  [jvm.dll+0x783563]
V  [jvm.dll+0x216325]
V  [jvm.dll+0x97f3a]
V  [jvm.dll+0x9861c]
V  [jvm.dll+0x279f9f]
V  [jvm.dll+0x540794]
V  [jvm.dll+0x1f3124]
V  [jvm.dll+0x1ecaf1]
V  [jvm.dll+0x1e9867]
V  [jvm.dll+0x178567]
V  [jvm.dll+0x1f9225]
V  [jvm.dll+0x1f72cc]
V  [jvm.dll+0x74495d]
V  [jvm.dll+0x73d75a]
V  [jvm.dll+0x629c56]
C  [ucrtbase.dll+0x26c0c]
C  [KERNEL32.DLL+0x154e0]
C  [ntdll.dll+0x485b]


---------------  P R O C E S S  ---------------

Threads class SMR info:
_java_thread_list=0x0000028077fc4ed0, length=25, elements={
0x0000028056c38ff0, 0x0000028075804ba0, 0x0000028075807e00, 0x00000280760c8660,
0x00000280760c8f20, 0x00000280760c99d0, 0x00000280760cb870, 0x00000280760ceac0,
0x00000280760d18c0, 0x000002807620aad0, 0x000002807620dfb0, 0x0000028076366940,
0x000002807842e9f0, 0x0000028078c59a50, 0x0000028077b7c470, 0x0000028077b7c940,
0x0000028077dfed60, 0x000002807851dfd0, 0x0000028077b75990, 0x0000028077b75e60,
0x000002807765e8f0, 0x00000280776ce5e0, 0x00000280776cb0f0, 0x00000280776cba90,
0x00000280776cb5c0
}

Java Threads: ( => current thread )
  0x0000028056c38ff0 JavaThread "main" [_thread_blocked, id=12148, stack(0x0000008073e00000,0x0000008073f00000)]
  0x0000028075804ba0 JavaThread "Reference Handler" daemon [_thread_blocked, id=3464, stack(0x0000008074500000,0x0000008074600000)]
  0x0000028075807e00 JavaThread "Finalizer" daemon [_thread_blocked, id=7428, stack(0x0000008074600000,0x0000008074700000)]
  0x00000280760c8660 JavaThread "Signal Dispatcher" daemon [_thread_blocked, id=6216, stack(0x0000008074700000,0x0000008074800000)]
  0x00000280760c8f20 JavaThread "Attach Listener" daemon [_thread_blocked, id=18348, stack(0x0000008074800000,0x0000008074900000)]
  0x00000280760c99d0 JavaThread "Service Thread" daemon [_thread_blocked, id=11620, stack(0x0000008074900000,0x0000008074a00000)]
  0x00000280760cb870 JavaThread "C2 CompilerThread0" daemon [_thread_blocked, id=17744, stack(0x0000008074a00000,0x0000008074b00000)]
  0x00000280760ceac0 JavaThread "C1 CompilerThread0" daemon [_thread_blocked, id=5196, stack(0x0000008074b00000,0x0000008074c00000)]
  0x00000280760d18c0 JavaThread "Sweeper thread" daemon [_thread_blocked, id=8612, stack(0x0000008074c00000,0x0000008074d00000)]
  0x000002807620aad0 JavaThread "Common-Cleaner" daemon [_thread_blocked, id=3680, stack(0x0000008074d00000,0x0000008074e00000)]
  0x000002807620dfb0 JavaThread "Notification Thread" daemon [_thread_blocked, id=13296, stack(0x0000008074e00000,0x0000008074f00000)]
=>0x0000028076366940 JavaThread "C2 CompilerThread1" daemon [_thread_in_native, id=3440, stack(0x0000008075000000,0x0000008075100000)]
  0x000002807842e9f0 JavaThread "Daemon health stats" [_thread_blocked, id=10988, stack(0x0000008075800000,0x0000008075900000)]
  0x0000028078c59a50 JavaThread "Incoming local TCP Connector on port 54901" [_thread_in_native, id=10648, stack(0x0000008075900000,0x0000008075a00000)]
  0x0000028077b7c470 JavaThread "Daemon periodic checks" [_thread_blocked, id=14300, stack(0x0000008075a00000,0x0000008075b00000)]
  0x0000028077b7c940 JavaThread "Daemon" [_thread_blocked, id=18428, stack(0x0000008075b00000,0x0000008075c00000)]
  0x0000028077dfed60 JavaThread "Handler for socket connection from /127.0.0.1:54901 to /127.0.0.1:54902" [_thread_in_native, id=4412, stack(0x0000008075c00000,0x0000008075d00000)]
  0x000002807851dfd0 JavaThread "Cancel handler" [_thread_blocked, id=17648, stack(0x0000008075d00000,0x0000008075e00000)]
  0x0000028077b75990 JavaThread "Daemon worker" [_thread_in_native, id=1812, stack(0x0000008075e00000,0x0000008075f00000)]
  0x0000028077b75e60 JavaThread "Asynchronous log dispatcher for DefaultDaemonConnection: socket connection from /127.0.0.1:54901 to /127.0.0.1:54902" [_thread_blocked, id=12244, stack(0x0000008075f00000,0x0000008076000000)]
  0x000002807765e8f0 JavaThread "Stdin handler" [_thread_blocked, id=10652, stack(0x0000008076000000,0x0000008076100000)]
  0x00000280776ce5e0 JavaThread "Daemon client event forwarder" [_thread_blocked, id=5280, stack(0x0000008076100000,0x0000008076200000)]
  0x00000280776cb0f0 JavaThread "Cache worker for journal cache (C:\Users\eks02\.gradle\caches\journal-1)" [_thread_blocked, id=16012, stack(0x0000008076200000,0x0000008076300000)]
  0x00000280776cba90 JavaThread "File lock request listener" [_thread_in_native, id=17844, stack(0x0000008076300000,0x0000008076400000)]
  0x00000280776cb5c0 JavaThread "Cache worker for file hash cache (C:\Users\eks02\.gradle\caches\7.3.3\fileHashes)" [_thread_blocked, id=16076, stack(0x0000008075700000,0x0000008075800000)]

Other Threads:
  0x0000028075803ef0 VMThread "VM Thread" [stack: 0x0000008074400000,0x0000008074500000] [id=17260]
  0x00000280762230a0 WatcherThread [stack: 0x0000008074f00000,0x0000008075000000] [id=9608]
  0x0000028056c77430 GCTaskThread "GC Thread#0" [stack: 0x0000008073f00000,0x0000008074000000] [id=18144]
  0x0000028076ff39d0 GCTaskThread "GC Thread#1" [stack: 0x0000008075100000,0x0000008075200000] [id=1888]
  0x0000028076ff19f0 GCTaskThread "GC Thread#2" [stack: 0x0000008075200000,0x0000008075300000] [id=6692]
  0x0000028076ff4360 GCTaskThread "GC Thread#3" [stack: 0x0000008075300000,0x0000008075400000] [id=17884]
  0x0000028076ff3d00 GCTaskThread "GC Thread#4" [stack: 0x0000008075400000,0x0000008075500000] [id=10548]
  0x0000028076ff29e0 GCTaskThread "GC Thread#5" [stack: 0x0000008075500000,0x0000008075600000] [id=17992]
  0x0000028056c89850 ConcurrentGCThread "G1 Main Marker" [stack: 0x0000008074000000,0x0000008074100000] [id=7324]
  0x0000028056c8c210 ConcurrentGCThread "G1 Conc#0" [stack: 0x0000008074100000,0x0000008074200000] [id=1796]
  0x0000028056d0b5a0 ConcurrentGCThread "G1 Refine#0" [stack: 0x0000008074200000,0x0000008074300000] [id=9472]
  0x0000028076fedce0 ConcurrentGCThread "G1 Refine#1" [stack: 0x0000008075600000,0x0000008075700000] [id=4556]
  0x0000028056d0bee0 ConcurrentGCThread "G1 Young RemSet Sampling" [stack: 0x0000008074300000,0x0000008074400000] [id=8308]

Threads with active compile tasks:
C2 CompilerThread1     1811 2010   !   4       java.lang.ClassLoader::loadClass (122 bytes)

VM state: not at safepoint (normal execution)

VM Mutex/Monitor currently owned by a thread: None

Heap address: 0x0000000080000000, size: 2048 MB, Compressed Oops mode: 32-bit
CDS archive(s) mapped at: [0x0000000800000000-0x0000000800b50000-0x0000000800b50000), size 11862016, SharedBaseAddress: 0x0000000800000000, ArchiveRelocationMode: 0.
Compressed class space mapped at: 0x0000000800b50000-0x0000000840b50000, size: 1073741824
Narrow klass base: 0x0000000800000000, Narrow klass shift: 3, Narrow klass range: 0x100000000

GC Precious Log:
 CPUs: 8 total, 8 available
 Memory: 16057M
 Large Page Support: Disabled
 NUMA Support: Disabled
 Compressed Oops: Enabled (32-bit)
 Heap Region Size: 1M
 Heap Min Capacity: 8M
 Heap Initial Capacity: 252M
 Heap Max Capacity: 2G
 Pre-touch: Disabled
 Parallel Workers: 8
 Concurrent Workers: 2
 Concurrent Refinement Workers: 8
 Periodic GC: Disabled

Heap:
 garbage-first heap   total 258048K, used 72049K [0x0000000080000000, 0x0000000100000000)
  region size 1024K, 62 young (63488K), 1 survivors (1024K)
 Metaspace       used 14688K, capacity 15107K, committed 15232K, reserved 1062912K
  class space    used 2018K, capacity 2144K, committed 2176K, reserved 1048576K

Heap Regions: E=young(eden), S=young(survivor), O=old, HS=humongous(starts), HC=humongous(continues), CS=collection set, F=free, OA=open archive, CA=closed archive, TAMS=top-at-mark-start (previous, next)
|   0|0x0000000080000000, 0x0000000080100000, 0x0000000080100000|100%| O|  |TAMS 0x0000000080000000, 0x0000000080000000| Untracked 
|   1|0x0000000080100000, 0x0000000080200000, 0x0000000080200000|100%| O|  |TAMS 0x0000000080100000, 0x0000000080100000| Untracked 
|   2|0x0000000080200000, 0x000000008026bc00, 0x0000000080300000| 42%| O|  |TAMS 0x0000000080200000, 0x0000000080200000| Untracked 
|   3|0x0000000080300000, 0x0000000080400000, 0x0000000080400000|100%|HS|  |TAMS 0x0000000080300000, 0x0000000080300000| Complete 
|   4|0x0000000080400000, 0x0000000080500000, 0x0000000080500000|100%|HC|  |TAMS 0x0000000080400000, 0x0000000080400000| Complete 
|   5|0x0000000080500000, 0x0000000080600000, 0x0000000080600000|100%|HC|  |TAMS 0x0000000080500000, 0x0000000080500000| Complete 
|   6|0x0000000080600000, 0x0000000080700000, 0x0000000080700000|100%| O|  |TAMS 0x0000000080600000, 0x0000000080600000| Untracked 
|   7|0x0000000080700000, 0x0000000080800000, 0x0000000080800000|100%| O|  |TAMS 0x0000000080700000, 0x0000000080700000| Untracked 
|   8|0x0000000080800000, 0x0000000080900000, 0x0000000080900000|100%| O|  |TAMS 0x0000000080800000, 0x0000000080800000| Untracked 
|   9|0x0000000080900000, 0x0000000080a00000, 0x0000000080a00000|100%| O|  |TAMS 0x0000000080900000, 0x0000000080900000| Untracked 
|  10|0x0000000080a00000, 0x0000000080b00000, 0x0000000080b00000|100%|HS|  |TAMS 0x0000000080a00000, 0x0000000080a00000| Complete 
|  11|0x0000000080b00000, 0x0000000080b00000, 0x0000000080c00000|  0%| F|  |TAMS 0x0000000080b00000, 0x0000000080b00000| Untracked 
|  12|0x0000000080c00000, 0x0000000080c00000, 0x0000000080d00000|  0%| F|  |TAMS 0x0000000080c00000, 0x0000000080c00000| Untracked 
|  13|0x0000000080d00000, 0x0000000080d00000, 0x0000000080e00000|  0%| F|  |TAMS 0x0000000080d00000, 0x0000000080d00000| Untracked 
|  14|0x0000000080e00000, 0x0000000080e00000, 0x0000000080f00000|  0%| F|  |TAMS 0x0000000080e00000, 0x0000000080e00000| Untracked 
|  15|0x0000000080f00000, 0x0000000080f00000, 0x0000000081000000|  0%| F|  |TAMS 0x0000000080f00000, 0x0000000080f00000| Untracked 
|  16|0x0000000081000000, 0x0000000081000000, 0x0000000081100000|  0%| F|  |TAMS 0x0000000081000000, 0x0000000081000000| Untracked 
|  17|0x0000000081100000, 0x0000000081100000, 0x0000000081200000|  0%| F|  |TAMS 0x0000000081100000, 0x0000000081100000| Untracked 
|  18|0x0000000081200000, 0x0000000081200000, 0x0000000081300000|  0%| F|  |TAMS 0x0000000081200000, 0x0000000081200000| Untracked 
|  19|0x0000000081300000, 0x0000000081300000, 0x0000000081400000|  0%| F|  |TAMS 0x0000000081300000, 0x0000000081300000| Untracked 
|  20|0x0000000081400000, 0x0000000081400000, 0x0000000081500000|  0%| F|  |TAMS 0x0000000081400000, 0x0000000081400000| Untracked 
|  21|0x0000000081500000, 0x0000000081500000, 0x0000000081600000|  0%| F|  |TAMS 0x0000000081500000, 0x0000000081500000| Untracked 
|  22|0x0000000081600000, 0x0000000081600000, 0x0000000081700000|  0%| F|  |TAMS 0x0000000081600000, 0x0000000081600000| Untracked 
|  23|0x0000000081700000, 0x0000000081700000, 0x0000000081800000|  0%| F|  |TAMS 0x0000000081700000, 0x0000000081700000| Untracked 
|  24|0x0000000081800000, 0x0000000081800000, 0x0000000081900000|  0%| F|  |TAMS 0x0000000081800000, 0x0000000081800000| Untracked 
|  25|0x0000000081900000, 0x0000000081900000, 0x0000000081a00000|  0%| F|  |TAMS 0x0000000081900000, 0x0000000081900000| Untracked 
|  26|0x0000000081a00000, 0x0000000081a00000, 0x0000000081b00000|  0%| F|  |TAMS 0x0000000081a00000, 0x0000000081a00000| Untracked 
|  27|0x0000000081b00000, 0x0000000081b00000, 0x0000000081c00000|  0%| F|  |TAMS 0x0000000081b00000, 0x0000000081b00000| Untracked 
|  28|0x0000000081c00000, 0x0000000081c00000, 0x0000000081d00000|  0%| F|  |TAMS 0x0000000081c00000, 0x0000000081c00000| Untracked 
|  29|0x0000000081d00000, 0x0000000081d00000, 0x0000000081e00000|  0%| F|  |TAMS 0x0000000081d00000, 0x0000000081d00000| Untracked 
|  30|0x0000000081e00000, 0x0000000081e00000, 0x0000000081f00000|  0%| F|  |TAMS 0x0000000081e00000, 0x0000000081e00000| Untracked 
|  31|0x0000000081f00000, 0x0000000081f00000, 0x0000000082000000|  0%| F|  |TAMS 0x0000000081f00000, 0x0000000081f00000| Untracked 
|  32|0x0000000082000000, 0x0000000082000000, 0x0000000082100000|  0%| F|  |TAMS 0x0000000082000000, 0x0000000082000000| Untracked 
|  33|0x0000000082100000, 0x0000000082100000, 0x0000000082200000|  0%| F|  |TAMS 0x0000000082100000, 0x0000000082100000| Untracked 
|  34|0x0000000082200000, 0x0000000082200000, 0x0000000082300000|  0%| F|  |TAMS 0x0000000082200000, 0x0000000082200000| Untracked 
|  35|0x0000000082300000, 0x0000000082300000, 0x0000000082400000|  0%| F|  |TAMS 0x0000000082300000, 0x0000000082300000| Untracked 
|  36|0x0000000082400000, 0x0000000082400000, 0x0000000082500000|  0%| F|  |TAMS 0x0000000082400000, 0x0000000082400000| Untracked 
|  37|0x0000000082500000, 0x0000000082500000, 0x0000000082600000|  0%| F|  |TAMS 0x0000000082500000, 0x0000000082500000| Untracked 
|  38|0x0000000082600000, 0x0000000082600000, 0x0000000082700000|  0%| F|  |TAMS 0x0000000082600000, 0x0000000082600000| Untracked 
|  39|0x0000000082700000, 0x0000000082700000, 0x0000000082800000|  0%| F|  |TAMS 0x0000000082700000, 0x0000000082700000| Untracked 
|  40|0x0000000082800000, 0x0000000082800000, 0x0000000082900000|  0%| F|  |TAMS 0x0000000082800000, 0x0000000082800000| Untracked 
|  41|0x0000000082900000, 0x0000000082900000, 0x0000000082a00000|  0%| F|  |TAMS 0x0000000082900000, 0x0000000082900000| Untracked 
|  42|0x0000000082a00000, 0x0000000082a00000, 0x0000000082b00000|  0%| F|  |TAMS 0x0000000082a00000, 0x0000000082a00000| Untracked 
|  43|0x0000000082b00000, 0x0000000082b00000, 0x0000000082c00000|  0%| F|  |TAMS 0x0000000082b00000, 0x0000000082b00000| Untracked 
|  44|0x0000000082c00000, 0x0000000082c00000, 0x0000000082d00000|  0%| F|  |TAMS 0x0000000082c00000, 0x0000000082c00000| Untracked 
|  45|0x0000000082d00000, 0x0000000082d00000, 0x0000000082e00000|  0%| F|  |TAMS 0x0000000082d00000, 0x0000000082d00000| Untracked 
|  46|0x0000000082e00000, 0x0000000082e00000, 0x0000000082f00000|  0%| F|  |TAMS 0x0000000082e00000, 0x0000000082e00000| Untracked 
|  47|0x0000000082f00000, 0x0000000082f00000, 0x0000000083000000|  0%| F|  |TAMS 0x0000000082f00000, 0x0000000082f00000| Untracked 
|  48|0x0000000083000000, 0x0000000083000000, 0x0000000083100000|  0%| F|  |TAMS 0x0000000083000000, 0x0000000083000000| Untracked 
|  49|0x0000000083100000, 0x0000000083100000, 0x0000000083200000|  0%| F|  |TAMS 0x0000000083100000, 0x0000000083100000| Untracked 
|  50|0x0000000083200000, 0x0000000083200000, 0x0000000083300000|  0%| F|  |TAMS 0x0000000083200000, 0x0000000083200000| Untracked 
|  51|0x0000000083300000, 0x0000000083300000, 0x0000000083400000|  0%| F|  |TAMS 0x0000000083300000, 0x0000000083300000| Untracked 
|  52|0x0000000083400000, 0x0000000083400000, 0x0000000083500000|  0%| F|  |TAMS 0x0000000083400000, 0x0000000083400000| Untracked 
|  53|0x0000000083500000, 0x0000000083500000, 0x0000000083600000|  0%| F|  |TAMS 0x0000000083500000, 0x0000000083500000| Untracked 
|  54|0x0000000083600000, 0x0000000083600000, 0x0000000083700000|  0%| F|  |TAMS 0x0000000083600000, 0x0000000083600000| Untracked 
|  55|0x0000000083700000, 0x0000000083700000, 0x0000000083800000|  0%| F|  |TAMS 0x0000000083700000, 0x0000000083700000| Untracked 
|  56|0x0000000083800000, 0x0000000083800000, 0x0000000083900000|  0%| F|  |TAMS 0x0000000083800000, 0x0000000083800000| Untracked 
|  57|0x0000000083900000, 0x0000000083900000, 0x0000000083a00000|  0%| F|  |TAMS 0x0000000083900000, 0x0000000083900000| Untracked 
|  58|0x0000000083a00000, 0x0000000083a00000, 0x0000000083b00000|  0%| F|  |TAMS 0x0000000083a00000, 0x0000000083a00000| Untracked 
|  59|0x0000000083b00000, 0x0000000083b00000, 0x0000000083c00000|  0%| F|  |TAMS 0x0000000083b00000, 0x0000000083b00000| Untracked 
|  60|0x0000000083c00000, 0x0000000083c00000, 0x0000000083d00000|  0%| F|  |TAMS 0x0000000083c00000, 0x0000000083c00000| Untracked 
|  61|0x0000000083d00000, 0x0000000083d00000, 0x0000000083e00000|  0%| F|  |TAMS 0x0000000083d00000, 0x0000000083d00000| Untracked 
|  62|0x0000000083e00000, 0x0000000083e00000, 0x0000000083f00000|  0%| F|  |TAMS 0x0000000083e00000, 0x0000000083e00000| Untracked 
|  63|0x0000000083f00000, 0x0000000083f00000, 0x0000000084000000|  0%| F|  |TAMS 0x0000000083f00000, 0x0000000083f00000| Untracked 
|  64|0x0000000084000000, 0x0000000084000000, 0x0000000084100000|  0%| F|  |TAMS 0x0000000084000000, 0x0000000084000000| Untracked 
|  65|0x0000000084100000, 0x0000000084100000, 0x0000000084200000|  0%| F|  |TAMS 0x0000000084100000, 0x0000000084100000| Untracked 
|  66|0x0000000084200000, 0x0000000084200000, 0x0000000084300000|  0%| F|  |TAMS 0x0000000084200000, 0x0000000084200000| Untracked 
|  67|0x0000000084300000, 0x0000000084300000, 0x0000000084400000|  0%| F|  |TAMS 0x0000000084300000, 0x0000000084300000| Untracked 
|  68|0x0000000084400000, 0x0000000084400000, 0x0000000084500000|  0%| F|  |TAMS 0x0000000084400000, 0x0000000084400000| Untracked 
|  69|0x0000000084500000, 0x0000000084500000, 0x0000000084600000|  0%| F|  |TAMS 0x0000000084500000, 0x0000000084500000| Untracked 
|  70|0x0000000084600000, 0x0000000084600000, 0x0000000084700000|  0%| F|  |TAMS 0x0000000084600000, 0x0000000084600000| Untracked 
|  71|0x0000000084700000, 0x0000000084700000, 0x0000000084800000|  0%| F|  |TAMS 0x0000000084700000, 0x0000000084700000| Untracked 
|  72|0x0000000084800000, 0x0000000084800000, 0x0000000084900000|  0%| F|  |TAMS 0x0000000084800000, 0x0000000084800000| Untracked 
|  73|0x0000000084900000, 0x0000000084900000, 0x0000000084a00000|  0%| F|  |TAMS 0x0000000084900000, 0x0000000084900000| Untracked 
|  74|0x0000000084a00000, 0x0000000084a00000, 0x0000000084b00000|  0%| F|  |TAMS 0x0000000084a00000, 0x0000000084a00000| Untracked 
|  75|0x0000000084b00000, 0x0000000084b00000, 0x0000000084c00000|  0%| F|  |TAMS 0x0000000084b00000, 0x0000000084b00000| Untracked 
|  76|0x0000000084c00000, 0x0000000084c00000, 0x0000000084d00000|  0%| F|  |TAMS 0x0000000084c00000, 0x0000000084c00000| Untracked 
|  77|0x0000000084d00000, 0x0000000084d00000, 0x0000000084e00000|  0%| F|  |TAMS 0x0000000084d00000, 0x0000000084d00000| Untracked 
|  78|0x0000000084e00000, 0x0000000084e00000, 0x0000000084f00000|  0%| F|  |TAMS 0x0000000084e00000, 0x0000000084e00000| Untracked 
|  79|0x0000000084f00000, 0x0000000084f00000, 0x0000000085000000|  0%| F|  |TAMS 0x0000000084f00000, 0x0000000084f00000| Untracked 
|  80|0x0000000085000000, 0x0000000085000000, 0x0000000085100000|  0%| F|  |TAMS 0x0000000085000000, 0x0000000085000000| Untracked 
|  81|0x0000000085100000, 0x0000000085100000, 0x0000000085200000|  0%| F|  |TAMS 0x0000000085100000, 0x0000000085100000| Untracked 
|  82|0x0000000085200000, 0x0000000085200000, 0x0000000085300000|  0%| F|  |TAMS 0x0000000085200000, 0x0000000085200000| Untracked 
|  83|0x0000000085300000, 0x0000000085300000, 0x0000000085400000|  0%| F|  |TAMS 0x0000000085300000, 0x0000000085300000| Untracked 
|  84|0x0000000085400000, 0x0000000085400000, 0x0000000085500000|  0%| F|  |TAMS 0x0000000085400000, 0x0000000085400000| Untracked 
|  85|0x0000000085500000, 0x0000000085500000, 0x0000000085600000|  0%| F|  |TAMS 0x0000000085500000, 0x0000000085500000| Untracked 
|  86|0x0000000085600000, 0x0000000085600000, 0x0000000085700000|  0%| F|  |TAMS 0x0000000085600000, 0x0000000085600000| Untracked 
|  87|0x0000000085700000, 0x0000000085700000, 0x0000000085800000|  0%| F|  |TAMS 0x0000000085700000, 0x0000000085700000| Untracked 
|  88|0x0000000085800000, 0x0000000085800000, 0x0000000085900000|  0%| F|  |TAMS 0x0000000085800000, 0x0000000085800000| Untracked 
|  89|0x0000000085900000, 0x0000000085900000, 0x0000000085a00000|  0%| F|  |TAMS 0x0000000085900000, 0x0000000085900000| Untracked 
|  90|0x0000000085a00000, 0x0000000085a00000, 0x0000000085b00000|  0%| F|  |TAMS 0x0000000085a00000, 0x0000000085a00000| Untracked 
|  91|0x0000000085b00000, 0x0000000085b00000, 0x0000000085c00000|  0%| F|  |TAMS 0x0000000085b00000, 0x0000000085b00000| Untracked 
|  92|0x0000000085c00000, 0x0000000085c00000, 0x0000000085d00000|  0%| F|  |TAMS 0x0000000085c00000, 0x0000000085c00000| Untracked 
|  93|0x0000000085d00000, 0x0000000085d00000, 0x0000000085e00000|  0%| F|  |TAMS 0x0000000085d00000, 0x0000000085d00000| Untracked 
|  94|0x0000000085e00000, 0x0000000085e00000, 0x0000000085f00000|  0%| F|  |TAMS 0x0000000085e00000, 0x0000000085e00000| Untracked 
|  95|0x0000000085f00000, 0x0000000085f00000, 0x0000000086000000|  0%| F|  |TAMS 0x0000000085f00000, 0x0000000085f00000| Untracked 
|  96|0x0000000086000000, 0x0000000086000000, 0x0000000086100000|  0%| F|  |TAMS 0x0000000086000000, 0x0000000086000000| Untracked 
|  97|0x0000000086100000, 0x0000000086100000, 0x0000000086200000|  0%| F|  |TAMS 0x0000000086100000, 0x0000000086100000| Untracked 
|  98|0x0000000086200000, 0x0000000086200000, 0x0000000086300000|  0%| F|  |TAMS 0x0000000086200000, 0x0000000086200000| Untracked 
|  99|0x0000000086300000, 0x0000000086300000, 0x0000000086400000|  0%| F|  |TAMS 0x0000000086300000, 0x0000000086300000| Untracked 
| 100|0x0000000086400000, 0x0000000086400000, 0x0000000086500000|  0%| F|  |TAMS 0x0000000086400000, 0x0000000086400000| Untracked 
| 101|0x0000000086500000, 0x0000000086500000, 0x0000000086600000|  0%| F|  |TAMS 0x0000000086500000, 0x0000000086500000| Untracked 
| 102|0x0000000086600000, 0x0000000086600000, 0x0000000086700000|  0%| F|  |TAMS 0x0000000086600000, 0x0000000086600000| Untracked 
| 103|0x0000000086700000, 0x0000000086700000, 0x0000000086800000|  0%| F|  |TAMS 0x0000000086700000, 0x0000000086700000| Untracked 
| 104|0x0000000086800000, 0x0000000086800000, 0x0000000086900000|  0%| F|  |TAMS 0x0000000086800000, 0x0000000086800000| Untracked 
| 105|0x0000000086900000, 0x0000000086900000, 0x0000000086a00000|  0%| F|  |TAMS 0x0000000086900000, 0x0000000086900000| Untracked 
| 106|0x0000000086a00000, 0x0000000086a00000, 0x0000000086b00000|  0%| F|  |TAMS 0x0000000086a00000, 0x0000000086a00000| Untracked 
| 107|0x0000000086b00000, 0x0000000086b00000, 0x0000000086c00000|  0%| F|  |TAMS 0x0000000086b00000, 0x0000000086b00000| Untracked 
| 108|0x0000000086c00000, 0x0000000086c00000, 0x0000000086d00000|  0%| F|  |TAMS 0x0000000086c00000, 0x0000000086c00000| Untracked 
| 109|0x0000000086d00000, 0x0000000086d00000, 0x0000000086e00000|  0%| F|  |TAMS 0x0000000086d00000, 0x0000000086d00000| Untracked 
| 110|0x0000000086e00000, 0x0000000086e00000, 0x0000000086f00000|  0%| F|  |TAMS 0x0000000086e00000, 0x0000000086e00000| Untracked 
| 111|0x0000000086f00000, 0x0000000086f00000, 0x0000000087000000|  0%| F|  |TAMS 0x0000000086f00000, 0x0000000086f00000| Untracked 
| 112|0x0000000087000000, 0x0000000087000000, 0x0000000087100000|  0%| F|  |TAMS 0x0000000087000000, 0x0000000087000000| Untracked 
| 113|0x0000000087100000, 0x0000000087100000, 0x0000000087200000|  0%| F|  |TAMS 0x0000000087100000, 0x0000000087100000| Untracked 
| 114|0x0000000087200000, 0x0000000087200000, 0x0000000087300000|  0%| F|  |TAMS 0x0000000087200000, 0x0000000087200000| Untracked 
| 115|0x0000000087300000, 0x0000000087300000, 0x0000000087400000|  0%| F|  |TAMS 0x0000000087300000, 0x0000000087300000| Untracked 
| 116|0x0000000087400000, 0x0000000087400000, 0x0000000087500000|  0%| F|  |TAMS 0x0000000087400000, 0x0000000087400000| Untracked 
| 117|0x0000000087500000, 0x0000000087500000, 0x0000000087600000|  0%| F|  |TAMS 0x0000000087500000, 0x0000000087500000| Untracked 
| 118|0x0000000087600000, 0x0000000087600000, 0x0000000087700000|  0%| F|  |TAMS 0x0000000087600000, 0x0000000087600000| Untracked 
| 119|0x0000000087700000, 0x0000000087700000, 0x0000000087800000|  0%| F|  |TAMS 0x0000000087700000, 0x0000000087700000| Untracked 
| 120|0x0000000087800000, 0x0000000087800000, 0x0000000087900000|  0%| F|  |TAMS 0x0000000087800000, 0x0000000087800000| Untracked 
| 121|0x0000000087900000, 0x0000000087900000, 0x0000000087a00000|  0%| F|  |TAMS 0x0000000087900000, 0x0000000087900000| Untracked 
| 122|0x0000000087a00000, 0x0000000087a00000, 0x0000000087b00000|  0%| F|  |TAMS 0x0000000087a00000, 0x0000000087a00000| Untracked 
| 123|0x0000000087b00000, 0x0000000087b00000, 0x0000000087c00000|  0%| F|  |TAMS 0x0000000087b00000, 0x0000000087b00000| Untracked 
| 124|0x0000000087c00000, 0x0000000087c00000, 0x0000000087d00000|  0%| F|  |TAMS 0x0000000087c00000, 0x0000000087c00000| Untracked 
| 125|0x0000000087d00000, 0x0000000087d00000, 0x0000000087e00000|  0%| F|  |TAMS 0x0000000087d00000, 0x0000000087d00000| Untracked 
| 126|0x0000000087e00000, 0x0000000087e00000, 0x0000000087f00000|  0%| F|  |TAMS 0x0000000087e00000, 0x0000000087e00000| Untracked 
| 127|0x0000000087f00000, 0x0000000087f00000, 0x0000000088000000|  0%| F|  |TAMS 0x0000000087f00000, 0x0000000087f00000| Untracked 
| 128|0x0000000088000000, 0x0000000088000000, 0x0000000088100000|  0%| F|  |TAMS 0x0000000088000000, 0x0000000088000000| Untracked 
| 129|0x0000000088100000, 0x0000000088100000, 0x0000000088200000|  0%| F|  |TAMS 0x0000000088100000, 0x0000000088100000| Untracked 
| 130|0x0000000088200000, 0x0000000088200000, 0x0000000088300000|  0%| F|  |TAMS 0x0000000088200000, 0x0000000088200000| Untracked 
| 131|0x0000000088300000, 0x0000000088300000, 0x0000000088400000|  0%| F|  |TAMS 0x0000000088300000, 0x0000000088300000| Untracked 
| 132|0x0000000088400000, 0x0000000088400000, 0x0000000088500000|  0%| F|  |TAMS 0x0000000088400000, 0x0000000088400000| Untracked 
| 133|0x0000000088500000, 0x0000000088500000, 0x0000000088600000|  0%| F|  |TAMS 0x0000000088500000, 0x0000000088500000| Untracked 
| 134|0x0000000088600000, 0x0000000088600000, 0x0000000088700000|  0%| F|  |TAMS 0x0000000088600000, 0x0000000088600000| Untracked 
| 135|0x0000000088700000, 0x0000000088700000, 0x0000000088800000|  0%| F|  |TAMS 0x0000000088700000, 0x0000000088700000| Untracked 
| 136|0x0000000088800000, 0x0000000088800000, 0x0000000088900000|  0%| F|  |TAMS 0x0000000088800000, 0x0000000088800000| Untracked 
| 137|0x0000000088900000, 0x0000000088900000, 0x0000000088a00000|  0%| F|  |TAMS 0x0000000088900000, 0x0000000088900000| Untracked 
| 138|0x0000000088a00000, 0x0000000088a00000, 0x0000000088b00000|  0%| F|  |TAMS 0x0000000088a00000, 0x0000000088a00000| Untracked 
| 139|0x0000000088b00000, 0x0000000088b00000, 0x0000000088c00000|  0%| F|  |TAMS 0x0000000088b00000, 0x0000000088b00000| Untracked 
| 140|0x0000000088c00000, 0x0000000088c00000, 0x0000000088d00000|  0%| F|  |TAMS 0x0000000088c00000, 0x0000000088c00000| Untracked 
| 141|0x0000000088d00000, 0x0000000088d00000, 0x0000000088e00000|  0%| F|  |TAMS 0x0000000088d00000, 0x0000000088d00000| Untracked 
| 142|0x0000000088e00000, 0x0000000088e00000, 0x0000000088f00000|  0%| F|  |TAMS 0x0000000088e00000, 0x0000000088e00000| Untracked 
| 143|0x0000000088f00000, 0x0000000088f00000, 0x0000000089000000|  0%| F|  |TAMS 0x0000000088f00000, 0x0000000088f00000| Untracked 
| 144|0x0000000089000000, 0x0000000089000000, 0x0000000089100000|  0%| F|  |TAMS 0x0000000089000000, 0x0000000089000000| Untracked 
| 145|0x0000000089100000, 0x0000000089100000, 0x0000000089200000|  0%| F|  |TAMS 0x0000000089100000, 0x0000000089100000| Untracked 
| 146|0x0000000089200000, 0x0000000089200000, 0x0000000089300000|  0%| F|  |TAMS 0x0000000089200000, 0x0000000089200000| Untracked 
| 147|0x0000000089300000, 0x0000000089300000, 0x0000000089400000|  0%| F|  |TAMS 0x0000000089300000, 0x0000000089300000| Untracked 
| 148|0x0000000089400000, 0x0000000089400000, 0x0000000089500000|  0%| F|  |TAMS 0x0000000089400000, 0x0000000089400000| Untracked 
| 149|0x0000000089500000, 0x0000000089500000, 0x0000000089600000|  0%| F|  |TAMS 0x0000000089500000, 0x0000000089500000| Untracked 
| 150|0x0000000089600000, 0x0000000089600000, 0x0000000089700000|  0%| F|  |TAMS 0x0000000089600000, 0x0000000089600000| Untracked 
| 151|0x0000000089700000, 0x0000000089700000, 0x0000000089800000|  0%| F|  |TAMS 0x0000000089700000, 0x0000000089700000| Untracked 
| 152|0x0000000089800000, 0x0000000089800000, 0x0000000089900000|  0%| F|  |TAMS 0x0000000089800000, 0x0000000089800000| Untracked 
| 153|0x0000000089900000, 0x0000000089900000, 0x0000000089a00000|  0%| F|  |TAMS 0x0000000089900000, 0x0000000089900000| Untracked 
| 154|0x0000000089a00000, 0x0000000089a00000, 0x0000000089b00000|  0%| F|  |TAMS 0x0000000089a00000, 0x0000000089a00000| Untracked 
| 155|0x0000000089b00000, 0x0000000089b00000, 0x0000000089c00000|  0%| F|  |TAMS 0x0000000089b00000, 0x0000000089b00000| Untracked 
| 156|0x0000000089c00000, 0x0000000089c00000, 0x0000000089d00000|  0%| F|  |TAMS 0x0000000089c00000, 0x0000000089c00000| Untracked 
| 157|0x0000000089d00000, 0x0000000089d00000, 0x0000000089e00000|  0%| F|  |TAMS 0x0000000089d00000, 0x0000000089d00000| Untracked 
| 158|0x0000000089e00000, 0x0000000089e00000, 0x0000000089f00000|  0%| F|  |TAMS 0x0000000089e00000, 0x0000000089e00000| Untracked 
| 159|0x0000000089f00000, 0x0000000089f00000, 0x000000008a000000|  0%| F|  |TAMS 0x0000000089f00000, 0x0000000089f00000| Untracked 
| 160|0x000000008a000000, 0x000000008a000000, 0x000000008a100000|  0%| F|  |TAMS 0x000000008a000000, 0x000000008a000000| Untracked 
| 161|0x000000008a100000, 0x000000008a100000, 0x000000008a200000|  0%| F|  |TAMS 0x000000008a100000, 0x000000008a100000| Untracked 
| 162|0x000000008a200000, 0x000000008a200000, 0x000000008a300000|  0%| F|  |TAMS 0x000000008a200000, 0x000000008a200000| Untracked 
| 163|0x000000008a300000, 0x000000008a300000, 0x000000008a400000|  0%| F|  |TAMS 0x000000008a300000, 0x000000008a300000| Untracked 
| 164|0x000000008a400000, 0x000000008a400000, 0x000000008a500000|  0%| F|  |TAMS 0x000000008a400000, 0x000000008a400000| Untracked 
| 165|0x000000008a500000, 0x000000008a500000, 0x000000008a600000|  0%| F|  |TAMS 0x000000008a500000, 0x000000008a500000| Untracked 
| 166|0x000000008a600000, 0x000000008a600000, 0x000000008a700000|  0%| F|  |TAMS 0x000000008a600000, 0x000000008a600000| Untracked 
| 167|0x000000008a700000, 0x000000008a700000, 0x000000008a800000|  0%| F|  |TAMS 0x000000008a700000, 0x000000008a700000| Untracked 
| 168|0x000000008a800000, 0x000000008a800000, 0x000000008a900000|  0%| F|  |TAMS 0x000000008a800000, 0x000000008a800000| Untracked 
| 169|0x000000008a900000, 0x000000008a900000, 0x000000008aa00000|  0%| F|  |TAMS 0x000000008a900000, 0x000000008a900000| Untracked 
| 170|0x000000008aa00000, 0x000000008aa00000, 0x000000008ab00000|  0%| F|  |TAMS 0x000000008aa00000, 0x000000008aa00000| Untracked 
| 171|0x000000008ab00000, 0x000000008ab00000, 0x000000008ac00000|  0%| F|  |TAMS 0x000000008ab00000, 0x000000008ab00000| Untracked 
| 172|0x000000008ac00000, 0x000000008ac00000, 0x000000008ad00000|  0%| F|  |TAMS 0x000000008ac00000, 0x000000008ac00000| Untracked 
| 173|0x000000008ad00000, 0x000000008ad00000, 0x000000008ae00000|  0%| F|  |TAMS 0x000000008ad00000, 0x000000008ad00000| Untracked 
| 174|0x000000008ae00000, 0x000000008ae00000, 0x000000008af00000|  0%| F|  |TAMS 0x000000008ae00000, 0x000000008ae00000| Untracked 
| 175|0x000000008af00000, 0x000000008af00000, 0x000000008b000000|  0%| F|  |TAMS 0x000000008af00000, 0x000000008af00000| Untracked 
| 176|0x000000008b000000, 0x000000008b000000, 0x000000008b100000|  0%| F|  |TAMS 0x000000008b000000, 0x000000008b000000| Untracked 
| 177|0x000000008b100000, 0x000000008b100000, 0x000000008b200000|  0%| F|  |TAMS 0x000000008b100000, 0x000000008b100000| Untracked 
| 178|0x000000008b200000, 0x000000008b200000, 0x000000008b300000|  0%| F|  |TAMS 0x000000008b200000, 0x000000008b200000| Untracked 
| 179|0x000000008b300000, 0x000000008b300000, 0x000000008b400000|  0%| F|  |TAMS 0x000000008b300000, 0x000000008b300000| Untracked 
| 180|0x000000008b400000, 0x000000008b400000, 0x000000008b500000|  0%| F|  |TAMS 0x000000008b400000, 0x000000008b400000| Untracked 
| 181|0x000000008b500000, 0x000000008b500000, 0x000000008b600000|  0%| F|  |TAMS 0x000000008b500000, 0x000000008b500000| Untracked 
| 182|0x000000008b600000, 0x000000008b600000, 0x000000008b700000|  0%| F|  |TAMS 0x000000008b600000, 0x000000008b600000| Untracked 
| 183|0x000000008b700000, 0x000000008b700000, 0x000000008b800000|  0%| F|  |TAMS 0x000000008b700000, 0x000000008b700000| Untracked 
| 184|0x000000008b800000, 0x000000008b800000, 0x000000008b900000|  0%| F|  |TAMS 0x000000008b800000, 0x000000008b800000| Untracked 
| 185|0x000000008b900000, 0x000000008b900000, 0x000000008ba00000|  0%| F|  |TAMS 0x000000008b900000, 0x000000008b900000| Untracked 
| 186|0x000000008ba00000, 0x000000008ba00000, 0x000000008bb00000|  0%| F|  |TAMS 0x000000008ba00000, 0x000000008ba00000| Untracked 
| 187|0x000000008bb00000, 0x000000008bb00000, 0x000000008bc00000|  0%| F|  |TAMS 0x000000008bb00000, 0x000000008bb00000| Untracked 
| 188|0x000000008bc00000, 0x000000008bc00000, 0x000000008bd00000|  0%| F|  |TAMS 0x000000008bc00000, 0x000000008bc00000| Untracked 
| 189|0x000000008bd00000, 0x000000008bd80c50, 0x000000008be00000| 50%| E|  |TAMS 0x000000008bd00000, 0x000000008bd00000| Complete 
| 190|0x000000008be00000, 0x000000008bf00000, 0x000000008bf00000|100%| E|CS|TAMS 0x000000008be00000, 0x000000008be00000| Complete 
| 191|0x000000008bf00000, 0x000000008c000000, 0x000000008c000000|100%| E|CS|TAMS 0x000000008bf00000, 0x000000008bf00000| Complete 
| 192|0x000000008c000000, 0x000000008c100000, 0x000000008c100000|100%| E|CS|TAMS 0x000000008c000000, 0x000000008c000000| Complete 
| 193|0x000000008c100000, 0x000000008c200000, 0x000000008c200000|100%| E|CS|TAMS 0x000000008c100000, 0x000000008c100000| Complete 
| 194|0x000000008c200000, 0x000000008c300000, 0x000000008c300000|100%| E|CS|TAMS 0x000000008c200000, 0x000000008c200000| Complete 
| 195|0x000000008c300000, 0x000000008c400000, 0x000000008c400000|100%| E|CS|TAMS 0x000000008c300000, 0x000000008c300000| Complete 
| 196|0x000000008c400000, 0x000000008c500000, 0x000000008c500000|100%| E|CS|TAMS 0x000000008c400000, 0x000000008c400000| Complete 
| 197|0x000000008c500000, 0x000000008c600000, 0x000000008c600000|100%| E|CS|TAMS 0x000000008c500000, 0x000000008c500000| Complete 
| 198|0x000000008c600000, 0x000000008c700000, 0x000000008c700000|100%| E|CS|TAMS 0x000000008c600000, 0x000000008c600000| Complete 
| 199|0x000000008c700000, 0x000000008c800000, 0x000000008c800000|100%| E|CS|TAMS 0x000000008c700000, 0x000000008c700000| Complete 
| 200|0x000000008c800000, 0x000000008c900000, 0x000000008c900000|100%| E|CS|TAMS 0x000000008c800000, 0x000000008c800000| Complete 
| 201|0x000000008c900000, 0x000000008ca00000, 0x000000008ca00000|100%| E|CS|TAMS 0x000000008c900000, 0x000000008c900000| Complete 
| 202|0x000000008ca00000, 0x000000008cb00000, 0x000000008cb00000|100%| E|CS|TAMS 0x000000008ca00000, 0x000000008ca00000| Complete 
| 203|0x000000008cb00000, 0x000000008cc00000, 0x000000008cc00000|100%| E|CS|TAMS 0x000000008cb00000, 0x000000008cb00000| Complete 
| 204|0x000000008cc00000, 0x000000008cd00000, 0x000000008cd00000|100%| E|CS|TAMS 0x000000008cc00000, 0x000000008cc00000| Complete 
| 205|0x000000008cd00000, 0x000000008ce00000, 0x000000008ce00000|100%| E|CS|TAMS 0x000000008cd00000, 0x000000008cd00000| Complete 
| 206|0x000000008ce00000, 0x000000008cf00000, 0x000000008cf00000|100%| E|CS|TAMS 0x000000008ce00000, 0x000000008ce00000| Complete 
| 207|0x000000008cf00000, 0x000000008d000000, 0x000000008d000000|100%| E|CS|TAMS 0x000000008cf00000, 0x000000008cf00000| Complete 
| 208|0x000000008d000000, 0x000000008d100000, 0x000000008d100000|100%| E|CS|TAMS 0x000000008d000000, 0x000000008d000000| Complete 
| 209|0x000000008d100000, 0x000000008d200000, 0x000000008d200000|100%| E|CS|TAMS 0x000000008d100000, 0x000000008d100000| Complete 
| 210|0x000000008d200000, 0x000000008d300000, 0x000000008d300000|100%| E|CS|TAMS 0x000000008d200000, 0x000000008d200000| Complete 
| 211|0x000000008d300000, 0x000000008d400000, 0x000000008d400000|100%| E|CS|TAMS 0x000000008d300000, 0x000000008d300000| Complete 
| 212|0x000000008d400000, 0x000000008d500000, 0x000000008d500000|100%| E|CS|TAMS 0x000000008d400000, 0x000000008d400000| Complete 
| 213|0x000000008d500000, 0x000000008d600000, 0x000000008d600000|100%| E|CS|TAMS 0x000000008d500000, 0x000000008d500000| Complete 
| 214|0x000000008d600000, 0x000000008d700000, 0x000000008d700000|100%| E|CS|TAMS 0x000000008d600000, 0x000000008d600000| Complete 
| 215|0x000000008d700000, 0x000000008d800000, 0x000000008d800000|100%| E|CS|TAMS 0x000000008d700000, 0x000000008d700000| Complete 
| 216|0x000000008d800000, 0x000000008d900000, 0x000000008d900000|100%| E|CS|TAMS 0x000000008d800000, 0x000000008d800000| Complete 
| 217|0x000000008d900000, 0x000000008da00000, 0x000000008da00000|100%| E|CS|TAMS 0x000000008d900000, 0x000000008d900000| Complete 
| 218|0x000000008da00000, 0x000000008db00000, 0x000000008db00000|100%| E|CS|TAMS 0x000000008da00000, 0x000000008da00000| Complete 
| 219|0x000000008db00000, 0x000000008dc00000, 0x000000008dc00000|100%| E|CS|TAMS 0x000000008db00000, 0x000000008db00000| Complete 
| 220|0x000000008dc00000, 0x000000008dd00000, 0x000000008dd00000|100%| E|CS|TAMS 0x000000008dc00000, 0x000000008dc00000| Complete 
| 221|0x000000008dd00000, 0x000000008de00000, 0x000000008de00000|100%| E|CS|TAMS 0x000000008dd00000, 0x000000008dd00000| Complete 
| 222|0x000000008de00000, 0x000000008df00000, 0x000000008df00000|100%| E|CS|TAMS 0x000000008de00000, 0x000000008de00000| Complete 
| 223|0x000000008df00000, 0x000000008e000000, 0x000000008e000000|100%| E|CS|TAMS 0x000000008df00000, 0x000000008df00000| Complete 
| 224|0x000000008e000000, 0x000000008e0f0868, 0x000000008e100000| 93%| S|CS|TAMS 0x000000008e000000, 0x000000008e000000| Complete 
| 225|0x000000008e100000, 0x000000008e200000, 0x000000008e200000|100%| E|CS|TAMS 0x000000008e100000, 0x000000008e100000| Complete 
| 226|0x000000008e200000, 0x000000008e300000, 0x000000008e300000|100%| E|CS|TAMS 0x000000008e200000, 0x000000008e200000| Complete 
| 227|0x000000008e300000, 0x000000008e400000, 0x000000008e400000|100%| E|CS|TAMS 0x000000008e300000, 0x000000008e300000| Complete 
| 228|0x000000008e400000, 0x000000008e500000, 0x000000008e500000|100%| E|CS|TAMS 0x000000008e400000, 0x000000008e400000| Complete 
| 229|0x000000008e500000, 0x000000008e600000, 0x000000008e600000|100%| E|CS|TAMS 0x000000008e500000, 0x000000008e500000| Complete 
| 230|0x000000008e600000, 0x000000008e700000, 0x000000008e700000|100%| E|CS|TAMS 0x000000008e600000, 0x000000008e600000| Complete 
| 231|0x000000008e700000, 0x000000008e800000, 0x000000008e800000|100%| E|CS|TAMS 0x000000008e700000, 0x000000008e700000| Complete 
| 232|0x000000008e800000, 0x000000008e900000, 0x000000008e900000|100%| E|CS|TAMS 0x000000008e800000, 0x000000008e800000| Complete 
| 233|0x000000008e900000, 0x000000008ea00000, 0x000000008ea00000|100%| E|CS|TAMS 0x000000008e900000, 0x000000008e900000| Complete 
| 234|0x000000008ea00000, 0x000000008eb00000, 0x000000008eb00000|100%| E|CS|TAMS 0x000000008ea00000, 0x000000008ea00000| Complete 
| 235|0x000000008eb00000, 0x000000008ec00000, 0x000000008ec00000|100%| E|CS|TAMS 0x000000008eb00000, 0x000000008eb00000| Complete 
| 236|0x000000008ec00000, 0x000000008ed00000, 0x000000008ed00000|100%| E|CS|TAMS 0x000000008ec00000, 0x000000008ec00000| Complete 
| 237|0x000000008ed00000, 0x000000008ee00000, 0x000000008ee00000|100%| E|CS|TAMS 0x000000008ed00000, 0x000000008ed00000| Complete 
| 238|0x000000008ee00000, 0x000000008ef00000, 0x000000008ef00000|100%| E|CS|TAMS 0x000000008ee00000, 0x000000008ee00000| Complete 
| 239|0x000000008ef00000, 0x000000008f000000, 0x000000008f000000|100%| E|CS|TAMS 0x000000008ef00000, 0x000000008ef00000| Complete 
| 240|0x000000008f000000, 0x000000008f100000, 0x000000008f100000|100%| E|CS|TAMS 0x000000008f000000, 0x000000008f000000| Complete 
| 241|0x000000008f100000, 0x000000008f200000, 0x000000008f200000|100%| E|CS|TAMS 0x000000008f100000, 0x000000008f100000| Complete 
| 242|0x000000008f200000, 0x000000008f300000, 0x000000008f300000|100%| E|CS|TAMS 0x000000008f200000, 0x000000008f200000| Complete 
| 243|0x000000008f300000, 0x000000008f400000, 0x000000008f400000|100%| E|CS|TAMS 0x000000008f300000, 0x000000008f300000| Complete 
| 244|0x000000008f400000, 0x000000008f500000, 0x000000008f500000|100%| E|CS|TAMS 0x000000008f400000, 0x000000008f400000| Complete 
| 245|0x000000008f500000, 0x000000008f600000, 0x000000008f600000|100%| E|CS|TAMS 0x000000008f500000, 0x000000008f500000| Complete 
| 246|0x000000008f600000, 0x000000008f700000, 0x000000008f700000|100%| E|CS|TAMS 0x000000008f600000, 0x000000008f600000| Complete 
| 247|0x000000008f700000, 0x000000008f800000, 0x000000008f800000|100%| E|  |TAMS 0x000000008f700000, 0x000000008f700000| Complete 
| 248|0x000000008f800000, 0x000000008f900000, 0x000000008f900000|100%| E|CS|TAMS 0x000000008f800000, 0x000000008f800000| Complete 
| 249|0x000000008f900000, 0x000000008fa00000, 0x000000008fa00000|100%| E|CS|TAMS 0x000000008f900000, 0x000000008f900000| Complete 
| 250|0x000000008fa00000, 0x000000008fb00000, 0x000000008fb00000|100%| E|CS|TAMS 0x000000008fa00000, 0x000000008fa00000| Complete 
| 251|0x000000008fb00000, 0x000000008fc00000, 0x000000008fc00000|100%| E|CS|TAMS 0x000000008fb00000, 0x000000008fb00000| Complete 

Card table byte_map: [0x000002806e5a0000,0x000002806e9a0000] _byte_map_base: 0x000002806e1a0000

Marking Bits (Prev, Next): (CMBitMap*) 0x0000028056c78df0, (CMBitMap*) 0x0000028056c78e30
 Prev Bits: [0x000002806eda0000, 0x0000028070da0000)
 Next Bits: [0x0000028070da0000, 0x0000028072da0000)

Polling page: 0x0000028054bc0000

Metaspace:

Usage:
  Non-class:     12.72 MB capacity,    12.44 MB ( 98%) used,   263.47 KB (  2%) free+waste,    20.50 KB ( <1%) overhead. 
      Class:      2.09 MB capacity,     1.99 MB ( 95%) used,   101.45 KB (  5%) free+waste,     9.88 KB ( <1%) overhead. 
       Both:     14.82 MB capacity,    14.43 MB ( 97%) used,   364.91 KB (  2%) free+waste,    30.38 KB ( <1%) overhead. 

Virtual space:
  Non-class space:       14.00 MB reserved,      12.75 MB ( 91%) committed 
      Class space:        1.00 GB reserved,       2.12 MB ( <1%) committed 
             Both:        1.01 GB reserved,      14.88 MB (  1%) committed 

Chunk freelists:
   Non-Class:  29.00 KB
       Class:  0 bytes
        Both:  29.00 KB

MaxMetaspaceSize: 17179869184.00 GB
CompressedClassSpaceSize: 1.00 GB

CodeHeap 'non-profiled nmethods': size=120000Kb used=1025Kb max_used=1025Kb free=118975Kb
 bounds [0x0000028066940000, 0x0000028066bb0000, 0x000002806de70000]
CodeHeap 'profiled nmethods': size=120000Kb used=4015Kb max_used=4015Kb free=115984Kb
 bounds [0x000002805f410000, 0x000002805f800000, 0x0000028066940000]
CodeHeap 'non-nmethods': size=5760Kb used=1235Kb max_used=1253Kb free=4524Kb
 bounds [0x000002805ee70000, 0x000002805f0e0000, 0x000002805f410000]
 total_blobs=2551 nmethods=2052 adapters=412
 compilation: enabled
              stopped_count=0, restarted_count=0
 full_count=0

Compilation events (20 events):
Event: 1.775 Thread 0x00000280760ceac0 2032       3       java.lang.invoke.TypeConvertingMethodAdapter::convertType (299 bytes)
Event: 1.777 Thread 0x00000280760ceac0 nmethod 2032 0x000002805f7e9110 code [0x000002805f7e96e0, 0x000002805f7ec888]
Event: 1.777 Thread 0x00000280760ceac0 2035       3       sun.security.provider.MD5::HH (29 bytes)
Event: 1.777 Thread 0x00000280760ceac0 nmethod 2035 0x000002805f7ed910 code [0x000002805f7edaa0, 0x000002805f7edbb8]
Event: 1.777 Thread 0x00000280760ceac0 2036       3       sun.security.provider.MD5::II (31 bytes)
Event: 1.777 Thread 0x00000280760ceac0 nmethod 2036 0x000002805f7edc90 code [0x000002805f7ede20, 0x000002805f7edf38]
Event: 1.777 Thread 0x00000280760ceac0 2033       3       sun.security.provider.MD5::FF (33 bytes)
Event: 1.777 Thread 0x00000280760ceac0 nmethod 2033 0x000002805f7ee010 code [0x000002805f7ee1a0, 0x000002805f7ee2b8]
Event: 1.777 Thread 0x00000280760ceac0 2034       3       sun.security.provider.MD5::GG (33 bytes)
Event: 1.777 Thread 0x00000280760ceac0 nmethod 2034 0x000002805f7ee390 code [0x000002805f7ee520, 0x000002805f7ee638]
Event: 1.777 Thread 0x00000280760ceac0 2037       3       jdk.internal.org.objectweb.asm.MethodWriter::visitLdcInsn (215 bytes)
Event: 1.778 Thread 0x00000280760ceac0 nmethod 2037 0x000002805f7ee710 code [0x000002805f7ee980, 0x000002805f7ef408]
Event: 1.778 Thread 0x00000280760ceac0 2038       3       jdk.internal.org.objectweb.asm.SymbolTable::addConstant (330 bytes)
Event: 1.779 Thread 0x00000280760ceac0 nmethod 2038 0x000002805f7ef890 code [0x000002805f7efe20, 0x000002805f7f31c8]
Event: 1.779 Thread 0x00000280760ceac0 2039       3       java.util.Collections::emptySet (4 bytes)
Event: 1.779 Thread 0x00000280760ceac0 nmethod 2039 0x000002805f7f3c90 code [0x000002805f7f3e20, 0x000002805f7f3f18]
Event: 1.779 Thread 0x00000280760ceac0 2040       3       java.lang.StringBuilder::append (8 bytes)
Event: 1.779 Thread 0x00000280760ceac0 nmethod 2040 0x000002805f7f3f90 code [0x000002805f7f4140, 0x000002805f7f4288]
Event: 1.779 Thread 0x00000280760ceac0 2041       3       java.lang.AbstractStringBuilder::append (54 bytes)
Event: 1.779 Thread 0x00000280760ceac0 nmethod 2041 0x000002805f7f4310 code [0x000002805f7f4520, 0x000002805f7f4e68]

GC Heap History (4 events):
Event: 0.539 GC heap before
{Heap before GC invocations=0 (full 0):
 garbage-first heap   total 258048K, used 28672K [0x0000000080000000, 0x0000000100000000)
  region size 1024K, 23 young (23552K), 0 survivors (0K)
 Metaspace       used 3397K, capacity 6224K, committed 6400K, reserved 1056768K
  class space    used 429K, capacity 708K, committed 768K, reserved 1048576K
}
Event: 0.542 GC heap after
{Heap after GC invocations=1 (full 0):
 garbage-first heap   total 258048K, used 9587K [0x0000000080000000, 0x0000000100000000)
  region size 1024K, 3 young (3072K), 3 survivors (3072K)
 Metaspace       used 3397K, capacity 6224K, committed 6400K, reserved 1056768K
  class space    used 429K, capacity 708K, committed 768K, reserved 1048576K
}
Event: 0.773 GC heap before
{Heap before GC invocations=1 (full 0):
 garbage-first heap   total 258048K, used 34163K [0x0000000080000000, 0x0000000100000000)
  region size 1024K, 27 young (27648K), 3 survivors (3072K)
 Metaspace       used 4344K, capacity 6739K, committed 7040K, reserved 1056768K
  class space    used 524K, capacity 773K, committed 896K, reserved 1048576K
}
Event: 0.775 GC heap after
{Heap after GC invocations=2 (full 0):
 garbage-first heap   total 258048K, used 10609K [0x0000000080000000, 0x0000000100000000)
  region size 1024K, 1 young (1024K), 1 survivors (1024K)
 Metaspace       used 4344K, capacity 6739K, committed 7040K, reserved 1056768K
  class space    used 524K, capacity 773K, committed 896K, reserved 1048576K
}

Deoptimization events (20 events):
Event: 1.676 Thread 0x0000028077b75990 Uncommon trap: trap_request=0xffffff45 fr.pc=0x0000028066959888 relative=0x00000000000005a8
Event: 1.676 Thread 0x0000028077b75990 Uncommon trap: reason=unstable_if action=reinterpret pc=0x0000028066959888 method=java.util.regex.Matcher.match(II)Z @ 76 c2
Event: 1.676 Thread 0x0000028077b75990 DEOPT PACKING pc=0x0000028066959888 sp=0x0000008075ef8a60
Event: 1.676 Thread 0x0000028077b75990 DEOPT UNPACKING pc=0x000002805ee7852f sp=0x0000008075ef8a20 mode 2
Event: 1.707 Thread 0x00000280776cba90 Uncommon trap: trap_request=0xffffffc6 fr.pc=0x0000028066a24af4 relative=0x0000000000001c34
Event: 1.707 Thread 0x00000280776cba90 Uncommon trap: reason=bimorphic_or_optimized_type_check action=maybe_recompile pc=0x0000028066a24af4 method=java.util.HashMap.putVal(ILjava/lang/Object;Ljava/lang/Object;ZZ)Ljava/lang/Object; @ 91 c2
Event: 1.707 Thread 0x00000280776cba90 DEOPT PACKING pc=0x0000028066a24af4 sp=0x00000080763fe940
Event: 1.707 Thread 0x00000280776cba90 DEOPT UNPACKING pc=0x000002805ee7852f sp=0x00000080763fe8e0 mode 2
Event: 1.720 Thread 0x0000028077b75990 Uncommon trap: trap_request=0xffffffc6 fr.pc=0x00000280669b0024 relative=0x0000000000000084
Event: 1.720 Thread 0x0000028077b75990 Uncommon trap: reason=bimorphic_or_optimized_type_check action=maybe_recompile pc=0x00000280669b0024 method=java.util.AbstractList$Itr.hasNext()Z @ 8 c2
Event: 1.720 Thread 0x0000028077b75990 DEOPT PACKING pc=0x00000280669b0024 sp=0x0000008075efa590
Event: 1.720 Thread 0x0000028077b75990 DEOPT UNPACKING pc=0x000002805ee7852f sp=0x0000008075efa528 mode 2
Event: 1.720 Thread 0x0000028077b75990 Uncommon trap: trap_request=0xffffffc6 fr.pc=0x00000280669b03b4 relative=0x0000000000000114
Event: 1.720 Thread 0x0000028077b75990 Uncommon trap: reason=bimorphic_or_optimized_type_check action=maybe_recompile pc=0x00000280669b03b4 method=java.util.AbstractList$Itr.next()Ljava/lang/Object; @ 14 c2
Event: 1.720 Thread 0x0000028077b75990 DEOPT PACKING pc=0x00000280669b03b4 sp=0x0000008075efa580
Event: 1.720 Thread 0x0000028077b75990 DEOPT UNPACKING pc=0x000002805ee7852f sp=0x0000008075efa518 mode 2
Event: 1.720 Thread 0x0000028077b75990 Uncommon trap: trap_request=0xffffff45 fr.pc=0x00000280669ad0f8 relative=0x00000000000005b8
Event: 1.720 Thread 0x0000028077b75990 Uncommon trap: reason=unstable_if action=reinterpret pc=0x00000280669ad0f8 method=java.io.File.getName()Ljava/lang/String; @ 16 c2
Event: 1.720 Thread 0x0000028077b75990 DEOPT PACKING pc=0x00000280669ad0f8 sp=0x0000008075efb0a0
Event: 1.720 Thread 0x0000028077b75990 DEOPT UNPACKING pc=0x000002805ee7852f sp=0x0000008075efb070 mode 2

Classes unloaded (0 events):
No events

Classes redefined (0 events):
No events

Internal exceptions (20 events):
Event: 0.995 Thread 0x0000028056c38ff0 Exception <a 'java/lang/NoSuchMethodError'{0x000000008e606f08}: 'java.lang.Object java.lang.invoke.DirectMethodHandle$Holder.invokeStaticInit(java.lang.Object, java.lang.Object, java.lang.Object)'> (0x000000008e606f08) 
thrown [./open/src/hotspot/share/interpreter/linkResolver.cpp, line 782]
Event: 1.063 Thread 0x0000028056c38ff0 Exception <a 'java/lang/NoSuchMethodError'{0x000000008e1627e8}: 'void java.lang.invoke.DirectMethodHandle$Holder.invokeStatic(java.lang.Object, java.lang.Object)'> (0x000000008e1627e8) 
thrown [./open/src/hotspot/share/interpreter/linkResolver.cpp, line 782]
Event: 1.063 Thread 0x0000028056c38ff0 Exception <a 'java/lang/NoSuchMethodError'{0x000000008e1661f0}: 'void java.lang.invoke.DirectMethodHandle$Holder.invokeStaticInit(java.lang.Object, java.lang.Object)'> (0x000000008e1661f0) 
thrown [./open/src/hotspot/share/interpreter/linkResolver.cpp, line 782]
Event: 1.068 Thread 0x0000028056c38ff0 Exception <a 'java/lang/NoSuchMethodError'{0x000000008e1936c8}: 'java.lang.Object java.lang.invoke.DirectMethodHandle$Holder.invokeStaticInit(java.lang.Object, int, int, int, int)'> (0x000000008e1936c8) 
thrown [./open/src/hotspot/share/interpreter/linkResolver.cpp, line 782]
Event: 1.120 Thread 0x0000028056c38ff0 Exception <a 'java/lang/NoSuchMethodError'{0x000000008df57638}: 'java.lang.Object java.lang.invoke.DirectMethodHandle$Holder.invokeStaticInit(java.lang.Object, java.lang.Object, int, int, int, int)'> (0x000000008df57638) 
thrown [./open/src/hotspot/share/interpreter/linkResolver.cpp, line 782]
Event: 1.360 Thread 0x0000028056c38ff0 Exception <a 'java/lang/NoSuchMethodError'{0x000000008de7e9a8}: 'void java.lang.invoke.DirectMethodHandle$Holder.invokeStatic(java.lang.Object, java.lang.Object, java.lang.Object)'> (0x000000008de7e9a8) 
thrown [./open/src/hotspot/share/interpreter/linkResolver.cpp, line 782]
Event: 1.379 Thread 0x0000028056c38ff0 Exception <a 'java/io/IOException'{0x000000008dda6ec8}> (0x000000008dda6ec8) 
thrown [./open/src/hotspot/share/prims/jni.cpp, line 578]
Event: 1.420 Thread 0x0000028077dfed60 Exception <a 'java/lang/NoSuchMethodError'{0x000000008db580a8}: static Lorg/gradle/tooling/internal/provider/serialization/ClassLoaderDetails;.<clinit>()V> (0x000000008db580a8) 
thrown [./open/src/hotspot/share/prims/jni.cpp, line 1204]
Event: 1.421 Thread 0x0000028077dfed60 Exception <a 'java/lang/NoSuchMethodError'{0x000000008db6ede8}: static Lorg/gradle/internal/classloader/ClassLoaderSpec;.<clinit>()V> (0x000000008db6ede8) 
thrown [./open/src/hotspot/share/prims/jni.cpp, line 1204]
Event: 1.422 Thread 0x0000028077dfed60 Exception <a 'java/lang/NoSuchMethodError'{0x000000008db77f30}: static Lorg/gradle/tooling/internal/provider/serialization/WellKnownClassLoaderRegistry$KnownClassLoaderSpec;.<clinit>()V> (0x000000008db77f30) 
thrown [./open/src/hotspot/share/prims/jni.cpp, line 1204]
Event: 1.423 Thread 0x0000028077dfed60 Exception <a 'java/lang/NoSuchMethodError'{0x000000008db8cbf0}: static Lorg/gradle/tooling/internal/provider/serialization/ClientOwnedClassLoaderSpec;.<clinit>()V> (0x000000008db8cbf0) 
thrown [./open/src/hotspot/share/prims/jni.cpp, line 1204]
Event: 1.467 Thread 0x0000028077b75990 Exception <a 'java/lang/NoSuchMethodError'{0x000000008d8949d0}: 'long java.lang.invoke.DirectMethodHandle$Holder.invokeInterface(java.lang.Object, java.lang.Object)'> (0x000000008d8949d0) 
thrown [./open/src/hotspot/share/interpreter/linkResolver.cpp, line 782]
Event: 1.468 Thread 0x0000028077b75990 Exception <a 'java/lang/NoSuchMethodError'{0x000000008d8a32f0}: 'void java.lang.invoke.DelegatingMethodHandle$Holder.reinvoke_L(java.lang.Object, java.lang.Object, java.lang.Object, java.lang.Object, java.lang.Object, java.lang.Object, java.lang.Object)'> (0x000000008d8a32f0) 
thrown [./open/src/hotspot/share/interpreter/linkResolver.cpp, line 782]
Event: 1.644 Thread 0x0000028077b75990 Exception <a 'java/lang/NoSuchMethodError'{0x000000008c9f6710}: 'void java.lang.invoke.DirectMethodHandle$Holder.invokeStaticInit(java.lang.Object)'> (0x000000008c9f6710) 
thrown [./open/src/hotspot/share/interpreter/linkResolver.cpp, line 782]
Event: 1.652 Thread 0x0000028077b75990 Exception <a 'java/lang/NoSuchMethodError'{0x000000008c89ca48}: 'java.lang.Object java.lang.invoke.DirectMethodHandle$Holder.newInvokeSpecial(java.lang.Object, java.lang.Object, java.lang.Object, int)'> (0x000000008c89ca48) 
thrown [./open/src/hotspot/share/interpreter/linkResolver.cpp, line 782]
Event: 1.652 Thread 0x0000028077b75990 Exception <a 'java/lang/NoSuchMethodError'{0x000000008c8a19d0}: 'java.lang.Object java.lang.invoke.DirectMethodHandle$Holder.invokeSpecial(java.lang.Object, java.lang.Object, java.lang.Object, java.lang.Object, int)'> (0x000000008c8a19d0) 
thrown [./open/src/hotspot/share/interpreter/linkResolver.cpp, line 782]
Event: 1.652 Thread 0x0000028077b75990 Exception <a 'java/lang/NoSuchMethodError'{0x000000008c8a6230}: 'java.lang.Object java.lang.invoke.Invokers$Holder.linkToTargetMethod(java.lang.Object, java.lang.Object, int, java.lang.Object)'> (0x000000008c8a6230) 
thrown [./open/src/hotspot/share/interpreter/linkResolver.cpp, line 782]
Event: 1.753 Thread 0x0000028077b75990 Exception <a 'java/lang/NoSuchMethodError'{0x000000008c3cea40}: 'int java.lang.invoke.DirectMethodHandle$Holder.invokeSpecialIFC(java.lang.Object, java.lang.Object, java.lang.Object, java.lang.Object)'> (0x000000008c3cea40) 
thrown [./open/src/hotspot/share/interpreter/linkResolver.cpp, line 782]
Event: 1.755 Thread 0x0000028077b75990 Exception <a 'java/lang/NoSuchMethodError'{0x000000008c3de430}: 'java.lang.Object java.lang.invoke.DirectMethodHandle$Holder.invokeInterface(java.lang.Object, java.lang.Object, java.lang.Object)'> (0x000000008c3de430) 
thrown [./open/src/hotspot/share/interpreter/linkResolver.cpp, line 782]
Event: 1.755 Thread 0x0000028077b75990 Exception <a 'java/lang/IncompatibleClassChangeError'{0x000000008c3e2218}: Found class java.lang.Object, but interface was expected> (0x000000008c3e2218) 
thrown [./open/src/hotspot/share/interpreter/linkResolver.cpp, line 848]

Events (20 events):
Event: 1.748 loading class java/nio/file/attribute/PosixFilePermission
Event: 1.748 loading class java/nio/file/attribute/PosixFilePermission done
Event: 1.748 loading class java/nio/file/NoSuchFileException
Event: 1.748 loading class java/nio/file/FileSystemException
Event: 1.748 loading class java/nio/file/FileSystemException done
Event: 1.748 loading class java/nio/file/NoSuchFileException done
Event: 1.749 loading class java/nio/file/attribute/PosixFilePermissions
Event: 1.749 loading class java/nio/file/attribute/PosixFilePermissions done
Event: 1.749 loading class java/nio/file/attribute/PosixFilePermissions$1
Event: 1.749 loading class java/nio/file/attribute/PosixFilePermissions$1 done
Event: 1.750 loading class java/util/concurrent/locks/ReadWriteLock
Event: 1.750 loading class java/util/concurrent/locks/ReadWriteLock done
Event: 1.751 loading class java/nio/file/FileVisitor
Event: 1.751 loading class java/nio/file/FileVisitor done
Event: 1.751 loading class java/nio/file/FileVisitOption
Event: 1.751 loading class java/nio/file/FileVisitOption done
Event: 1.755 loading class java/util/stream/ReduceOps$1
Event: 1.755 loading class java/util/stream/ReduceOps$1 done
Event: 1.755 loading class java/util/stream/ReduceOps$1ReducingSink
Event: 1.756 loading class java/util/stream/ReduceOps$1ReducingSink done


Dynamic libraries:
0x00007ff62d300000 - 0x00007ff62d30f000 	C:\Program Files\Java\jdk-15.0.2\bin\java.exe
0x00007ffb76a60000 - 0x00007ffb76c69000 	C:\WINDOWS\SYSTEM32\ntdll.dll
0x00007ffb76560000 - 0x00007ffb7661d000 	C:\WINDOWS\System32\KERNEL32.DLL
0x00007ffb74570000 - 0x00007ffb748ed000 	C:\WINDOWS\System32\KERNELBASE.dll
0x00007ffb74120000 - 0x00007ffb74231000 	C:\WINDOWS\System32\ucrtbase.dll
0x00007ffb6bcb0000 - 0x00007ffb6bcc8000 	C:\Program Files\Java\jdk-15.0.2\bin\jli.dll
0x00007ffb74a30000 - 0x00007ffb74ade000 	C:\WINDOWS\System32\ADVAPI32.dll
0x00007ffb66150000 - 0x00007ffb66169000 	C:\Program Files\Java\jdk-15.0.2\bin\VCRUNTIME140.dll
0x00007ffb74d00000 - 0x00007ffb74da3000 	C:\WINDOWS\System32\msvcrt.dll
0x00007ffb76620000 - 0x00007ffb766be000 	C:\WINDOWS\System32\sechost.dll
0x00007ffb76900000 - 0x00007ffb76a20000 	C:\WINDOWS\System32\RPCRT4.dll
0x00007ffb75260000 - 0x00007ffb7540d000 	C:\WINDOWS\System32\USER32.dll
0x00007ffb73f40000 - 0x00007ffb73f66000 	C:\WINDOWS\System32\win32u.dll
0x00007ffb76730000 - 0x00007ffb76759000 	C:\WINDOWS\System32\GDI32.dll
0x00007ffb743b0000 - 0x00007ffb744c8000 	C:\WINDOWS\System32\gdi32full.dll
0x00007ffb62a20000 - 0x00007ffb62cc5000 	C:\WINDOWS\WinSxS\amd64_microsoft.windows.common-controls_6595b64144ccf1df_6.0.22000.120_none_9d947278b86cc467\COMCTL32.dll
0x00007ffb744d0000 - 0x00007ffb7456d000 	C:\WINDOWS\System32\msvcp_win.dll
0x00007ffb6a880000 - 0x00007ffb6a88a000 	C:\WINDOWS\SYSTEM32\VERSION.dll
0x00007ffb767c0000 - 0x00007ffb767f1000 	C:\WINDOWS\System32\IMM32.DLL
0x00007ffb70a80000 - 0x00007ffb70a8c000 	C:\Program Files\Java\jdk-15.0.2\bin\vcruntime140_1.dll
0x00007ffb39060000 - 0x00007ffb390f1000 	C:\Program Files\Java\jdk-15.0.2\bin\msvcp140.dll
0x00007ffb2e6e0000 - 0x00007ffb2f23e000 	C:\Program Files\Java\jdk-15.0.2\bin\server\jvm.dll
0x00007ffb74db0000 - 0x00007ffb74db8000 	C:\WINDOWS\System32\PSAPI.DLL
0x00007ffb57240000 - 0x00007ffb57249000 	C:\WINDOWS\SYSTEM32\WSOCK32.dll
0x00007ffb766c0000 - 0x00007ffb7672f000 	C:\WINDOWS\System32\WS2_32.dll
0x00007ffb6d2b0000 - 0x00007ffb6d2e3000 	C:\WINDOWS\SYSTEM32\WINMM.dll
0x00007ffb73130000 - 0x00007ffb73148000 	C:\WINDOWS\SYSTEM32\kernel.appcore.dll
0x00007ffb6bca0000 - 0x00007ffb6bcaa000 	C:\Program Files\Java\jdk-15.0.2\bin\jimage.dll
0x00007ffb71af0000 - 0x00007ffb71d11000 	C:\WINDOWS\SYSTEM32\DBGHELP.DLL
0x00007ffb63200000 - 0x00007ffb63231000 	C:\WINDOWS\SYSTEM32\dbgcore.DLL
0x00007ffb73f70000 - 0x00007ffb73fef000 	C:\WINDOWS\System32\bcryptPrimitives.dll
0x00007ffb5ff20000 - 0x00007ffb5ff45000 	C:\Program Files\Java\jdk-15.0.2\bin\java.dll
0x00007ffb75950000 - 0x00007ffb76108000 	C:\WINDOWS\System32\SHELL32.dll
0x00007ffb720c0000 - 0x00007ffb72928000 	C:\WINDOWS\SYSTEM32\windows.storage.dll
0x00007ffb74e40000 - 0x00007ffb751b9000 	C:\WINDOWS\System32\combase.dll
0x00007ffb71f50000 - 0x00007ffb720b6000 	C:\WINDOWS\SYSTEM32\wintypes.dll
0x00007ffb76470000 - 0x00007ffb7655a000 	C:\WINDOWS\System32\SHCORE.dll
0x00007ffb758f0000 - 0x00007ffb7594d000 	C:\WINDOWS\System32\shlwapi.dll
0x00007ffb73e70000 - 0x00007ffb73e91000 	C:\WINDOWS\SYSTEM32\profapi.dll
0x00007ffb628e0000 - 0x00007ffb628f9000 	C:\Program Files\Java\jdk-15.0.2\bin\net.dll
0x00007ffb6e9d0000 - 0x00007ffb6eadc000 	C:\WINDOWS\SYSTEM32\WINHTTP.dll
0x00007ffb73560000 - 0x00007ffb735c7000 	C:\WINDOWS\system32\mswsock.dll
0x00007ffb61600000 - 0x00007ffb61612000 	C:\Program Files\Java\jdk-15.0.2\bin\nio.dll
0x00007ffb5ff00000 - 0x00007ffb5ff18000 	C:\Program Files\Java\jdk-15.0.2\bin\zip.dll
0x00007ffb61a40000 - 0x00007ffb61a50000 	C:\Program Files\Java\jdk-15.0.2\bin\verify.dll
0x00007ffb50050000 - 0x00007ffb50077000 	C:\Users\eks02\.gradle\native\e1d6ef7f7dcc3fd88c89a11ec53ec762bb8ba0a96d01ffa2cd45eb1d1d8dd5c5\windows-amd64\native-platform.dll
0x00007ffac4340000 - 0x00007ffac4484000 	C:\Users\eks02\.gradle\native\5664cfc778a61ccfe75a443a1ab52a65af34e5dc3c78e0209fed803814484fcb\windows-amd64\native-platform-file-events.dll
0x00007ffb5feb0000 - 0x00007ffb5feb9000 	C:\Program Files\Java\jdk-15.0.2\bin\management.dll
0x00007ffb5fea0000 - 0x00007ffb5feab000 	C:\Program Files\Java\jdk-15.0.2\bin\management_ext.dll
0x00007ffb737b0000 - 0x00007ffb737c8000 	C:\WINDOWS\SYSTEM32\CRYPTSP.dll
0x00007ffb73090000 - 0x00007ffb730c5000 	C:\WINDOWS\system32\rsaenh.dll
0x00007ffb73650000 - 0x00007ffb73679000 	C:\WINDOWS\SYSTEM32\USERENV.dll
0x00007ffb73920000 - 0x00007ffb73947000 	C:\WINDOWS\SYSTEM32\bcrypt.dll
0x00007ffb737a0000 - 0x00007ffb737ac000 	C:\WINDOWS\SYSTEM32\CRYPTBASE.dll
0x00007ffb72ca0000 - 0x00007ffb72ccd000 	C:\WINDOWS\SYSTEM32\IPHLPAPI.DLL
0x00007ffb75410000 - 0x00007ffb75419000 	C:\WINDOWS\System32\NSI.dll
0x00007ffb6cf60000 - 0x00007ffb6cf79000 	C:\WINDOWS\SYSTEM32\dhcpcsvc6.DLL
0x00007ffb6d680000 - 0x00007ffb6d69e000 	C:\WINDOWS\SYSTEM32\dhcpcsvc.DLL
0x00007ffb72d20000 - 0x00007ffb72e08000 	C:\WINDOWS\SYSTEM32\DNSAPI.dll

dbghelp: loaded successfully - version: 4.0.5 - missing functions: none
symbol engine: initialized successfully - sym options: 0x614 - pdb path: .;C:\Program Files\Java\jdk-15.0.2\bin;C:\WINDOWS\SYSTEM32;C:\WINDOWS\WinSxS\amd64_microsoft.windows.common-controls_6595b64144ccf1df_6.0.22000.120_none_9d947278b86cc467;C:\Program Files\Java\jdk-15.0.2\bin\server;C:\Users\eks02\.gradle\native\e1d6ef7f7dcc3fd88c89a11ec53ec762bb8ba0a96d01ffa2cd45eb1d1d8dd5c5\windows-amd64;C:\Users\eks02\.gradle\native\5664cfc778a61ccfe75a443a1ab52a65af34e5dc3c78e0209fed803814484fcb\windows-amd64

VM Arguments:
jvm_args: --add-opens=java.base/java.util=ALL-UNNAMED --add-opens=java.base/java.lang=ALL-UNNAMED --add-opens=java.base/java.lang.invoke=ALL-UNNAMED --add-opens=java.base/java.util=ALL-UNNAMED --add-opens=java.prefs/java.util.prefs=ALL-UNNAMED --add-opens=java.prefs/java.util.prefs=ALL-UNNAMED --add-opens=java.base/java.nio.charset=ALL-UNNAMED --add-opens=java.base/java.net=ALL-UNNAMED --add-opens=java.base/java.util.concurrent.atomic=ALL-UNNAMED -Xmx2048m -Dfile.encoding=UTF-8 -Duser.country=KR -Duser.language=ko -Duser.variant 
java_command: org.gradle.launcher.daemon.bootstrap.GradleDaemon 7.3.3
java_class_path (initial): C:\Users\eks02\.gradle\wrapper\dists\gradle-7.3.3-bin\6a41zxkdtcxs8rphpq6y0069z\gradle-7.3.3\lib\gradle-launcher-7.3.3.jar
Launcher Type: SUN_STANDARD

[Global flags]
     intx CICompilerCount                          = 4                                         {product} {ergonomic}
     uint ConcGCThreads                            = 2                                         {product} {ergonomic}
     uint G1ConcRefinementThreads                  = 8                                         {product} {ergonomic}
   size_t G1HeapRegionSize                         = 1048576                                   {product} {ergonomic}
    uintx GCDrainStackTargetSize                   = 64                                        {product} {ergonomic}
   size_t InitialHeapSize                          = 264241152                                 {product} {ergonomic}
   size_t MarkStackSize                            = 4194304                                   {product} {ergonomic}
   size_t MaxHeapSize                              = 2147483648                                {product} {command line}
   size_t MaxNewSize                               = 1287651328                                {product} {ergonomic}
   size_t MinHeapDeltaBytes                        = 1048576                                   {product} {ergonomic}
   size_t MinHeapSize                              = 8388608                                   {product} {ergonomic}
    uintx NonNMethodCodeHeapSize                   = 5839372                                {pd product} {ergonomic}
    uintx NonProfiledCodeHeapSize                  = 122909434                              {pd product} {ergonomic}
    uintx ProfiledCodeHeapSize                     = 122909434                              {pd product} {ergonomic}
    uintx ReservedCodeCacheSize                    = 251658240                              {pd product} {ergonomic}
     bool SegmentedCodeCache                       = true                                      {product} {ergonomic}
   size_t SoftMaxHeapSize                          = 2147483648                             {manageable} {ergonomic}
     bool UseCompressedClassPointers               = true                                 {lp64_product} {ergonomic}
     bool UseCompressedOops                        = true                                 {lp64_product} {ergonomic}
     bool UseG1GC                                  = true                                      {product} {ergonomic}
     bool UseLargePagesIndividualAllocation        = false                                  {pd product} {ergonomic}

Logging:
Log output configuration:
 #0: stdout all=warning uptime,level,tags
 #1: stderr all=off uptime,level,tags

Environment Variables:
JAVA_HOME=C:\Program Files\Java\jdk-15.0.2
PATH=C:\Program Files (x86)\Common Files\Intel\Shared Libraries\redist\intel64\compiler;C:\Program Files\openssl-0.9.8k_WIN32\bin;C:\Program Files\Common Files\Oracle\Java\javapath;C:\Users\eks02\AppData\Local\Android\Sdk\plathorm-tools;C:\Program Files\Java\jdk-15.0.2\bin;C:\ProgramData\Oracle\Java\javapath;C:\windows\system32;C:\windows;C:\windows\System32\Wbem;C:\windows\System32\WindowsPowerShell\v1.0\;C:\windows\System32\OpenSSH\;C:\Program Files (x86)\NVIDIA Corporation\PhysX\Common;C:\Program Files\NVIDIA Corporation\NVIDIA NvDLISR;C:\Program Files\PuTTY\;C:\Program Files\Git\cmd;C:\Program Files\dotnet\;C:\Program Files\MySQL\MySQL Server 8.0\bin;C:\MInG\\bin;C:\Program Files\nodejs\;;C:\WINDOWS\system32;C:\WINDOWS;C:\WINDOWS\System32\Wbem;C:\WINDOWS\System32\WindowsPowerShell\v1.0\;C:\WINDOWS\System32\OpenSSH\;C:\Program Files\MySQL\MySQL Shell 8.0\bin\;C:\Users\eks02\AppData\Local\Programs\Python\Python39\Scripts\;C:\Users\eks02\AppData\Local\Programs\Python\Python39\;C:\Users\eks02\AppData\Local\Microsoft\WindowsApps;C:\Users\eks02\AppData\Local\Programs\Microsoft VS Code\bin;C:\Users\eks02\AppData\Local\GitHubDesktop\bin;C:\Program Files\heroku\bin;C:\Program Files\MySQL\MySQL Server 8.0\bin;C:\Program Files\Bandizip\;F:\IntelliJ IDEA Community Edition 2021.2.3\bin;;C:\Users\eks02\AppData\Roaming\npm;C:\Program Files\flutter\bin;
USERNAME=eks02
OS=Windows_NT
PROCESSOR_IDENTIFIER=Intel64 Family 6 Model 140 Stepping 1, GenuineIntel



---------------  S Y S T E M  ---------------

OS:
 Windows 10 , 64 bit Build 22000 (10.0.22000.708)
OS uptime: 0 days 2:02 hours

CPU: total 8 (initial active 8) (4 cores per cpu, 2 threads per core) family 6 model 140 stepping 1 microcode 0x9a, cmov, cx8, fxsr, mmx, sse, sse2, sse3, ssse3, sse4.1, sse4.2, popcnt, vzeroupper, avx, avx2, aes, clmul, erms, 3dnowpref, lzcnt, ht, tsc, tscinvbit, bmi1, bmi2, adx, avx512f, avx512dq, avx512cd, avx512bw, avx512vl, avx512_vpopcntdq, avx512_vpclmulqdq, avx512_vbmi, avx512_vbmi2, avx512_vaes, avx512_vnni, sha, fma, clflush, clflushopt, clwb

Memory: 4k page, system-wide physical 16057M (1786M free)
TotalPageFile size 19815M (AvailPageFile size 0M)
current process WorkingSet (physical memory assigned to process): 175M, peak: 175M
current process commit charge ("private bytes"): 407M, peak: 407M

vm_info: Java HotSpot(TM) 64-Bit Server VM (15.0.2+7-27) for windows-amd64 JRE (15.0.2+7-27), built on Dec  7 2020 20:07:01 by "mach5one" with unknown MS VC++:1925

END.
