#
# There is insufficient memory for the Java Runtime Environment to continue.
# Native memory allocation (malloc) failed to allocate 1380656 bytes for Chunk::new
# Possible reasons:
#   The system is out of physical RAM or swap space
#   The process is running with CompressedOops enabled, and the Java Heap may be blocking the growth of the native heap
# Possible solutions:
#   Reduce memory load on the system
#   Increase physical memory or swap space
#   Check if swap backing store is full
#   Decrease Java heap size (-Xmx/-Xms)
#   Decrease number of Java threads
#   Decrease Java thread stack sizes (-Xss)
#   Set larger code cache with -XX:ReservedCodeCacheSize=
#   JVM is running with Unscaled Compressed Oops mode in which the Java heap is
#     placed in the first 4GB address space. The Java Heap base address is the
#     maximum limit for the native heap growth. Please use -XX:HeapBaseMinAddress
#     to set the Java Heap base and to place the Java Heap above 4GB virtual address.
# This output file may be truncated or incomplete.
#
#  Out of Memory Error (./open/src/hotspot/share/memory/arena.cpp:195), pid=5000, tid=1884
#
# JRE version: Java(TM) SE Runtime Environment (15.0.2+7) (build 15.0.2+7-27)
# Java VM: Java HotSpot(TM) 64-Bit Server VM (15.0.2+7-27, mixed mode, sharing, tiered, compressed oops, g1 gc, windows-amd64)
# No core dump will be written. Minidumps are not enabled by default on client versions of Windows
#

---------------  S U M M A R Y ------------

Command Line: --add-opens=java.base/java.util=ALL-UNNAMED --add-opens=java.base/java.lang=ALL-UNNAMED --add-opens=java.base/java.lang.invoke=ALL-UNNAMED --add-opens=java.base/java.util=ALL-UNNAMED --add-opens=java.prefs/java.util.prefs=ALL-UNNAMED --add-opens=java.prefs/java.util.prefs=ALL-UNNAMED --add-opens=java.base/java.nio.charset=ALL-UNNAMED --add-opens=java.base/java.net=ALL-UNNAMED --add-opens=java.base/java.util.concurrent.atomic=ALL-UNNAMED -Xmx2048m -Dfile.encoding=UTF-8 -Duser.country=KR -Duser.language=ko -Duser.variant org.gradle.launcher.daemon.bootstrap.GradleDaemon 7.3.3

Host: 11th Gen Intel(R) Core(TM) i5-1135G7 @ 2.40GHz, 8 cores, 15G,  Windows 10 , 64 bit Build 22000 (10.0.22000.708)
Time: Sun Aug 21 21:40:26 2022 대한민국 표준시 elapsed time: 11.010076 seconds (0d 0h 0m 11s)

---------------  T H R E A D  ---------------

Current thread (0x00000224aa82fda0):  JavaThread "C2 CompilerThread2" daemon [_thread_in_native, id=1884, stack(0x0000005915900000,0x0000005915a00000)]


Current CompileTask:
C2:  11010 10799       4       sun.invoke.util.VerifyAccess::isClassAccessible (230 bytes)

Stack: [0x0000005915900000,0x0000005915a00000]
Native frames: (J=compiled Java code, j=interpreted, Vv=VM code, C=native code)
V  [jvm.dll+0x62ae9a]
V  [jvm.dll+0x7817a9]
V  [jvm.dll+0x782f03]
V  [jvm.dll+0x783563]
V  [jvm.dll+0x216325]
V  [jvm.dll+0x97f3a]
V  [jvm.dll+0x9861c]
V  [jvm.dll+0x32e2a8]
V  [jvm.dll+0x2f768a]
V  [jvm.dll+0x2f6a4a]
V  [jvm.dll+0x1ea705]
V  [jvm.dll+0x1e996e]
V  [jvm.dll+0x178567]
V  [jvm.dll+0x1f9225]
V  [jvm.dll+0x1f72cc]
V  [jvm.dll+0x74495d]
V  [jvm.dll+0x73d75a]
V  [jvm.dll+0x629c56]
C  [ucrtbase.dll+0x26c0c]
C  [KERNEL32.DLL+0x154e0]
C  [ntdll.dll+0x485b]


---------------  P R O C E S S  ---------------

Threads class SMR info:
_java_thread_list=0x00000224add47520, length=127, elements={
0x0000022487db65c0, 0x00000224a698aa00, 0x00000224a698b4b0, 0x00000224a7247f50,
0x00000224a7248a00, 0x00000224a72494b0, 0x00000224a724f770, 0x00000224a7254230,
0x00000224a7258120, 0x00000224a7395ba0, 0x00000224a73b0b40, 0x00000224a750e4b0,
0x00000224a9144cf0, 0x00000224a7544a70, 0x00000224a8536a00, 0x00000224a94b9020,
0x00000224a908b590, 0x00000224a9481640, 0x00000224a92f7880, 0x00000224a9027060,
0x00000224a90280e0, 0x00000224a86fda50, 0x00000224a86fd0b0, 0x00000224a86fdf20,
0x00000224a86ff260, 0x00000224a86fe8c0, 0x00000224aa82fda0, 0x00000224a86fc710,
0x00000224a86ff730, 0x00000224a86fcbe0, 0x00000224a86fbd70, 0x00000224a86fd580,
0x00000224a86fed90, 0x00000224a86fe3f0, 0x00000224abc867f0, 0x00000224abc8c360,
0x00000224abc88000, 0x00000224abc89810, 0x00000224abc8e040, 0x00000224abc87190,
0x00000224abc8b9c0, 0x00000224abc8d6a0, 0x00000224abc8be90, 0x00000224abc8db70,
0x00000224abc86cc0, 0x00000224abc8c830, 0x00000224abc8cd00, 0x00000224abc89ce0,
0x00000224abc8a1b0, 0x00000224abc8b4f0, 0x00000224abc87660, 0x00000224abc87b30,
0x00000224abc8a680, 0x00000224aa6fb590, 0x00000224aa6f6d60, 0x00000224aa6f8a40,
0x00000224aa6f8f10, 0x00000224aa6f5a20, 0x00000224aa6f5080, 0x00000224aa6f4bb0,
0x00000224aa6f5550, 0x00000224aa6f7700, 0x00000224aa6f93e0, 0x00000224aa6f98b0,
0x00000224aa6f5ef0, 0x00000224aa6f7230, 0x00000224aa6f63c0, 0x00000224aa6f7bd0,
0x00000224aa6f80a0, 0x00000224aa6f8570, 0x00000224aa6f6890, 0x00000224aa6f3d40,
0x00000224aa6f9d80, 0x00000224aa6fa720, 0x00000224aa6fa250, 0x00000224aa6fabf0,
0x00000224aa6fb0c0, 0x00000224aa6f4210, 0x00000224aa6f46e0, 0x00000224aca1e4a0,
0x00000224aca1b480, 0x00000224aca1d160, 0x00000224aca1c7c0, 0x00000224aca1cc90,
0x00000224aca20b20, 0x00000224aca19c70, 0x00000224aca1d630, 0x00000224aca1e970,
0x00000224aca1dfd0, 0x00000224aca1db00, 0x00000224aca1ee40, 0x00000224aca1f7e0,
0x00000224aca1b950, 0x00000224aca20ff0, 0x00000224aca1f310, 0x00000224aca1fcb0,
0x00000224aca1be20, 0x00000224aca1c2f0, 0x00000224aca1aae0, 0x00000224aca20180,
0x00000224aca1a140, 0x00000224aca20650, 0x00000224aca214c0, 0x00000224aca1a610,
0x00000224aca1afb0, 0x00000224b05e4da0, 0x00000224b05e0f10, 0x00000224b05e78f0,
0x00000224b05e60e0, 0x00000224b05e5c10, 0x00000224b05e3590, 0x00000224b05e5270,
0x00000224b05e5740, 0x00000224b05e2720, 0x00000224b05e2250, 0x00000224b05e7dc0,
0x00000224b05e6f50, 0x00000224b05e3a60, 0x00000224b05e65b0, 0x00000224b05e0570,
0x00000224b05e6a80, 0x00000224b05e0a40, 0x00000224b05e7420, 0x00000224b05e2bf0,
0x00000224b05e4400, 0x00000224b0696f00, 0x00000224b0699580
}

Java Threads: ( => current thread )
  0x0000022487db65c0 JavaThread "main" [_thread_blocked, id=14720, stack(0x0000005913200000,0x0000005913300000)]
  0x00000224a698aa00 JavaThread "Reference Handler" daemon [_thread_blocked, id=2492, stack(0x0000005913900000,0x0000005913a00000)]
  0x00000224a698b4b0 JavaThread "Finalizer" daemon [_thread_blocked, id=11488, stack(0x0000005913a00000,0x0000005913b00000)]
  0x00000224a7247f50 JavaThread "Signal Dispatcher" daemon [_thread_blocked, id=16400, stack(0x0000005913b00000,0x0000005913c00000)]
  0x00000224a7248a00 JavaThread "Attach Listener" daemon [_thread_blocked, id=8456, stack(0x0000005913c00000,0x0000005913d00000)]
  0x00000224a72494b0 JavaThread "Service Thread" daemon [_thread_blocked, id=4440, stack(0x0000005913d00000,0x0000005913e00000)]
  0x00000224a724f770 JavaThread "C2 CompilerThread0" daemon [_thread_blocked, id=9424, stack(0x0000005913e00000,0x0000005913f00000)]
  0x00000224a7254230 JavaThread "C1 CompilerThread0" daemon [_thread_blocked, id=2656, stack(0x0000005913f00000,0x0000005914000000)]
  0x00000224a7258120 JavaThread "Sweeper thread" daemon [_thread_blocked, id=1880, stack(0x0000005914000000,0x0000005914100000)]
  0x00000224a7395ba0 JavaThread "Common-Cleaner" daemon [_thread_blocked, id=14912, stack(0x0000005914100000,0x0000005914200000)]
  0x00000224a73b0b40 JavaThread "Notification Thread" daemon [_thread_blocked, id=18160, stack(0x0000005914200000,0x0000005914300000)]
  0x00000224a750e4b0 JavaThread "C2 CompilerThread1" daemon [_thread_in_native, id=15160, stack(0x0000005914400000,0x0000005914500000)]
  0x00000224a9144cf0 JavaThread "Daemon health stats" [_thread_blocked, id=17932, stack(0x0000005914c00000,0x0000005914d00000)]
  0x00000224a7544a70 JavaThread "Incoming local TCP Connector on port 54919" [_thread_in_native, id=16752, stack(0x0000005914500000,0x0000005914600000)]
  0x00000224a8536a00 JavaThread "Daemon periodic checks" [_thread_blocked, id=3444, stack(0x0000005914d00000,0x0000005914e00000)]
  0x00000224a94b9020 JavaThread "Daemon" [_thread_blocked, id=16388, stack(0x0000005914e00000,0x0000005914f00000)]
  0x00000224a908b590 JavaThread "Handler for socket connection from /127.0.0.1:54919 to /127.0.0.1:54920" [_thread_in_native, id=7112, stack(0x0000005914f00000,0x0000005915000000)]
  0x00000224a9481640 JavaThread "Cancel handler" [_thread_blocked, id=10288, stack(0x0000005915000000,0x0000005915100000)]
  0x00000224a92f7880 JavaThread "Daemon worker" [_thread_in_native, id=3988, stack(0x0000005915100000,0x0000005915200000)]
  0x00000224a9027060 JavaThread "Asynchronous log dispatcher for DefaultDaemonConnection: socket connection from /127.0.0.1:54919 to /127.0.0.1:54920" [_thread_blocked, id=4564, stack(0x0000005915200000,0x0000005915300000)]
  0x00000224a90280e0 JavaThread "Stdin handler" [_thread_blocked, id=15132, stack(0x0000005915300000,0x0000005915400000)]
  0x00000224a86fda50 JavaThread "Daemon client event forwarder" [_thread_blocked, id=3192, stack(0x0000005915400000,0x0000005915500000)]
  0x00000224a86fd0b0 JavaThread "Cache worker for journal cache (C:\Users\eks02\.gradle\caches\journal-1)" [_thread_blocked, id=5144, stack(0x0000005915500000,0x0000005915600000)]
  0x00000224a86fdf20 JavaThread "File lock request listener" [_thread_in_native, id=2856, stack(0x0000005915600000,0x0000005915700000)]
  0x00000224a86ff260 JavaThread "Cache worker for file hash cache (C:\Users\eks02\.gradle\caches\7.3.3\fileHashes)" [_thread_blocked, id=1780, stack(0x0000005915700000,0x0000005915800000)]
  0x00000224a86fe8c0 JavaThread "Cache worker for file hash cache (F:\2022_implude\asd_front-main\.gradle\7.3.3\fileHashes)" [_thread_blocked, id=14944, stack(0x0000005915800000,0x0000005915900000)]
=>0x00000224aa82fda0 JavaThread "C2 CompilerThread2" daemon [_thread_in_native, id=1884, stack(0x0000005915900000,0x0000005915a00000)]
  0x00000224a86fc710 JavaThread "File watcher server" daemon [_thread_in_native, id=3284, stack(0x0000005915a00000,0x0000005915b00000)]
  0x00000224a86ff730 JavaThread "File watcher consumer" daemon [_thread_blocked, id=2272, stack(0x0000005915b00000,0x0000005915c00000)]
  0x00000224a86fcbe0 JavaThread "jar transforms" [_thread_blocked, id=16456, stack(0x0000005915c00000,0x0000005915d00000)]
  0x00000224a86fbd70 JavaThread "jar transforms Thread 2" [_thread_blocked, id=15288, stack(0x0000005915d00000,0x0000005915e00000)]
  0x00000224a86fd580 JavaThread "jar transforms Thread 3" [_thread_blocked, id=6472, stack(0x0000005915e00000,0x0000005915f00000)]
  0x00000224a86fed90 JavaThread "jar transforms Thread 4" [_thread_blocked, id=9708, stack(0x0000005915f00000,0x0000005916000000)]
  0x00000224a86fe3f0 JavaThread "jar transforms Thread 5" [_thread_blocked, id=5948, stack(0x0000005916000000,0x0000005916100000)]
  0x00000224abc867f0 JavaThread "jar transforms Thread 6" [_thread_blocked, id=10976, stack(0x0000005916100000,0x0000005916200000)]
  0x00000224abc8c360 JavaThread "jar transforms Thread 7" [_thread_blocked, id=1548, stack(0x0000005916200000,0x0000005916300000)]
  0x00000224abc88000 JavaThread "jar transforms Thread 8" [_thread_blocked, id=16888, stack(0x0000005916300000,0x0000005916400000)]
  0x00000224abc89810 JavaThread "Cache worker for checksums cache (F:\2022_implude\asd_front-main\.gradle\7.3.3\checksums)" [_thread_blocked, id=1936, stack(0x0000005916700000,0x0000005916800000)]
  0x00000224abc8e040 JavaThread "Cache worker for cache directory md-supplier (C:\Users\eks02\.gradle\caches\7.3.3\md-supplier)" [_thread_blocked, id=9964, stack(0x0000005916800000,0x0000005916900000)]
  0x00000224abc87190 JavaThread "Cache worker for cache directory md-rule (C:\Users\eks02\.gradle\caches\7.3.3\md-rule)" [_thread_blocked, id=17660, stack(0x0000005916900000,0x0000005916a00000)]
  0x00000224abc8b9c0 JavaThread "Cache worker for execution history cache (C:\Users\eks02\.gradle\caches\7.3.3\executionHistory)" [_thread_blocked, id=17528, stack(0x0000005916a00000,0x0000005916b00000)]
  0x00000224abc8d6a0 JavaThread "Cache worker for file content cache (C:\Users\eks02\.gradle\caches\7.3.3\fileContent)" [_thread_blocked, id=14604, stack(0x0000005916b00000,0x0000005916c00000)]
  0x00000224abc8be90 JavaThread "Cache worker for dependencies-accessors (F:\2022_implude\asd_front-main\.gradle\7.3.3\dependencies-accessors)" [_thread_blocked, id=7336, stack(0x0000005916c00000,0x0000005916d00000)]
  0x00000224abc8db70 JavaThread "Cache worker for Build Output Cleanup Cache (F:\2022_implude\asd_front-main\.gradle\buildOutputCleanup)" [_thread_blocked, id=11524, stack(0x0000005916e00000,0x0000005916f00000)]
  0x00000224abc86cc0 JavaThread "Unconstrained build operations" [_thread_blocked, id=16824, stack(0x0000005916f00000,0x0000005917000000)]
  0x00000224abc8c830 JavaThread "Unconstrained build operations Thread 2" [_thread_blocked, id=9232, stack(0x0000005917000000,0x0000005917100000)]
  0x00000224abc8cd00 JavaThread "Unconstrained build operations Thread 3" [_thread_blocked, id=10756, stack(0x0000005917100000,0x0000005917200000)]
  0x00000224abc89ce0 JavaThread "Unconstrained build operations Thread 4" [_thread_blocked, id=15100, stack(0x0000005917200000,0x0000005917300000)]
  0x00000224abc8a1b0 JavaThread "Unconstrained build operations Thread 5" [_thread_blocked, id=652, stack(0x0000005917300000,0x0000005917400000)]
  0x00000224abc8b4f0 JavaThread "Unconstrained build operations Thread 6" [_thread_blocked, id=12372, stack(0x0000005917400000,0x0000005917500000)]
  0x00000224abc87660 JavaThread "Unconstrained build operations Thread 7" [_thread_blocked, id=13244, stack(0x0000005917500000,0x0000005917600000)]
  0x00000224abc87b30 JavaThread "Unconstrained build operations Thread 8" [_thread_blocked, id=18144, stack(0x0000005917600000,0x0000005917700000)]
  0x00000224abc8a680 JavaThread "Unconstrained build operations Thread 9" [_thread_blocked, id=7324, stack(0x0000005917700000,0x0000005917800000)]
  0x00000224aa6fb590 JavaThread "Unconstrained build operations Thread 10" [_thread_blocked, id=1796, stack(0x0000005917800000,0x0000005917900000)]
  0x00000224aa6f6d60 JavaThread "Unconstrained build operations Thread 11" [_thread_blocked, id=9472, stack(0x0000005917900000,0x0000005917a00000)]
  0x00000224aa6f8a40 JavaThread "Unconstrained build operations Thread 12" [_thread_blocked, id=8308, stack(0x0000005917a00000,0x0000005917b00000)]
  0x00000224aa6f8f10 JavaThread "Unconstrained build operations Thread 13" [_thread_blocked, id=17260, stack(0x0000005917b00000,0x0000005917c00000)]
  0x00000224aa6f5a20 JavaThread "Unconstrained build operations Thread 14" [_thread_blocked, id=3464, stack(0x0000005917c00000,0x0000005917d00000)]
  0x00000224aa6f5080 JavaThread "Unconstrained build operations Thread 15" [_thread_blocked, id=7428, stack(0x0000005917d00000,0x0000005917e00000)]
  0x00000224aa6f4bb0 JavaThread "Unconstrained build operations Thread 16" [_thread_blocked, id=6216, stack(0x0000005917e00000,0x0000005917f00000)]
  0x00000224aa6f5550 JavaThread "Unconstrained build operations Thread 17" [_thread_blocked, id=18348, stack(0x0000005917f00000,0x0000005918000000)]
  0x00000224aa6f7700 JavaThread "Unconstrained build operations Thread 18" [_thread_blocked, id=11620, stack(0x0000005918000000,0x0000005918100000)]
  0x00000224aa6f93e0 JavaThread "Unconstrained build operations Thread 19" [_thread_blocked, id=17744, stack(0x0000005918100000,0x0000005918200000)]
  0x00000224aa6f98b0 JavaThread "Unconstrained build operations Thread 20" [_thread_blocked, id=5196, stack(0x0000005918200000,0x0000005918300000)]
  0x00000224aa6f5ef0 JavaThread "Unconstrained build operations Thread 21" [_thread_blocked, id=8612, stack(0x0000005918300000,0x0000005918400000)]
  0x00000224aa6f7230 JavaThread "Unconstrained build operations Thread 22" [_thread_blocked, id=3680, stack(0x0000005918400000,0x0000005918500000)]
  0x00000224aa6f63c0 JavaThread "Unconstrained build operations Thread 23" [_thread_blocked, id=13296, stack(0x0000005918500000,0x0000005918600000)]
  0x00000224aa6f7bd0 JavaThread "Unconstrained build operations Thread 24" [_thread_blocked, id=9608, stack(0x0000005918600000,0x0000005918700000)]
  0x00000224aa6f80a0 JavaThread "Unconstrained build operations Thread 25" [_thread_blocked, id=1888, stack(0x0000005918700000,0x0000005918800000)]
  0x00000224aa6f8570 JavaThread "Unconstrained build operations Thread 26" [_thread_blocked, id=6692, stack(0x0000005918800000,0x0000005918900000)]
  0x00000224aa6f6890 JavaThread "Unconstrained build operations Thread 27" [_thread_blocked, id=17884, stack(0x0000005918900000,0x0000005918a00000)]
  0x00000224aa6f3d40 JavaThread "Unconstrained build operations Thread 28" [_thread_blocked, id=10548, stack(0x0000005918a00000,0x0000005918b00000)]
  0x00000224aa6f9d80 JavaThread "Unconstrained build operations Thread 29" [_thread_blocked, id=17992, stack(0x0000005918b00000,0x0000005918c00000)]
  0x00000224aa6fa720 JavaThread "Unconstrained build operations Thread 30" [_thread_blocked, id=4556, stack(0x0000005918c00000,0x0000005918d00000)]
  0x00000224aa6fa250 JavaThread "Unconstrained build operations Thread 31" [_thread_blocked, id=16076, stack(0x0000005918d00000,0x0000005918e00000)]
  0x00000224aa6fabf0 JavaThread "Unconstrained build operations Thread 32" [_thread_blocked, id=10988, stack(0x0000005918e00000,0x0000005918f00000)]
  0x00000224aa6fb0c0 JavaThread "Unconstrained build operations Thread 33" [_thread_blocked, id=12148, stack(0x0000005918f00000,0x0000005919000000)]
  0x00000224aa6f4210 JavaThread "Unconstrained build operations Thread 34" [_thread_blocked, id=14300, stack(0x0000005919000000,0x0000005919100000)]
  0x00000224aa6f46e0 JavaThread "Unconstrained build operations Thread 35" [_thread_blocked, id=10648, stack(0x0000005919100000,0x0000005919200000)]
  0x00000224aca1e4a0 JavaThread "Unconstrained build operations Thread 36" [_thread_blocked, id=18428, stack(0x0000005919200000,0x0000005919300000)]
  0x00000224aca1b480 JavaThread "Unconstrained build operations Thread 37" [_thread_blocked, id=4412, stack(0x0000005919300000,0x0000005919400000)]
  0x00000224aca1d160 JavaThread "Unconstrained build operations Thread 38" [_thread_blocked, id=17648, stack(0x0000005919400000,0x0000005919500000)]
  0x00000224aca1c7c0 JavaThread "Unconstrained build operations Thread 39" [_thread_blocked, id=1812, stack(0x0000005919500000,0x0000005919600000)]
  0x00000224aca1cc90 JavaThread "Unconstrained build operations Thread 40" [_thread_blocked, id=10652, stack(0x0000005919600000,0x0000005919700000)]
  0x00000224aca20b20 JavaThread "Unconstrained build operations Thread 41" [_thread_blocked, id=5280, stack(0x0000005919700000,0x0000005919800000)]
  0x00000224aca19c70 JavaThread "Unconstrained build operations Thread 42" [_thread_blocked, id=12244, stack(0x0000005919800000,0x0000005919900000)]
  0x00000224aca1d630 JavaThread "Unconstrained build operations Thread 43" [_thread_blocked, id=16012, stack(0x0000005919900000,0x0000005919a00000)]
  0x00000224aca1e970 JavaThread "Unconstrained build operations Thread 44" [_thread_blocked, id=17844, stack(0x0000005919a00000,0x0000005919b00000)]
  0x00000224aca1dfd0 JavaThread "Unconstrained build operations Thread 45" [_thread_blocked, id=16772, stack(0x0000005919b00000,0x0000005919c00000)]
  0x00000224aca1db00 JavaThread "Unconstrained build operations Thread 46" [_thread_blocked, id=15936, stack(0x0000005919c00000,0x0000005919d00000)]
  0x00000224aca1ee40 JavaThread "Unconstrained build operations Thread 47" [_thread_blocked, id=3440, stack(0x0000005919d00000,0x0000005919e00000)]
  0x00000224aca1f7e0 JavaThread "Unconstrained build operations Thread 48" [_thread_blocked, id=2180, stack(0x0000005919e00000,0x0000005919f00000)]
  0x00000224aca1b950 JavaThread "Unconstrained build operations Thread 49" [_thread_blocked, id=18152, stack(0x0000005919f00000,0x000000591a000000)]
  0x00000224aca20ff0 JavaThread "Unconstrained build operations Thread 50" [_thread_blocked, id=17136, stack(0x000000591a000000,0x000000591a100000)]
  0x00000224aca1f310 JavaThread "Unconstrained build operations Thread 51" [_thread_blocked, id=9616, stack(0x000000591a100000,0x000000591a200000)]
  0x00000224aca1fcb0 JavaThread "Unconstrained build operations Thread 52" [_thread_blocked, id=6084, stack(0x000000591a200000,0x000000591a300000)]
  0x00000224aca1be20 JavaThread "Unconstrained build operations Thread 53" [_thread_blocked, id=11976, stack(0x000000591a300000,0x000000591a400000)]
  0x00000224aca1c2f0 JavaThread "Unconstrained build operations Thread 54" [_thread_blocked, id=12216, stack(0x000000591a400000,0x000000591a500000)]
  0x00000224aca1aae0 JavaThread "Unconstrained build operations Thread 55" [_thread_blocked, id=11672, stack(0x000000591a500000,0x000000591a600000)]
  0x00000224aca20180 JavaThread "Unconstrained build operations Thread 56" [_thread_blocked, id=13088, stack(0x000000591a600000,0x000000591a700000)]
  0x00000224aca1a140 JavaThread "Unconstrained build operations Thread 57" [_thread_blocked, id=4964, stack(0x000000591a700000,0x000000591a800000)]
  0x00000224aca20650 JavaThread "Unconstrained build operations Thread 58" [_thread_blocked, id=2960, stack(0x000000591a800000,0x000000591a900000)]
  0x00000224aca214c0 JavaThread "Unconstrained build operations Thread 59" [_thread_blocked, id=17880, stack(0x000000591a900000,0x000000591aa00000)]
  0x00000224aca1a610 JavaThread "Unconstrained build operations Thread 60" [_thread_blocked, id=15404, stack(0x000000591aa00000,0x000000591ab00000)]
  0x00000224aca1afb0 JavaThread "Unconstrained build operations Thread 61" [_thread_blocked, id=17788, stack(0x000000591ab00000,0x000000591ac00000)]
  0x00000224b05e4da0 JavaThread "Unconstrained build operations Thread 62" [_thread_blocked, id=17728, stack(0x000000591ac00000,0x000000591ad00000)]
  0x00000224b05e0f10 JavaThread "Unconstrained build operations Thread 63" [_thread_blocked, id=15948, stack(0x000000591ad00000,0x000000591ae00000)]
  0x00000224b05e78f0 JavaThread "Unconstrained build operations Thread 64" [_thread_blocked, id=16144, stack(0x000000591ae00000,0x000000591af00000)]
  0x00000224b05e60e0 JavaThread "Unconstrained build operations Thread 65" [_thread_blocked, id=15644, stack(0x000000591af00000,0x000000591b000000)]
  0x00000224b05e5c10 JavaThread "Unconstrained build operations Thread 66" [_thread_blocked, id=17540, stack(0x000000591b000000,0x000000591b100000)]
  0x00000224b05e3590 JavaThread "Unconstrained build operations Thread 67" [_thread_blocked, id=17040, stack(0x000000591b100000,0x000000591b200000)]
  0x00000224b05e5270 JavaThread "Unconstrained build operations Thread 68" [_thread_blocked, id=7220, stack(0x000000591b200000,0x000000591b300000)]
  0x00000224b05e5740 JavaThread "Unconstrained build operations Thread 69" [_thread_blocked, id=8836, stack(0x000000591b300000,0x000000591b400000)]
  0x00000224b05e2720 JavaThread "Unconstrained build operations Thread 70" [_thread_blocked, id=4924, stack(0x000000591b400000,0x000000591b500000)]
  0x00000224b05e2250 JavaThread "Unconstrained build operations Thread 71" [_thread_blocked, id=13396, stack(0x000000591b500000,0x000000591b600000)]
  0x00000224b05e7dc0 JavaThread "Unconstrained build operations Thread 72" [_thread_blocked, id=4928, stack(0x000000591b600000,0x000000591b700000)]
  0x00000224b05e6f50 JavaThread "Unconstrained build operations Thread 73" [_thread_blocked, id=17772, stack(0x000000591b700000,0x000000591b800000)]
  0x00000224b05e3a60 JavaThread "Unconstrained build operations Thread 74" [_thread_blocked, id=164, stack(0x000000591b800000,0x000000591b900000)]
  0x00000224b05e65b0 JavaThread "Unconstrained build operations Thread 75" [_thread_blocked, id=18320, stack(0x000000591b900000,0x000000591ba00000)]
  0x00000224b05e0570 JavaThread "Unconstrained build operations Thread 76" [_thread_blocked, id=2100, stack(0x000000591ba00000,0x000000591bb00000)]
  0x00000224b05e6a80 JavaThread "Unconstrained build operations Thread 77" [_thread_blocked, id=11160, stack(0x000000591bb00000,0x000000591bc00000)]
  0x00000224b05e0a40 JavaThread "Unconstrained build operations Thread 78" [_thread_blocked, id=11892, stack(0x000000591bc00000,0x000000591bd00000)]
  0x00000224b05e7420 JavaThread "Unconstrained build operations Thread 79" [_thread_blocked, id=18112, stack(0x000000591bd00000,0x000000591be00000)]
  0x00000224b05e2bf0 JavaThread "Unconstrained build operations Thread 80" [_thread_blocked, id=2424, stack(0x000000591be00000,0x000000591bf00000)]
  0x00000224b05e4400 JavaThread "Memory manager" [_thread_blocked, id=11380, stack(0x000000591bf00000,0x000000591c000000)]
  0x00000224b0696f00 JavaThread "pool-3-thread-1" [_thread_blocked, id=5856, stack(0x000000591c000000,0x000000591c100000)]
  0x00000224b0699580 JavaThread "Cache worker for execution history cache (F:\2022_implude\asd_front-main\.gradle\7.3.3\executionHistory)" [_thread_blocked, id=18068, stack(0x000000591c800000,0x000000591c900000)]

Other Threads:
  0x00000224a69844d0 VMThread "VM Thread" [stack: 0x0000005913800000,0x0000005913900000] [id=16488]
  0x00000224a73e11e0 WatcherThread [stack: 0x0000005914300000,0x0000005914400000] [id=10424]
  0x0000022487df5d60 GCTaskThread "GC Thread#0" [stack: 0x0000005913300000,0x0000005913400000] [id=14188]
  0x00000224a8421b10 GCTaskThread "GC Thread#1" [stack: 0x0000005914600000,0x0000005914700000] [id=4388]
  0x00000224a8422170 GCTaskThread "GC Thread#2" [stack: 0x0000005914700000,0x0000005914800000] [id=5084]
  0x00000224a8420b20 GCTaskThread "GC Thread#3" [stack: 0x0000005914800000,0x0000005914900000] [id=12592]
  0x00000224a84207f0 GCTaskThread "GC Thread#4" [stack: 0x0000005914900000,0x0000005914a00000] [id=10260]
  0x00000224a8420e50 GCTaskThread "GC Thread#5" [stack: 0x0000005914a00000,0x0000005914b00000] [id=4420]
  0x00000224a8421e40 GCTaskThread "GC Thread#6" [stack: 0x0000005916400000,0x0000005916500000] [id=18264]
  0x00000224a84224a0 GCTaskThread "GC Thread#7" [stack: 0x0000005916500000,0x0000005916600000] [id=17288]
  0x0000022487e07ec0 ConcurrentGCThread "G1 Main Marker" [stack: 0x0000005913400000,0x0000005913500000] [id=15012]
  0x0000022487e08ab0 ConcurrentGCThread "G1 Conc#0" [stack: 0x0000005913500000,0x0000005913600000] [id=5792]
  0x00000224a8423160 ConcurrentGCThread "G1 Conc#1" [stack: 0x0000005916600000,0x0000005916700000] [id=10628]
  0x0000022487e8e6b0 ConcurrentGCThread "G1 Refine#0" [stack: 0x0000005913600000,0x0000005913700000] [id=17816]
  0x00000224a7a67fc0 ConcurrentGCThread "G1 Refine#1" [stack: 0x0000005914b00000,0x0000005914c00000] [id=17144]
  0x00000224aad41060 ConcurrentGCThread "G1 Refine#2" [stack: 0x0000005916d00000,0x0000005916e00000] [id=888]
  0x00000224a67fc210 ConcurrentGCThread "G1 Young RemSet Sampling" [stack: 0x0000005913700000,0x0000005913800000] [id=17768]

Threads with active compile tasks:
C2 CompilerThread1    11033 10869 %     4       sun.security.util.AbstractAlgorithmConstraints::checkAlgorithm @ 31 (140 bytes)
C2 CompilerThread2    11033 10799       4       sun.invoke.util.VerifyAccess::isClassAccessible (230 bytes)

VM state: not at safepoint (normal execution)

VM Mutex/Monitor currently owned by a thread: None

Heap address: 0x0000000080000000, size: 2048 MB, Compressed Oops mode: 32-bit
CDS archive(s) mapped at: [0x0000000800000000-0x0000000800b50000-0x0000000800b50000), size 11862016, SharedBaseAddress: 0x0000000800000000, ArchiveRelocationMode: 0.
Compressed class space mapped at: 0x0000000800b50000-0x0000000840b50000, size: 1073741824
Narrow klass base: 0x0000000800000000, Narrow klass shift: 3, Narrow klass range: 0x100000000

GC Precious Log:
 CPUs: 8 total, 8 available
 Memory: 16057M
 Large Page Support: Disabled
 NUMA Support: Disabled
 Compressed Oops: Enabled (32-bit)
 Heap Region Size: 1M
 Heap Min Capacity: 8M
 Heap Initial Capacity: 252M
 Heap Max Capacity: 2G
 Pre-touch: Disabled
 Parallel Workers: 8
 Concurrent Workers: 2
 Concurrent Refinement Workers: 8
 Periodic GC: Disabled

Heap:
 garbage-first heap   total 215040K, used 132493K [0x0000000080000000, 0x0000000100000000)
  region size 1024K, 15 young (15360K), 7 survivors (7168K)
 Metaspace       used 98820K, capacity 100115K, committed 100400K, reserved 1136640K
  class space    used 12734K, capacity 13134K, committed 13184K, reserved 1048576K

Heap Regions: E=young(eden), S=young(survivor), O=old, HS=humongous(starts), HC=humongous(continues), CS=collection set, F=free, OA=open archive, CA=closed archive, TAMS=top-at-mark-start (previous, next)
|   0|0x0000000080000000, 0x0000000080100000, 0x0000000080100000|100%| O|  |TAMS 0x0000000080100000, 0x0000000080000000| Untracked 
|   1|0x0000000080100000, 0x0000000080200000, 0x0000000080200000|100%| O|  |TAMS 0x0000000080200000, 0x0000000080100000| Untracked 
|   2|0x0000000080200000, 0x0000000080280400, 0x0000000080300000| 50%| O|  |TAMS 0x0000000080280400, 0x0000000080200000| Untracked 
|   3|0x0000000080300000, 0x0000000080400000, 0x0000000080400000|100%|HS|  |TAMS 0x0000000080400000, 0x0000000080300000| Complete 
|   4|0x0000000080400000, 0x0000000080500000, 0x0000000080500000|100%|HC|  |TAMS 0x0000000080500000, 0x0000000080400000| Complete 
|   5|0x0000000080500000, 0x0000000080600000, 0x0000000080600000|100%|HC|  |TAMS 0x0000000080600000, 0x0000000080500000| Complete 
|   6|0x0000000080600000, 0x0000000080700000, 0x0000000080700000|100%| O|  |TAMS 0x0000000080700000, 0x0000000080600000| Untracked 
|   7|0x0000000080700000, 0x0000000080800000, 0x0000000080800000|100%| O|  |TAMS 0x0000000080800000, 0x0000000080700000| Untracked 
|   8|0x0000000080800000, 0x0000000080900000, 0x0000000080900000|100%| O|  |TAMS 0x0000000080900000, 0x0000000080800000| Untracked 
|   9|0x0000000080900000, 0x0000000080a00000, 0x0000000080a00000|100%| O|  |TAMS 0x0000000080a00000, 0x0000000080900000| Untracked 
|  10|0x0000000080a00000, 0x0000000080b00000, 0x0000000080b00000|100%| O|  |TAMS 0x0000000080b00000, 0x0000000080a00000| Untracked 
|  11|0x0000000080b00000, 0x0000000080c00000, 0x0000000080c00000|100%|HS|  |TAMS 0x0000000080c00000, 0x0000000080b00000| Complete 
|  12|0x0000000080c00000, 0x0000000080d00000, 0x0000000080d00000|100%|HC|  |TAMS 0x0000000080d00000, 0x0000000080c00000| Complete 
|  13|0x0000000080d00000, 0x0000000080e00000, 0x0000000080e00000|100%|HS|  |TAMS 0x0000000080e00000, 0x0000000080d00000| Complete 
|  14|0x0000000080e00000, 0x0000000080f00000, 0x0000000080f00000|100%|HC|  |TAMS 0x0000000080f00000, 0x0000000080e00000| Complete 
|  15|0x0000000080f00000, 0x0000000081000000, 0x0000000081000000|100%|HC|  |TAMS 0x0000000081000000, 0x0000000080f00000| Complete 
|  16|0x0000000081000000, 0x0000000081100000, 0x0000000081100000|100%|HS|  |TAMS 0x0000000081100000, 0x0000000081000000| Complete 
|  17|0x0000000081100000, 0x0000000081200000, 0x0000000081200000|100%|HS|  |TAMS 0x0000000081200000, 0x0000000081100000| Complete 
|  18|0x0000000081200000, 0x0000000081300000, 0x0000000081300000|100%|HC|  |TAMS 0x0000000081300000, 0x0000000081200000| Complete 
|  19|0x0000000081300000, 0x0000000081400000, 0x0000000081400000|100%|HC|  |TAMS 0x0000000081400000, 0x0000000081300000| Complete 
|  20|0x0000000081400000, 0x0000000081500000, 0x0000000081500000|100%|HC|  |TAMS 0x0000000081500000, 0x0000000081400000| Complete 
|  21|0x0000000081500000, 0x0000000081600000, 0x0000000081600000|100%| O|  |TAMS 0x0000000081600000, 0x0000000081500000| Untracked 
|  22|0x0000000081600000, 0x0000000081700000, 0x0000000081700000|100%| O|  |TAMS 0x0000000081700000, 0x0000000081600000| Untracked 
|  23|0x0000000081700000, 0x0000000081800000, 0x0000000081800000|100%| O|  |TAMS 0x0000000081800000, 0x0000000081700000| Untracked 
|  24|0x0000000081800000, 0x0000000081900000, 0x0000000081900000|100%| O|  |TAMS 0x0000000081900000, 0x0000000081800000| Untracked 
|  25|0x0000000081900000, 0x0000000081a00000, 0x0000000081a00000|100%| O|  |TAMS 0x0000000081a00000, 0x0000000081900000| Untracked 
|  26|0x0000000081a00000, 0x0000000081b00000, 0x0000000081b00000|100%| O|  |TAMS 0x0000000081b00000, 0x0000000081a00000| Untracked 
|  27|0x0000000081b00000, 0x0000000081c00000, 0x0000000081c00000|100%| O|  |TAMS 0x0000000081c00000, 0x0000000081b00000| Untracked 
|  28|0x0000000081c00000, 0x0000000081d00000, 0x0000000081d00000|100%| O|  |TAMS 0x0000000081d00000, 0x0000000081c00000| Untracked 
|  29|0x0000000081d00000, 0x0000000081e00000, 0x0000000081e00000|100%| O|  |TAMS 0x0000000081e00000, 0x0000000081d00000| Untracked 
|  30|0x0000000081e00000, 0x0000000081f00000, 0x0000000081f00000|100%| O|  |TAMS 0x0000000081f00000, 0x0000000081e00000| Untracked 
|  31|0x0000000081f00000, 0x0000000082000000, 0x0000000082000000|100%| O|  |TAMS 0x0000000082000000, 0x0000000081f00000| Untracked 
|  32|0x0000000082000000, 0x0000000082100000, 0x0000000082100000|100%| O|  |TAMS 0x0000000082100000, 0x0000000082000000| Untracked 
|  33|0x0000000082100000, 0x0000000082200000, 0x0000000082200000|100%| O|  |TAMS 0x0000000082200000, 0x0000000082100000| Untracked 
|  34|0x0000000082200000, 0x0000000082300000, 0x0000000082300000|100%|HS|  |TAMS 0x0000000082300000, 0x0000000082200000| Complete 
|  35|0x0000000082300000, 0x0000000082400000, 0x0000000082400000|100%|HC|  |TAMS 0x0000000082400000, 0x0000000082300000| Complete 
|  36|0x0000000082400000, 0x0000000082500000, 0x0000000082500000|100%|HC|  |TAMS 0x0000000082500000, 0x0000000082400000| Complete 
|  37|0x0000000082500000, 0x0000000082600000, 0x0000000082600000|100%| O|  |TAMS 0x0000000082600000, 0x0000000082500000| Untracked 
|  38|0x0000000082600000, 0x0000000082700000, 0x0000000082700000|100%| O|  |TAMS 0x0000000082700000, 0x0000000082600000| Untracked 
|  39|0x0000000082700000, 0x0000000082800000, 0x0000000082800000|100%| O|  |TAMS 0x0000000082800000, 0x0000000082700000| Untracked 
|  40|0x0000000082800000, 0x0000000082900000, 0x0000000082900000|100%| O|  |TAMS 0x0000000082900000, 0x0000000082800000| Untracked 
|  41|0x0000000082900000, 0x0000000082a00000, 0x0000000082a00000|100%| O|  |TAMS 0x0000000082a00000, 0x0000000082900000| Untracked 
|  42|0x0000000082a00000, 0x0000000082b00000, 0x0000000082b00000|100%|HS|  |TAMS 0x0000000082b00000, 0x0000000082a00000| Complete 
|  43|0x0000000082b00000, 0x0000000082c00000, 0x0000000082c00000|100%| O|  |TAMS 0x0000000082c00000, 0x0000000082b00000| Untracked 
|  44|0x0000000082c00000, 0x0000000082d00000, 0x0000000082d00000|100%| O|  |TAMS 0x0000000082d00000, 0x0000000082c00000| Untracked 
|  45|0x0000000082d00000, 0x0000000082e00000, 0x0000000082e00000|100%| O|  |TAMS 0x0000000082e00000, 0x0000000082d00000| Untracked 
|  46|0x0000000082e00000, 0x0000000082f00000, 0x0000000082f00000|100%|HS|  |TAMS 0x0000000082f00000, 0x0000000082e00000| Complete 
|  47|0x0000000082f00000, 0x0000000083000000, 0x0000000083000000|100%|HC|  |TAMS 0x0000000083000000, 0x0000000082f00000| Complete 
|  48|0x0000000083000000, 0x0000000083100000, 0x0000000083100000|100%|HC|  |TAMS 0x0000000083100000, 0x0000000083000000| Complete 
|  49|0x0000000083100000, 0x0000000083200000, 0x0000000083200000|100%|HC|  |TAMS 0x0000000083200000, 0x0000000083100000| Complete 
|  50|0x0000000083200000, 0x0000000083300000, 0x0000000083300000|100%| O|  |TAMS 0x0000000083300000, 0x0000000083200000| Untracked 
|  51|0x0000000083300000, 0x0000000083400000, 0x0000000083400000|100%| O|  |TAMS 0x0000000083400000, 0x0000000083300000| Untracked 
|  52|0x0000000083400000, 0x0000000083500000, 0x0000000083500000|100%| O|  |TAMS 0x0000000083500000, 0x0000000083400000| Untracked 
|  53|0x0000000083500000, 0x0000000083600000, 0x0000000083600000|100%| O|  |TAMS 0x0000000083600000, 0x0000000083500000| Untracked 
|  54|0x0000000083600000, 0x0000000083700000, 0x0000000083700000|100%| O|  |TAMS 0x0000000083700000, 0x0000000083600000| Untracked 
|  55|0x0000000083700000, 0x0000000083800000, 0x0000000083800000|100%| O|  |TAMS 0x0000000083800000, 0x0000000083700000| Untracked 
|  56|0x0000000083800000, 0x0000000083900000, 0x0000000083900000|100%| O|  |TAMS 0x0000000083900000, 0x0000000083800000| Untracked 
|  57|0x0000000083900000, 0x0000000083a00000, 0x0000000083a00000|100%| O|  |TAMS 0x0000000083a00000, 0x0000000083900000| Untracked 
|  58|0x0000000083a00000, 0x0000000083b00000, 0x0000000083b00000|100%| O|  |TAMS 0x0000000083b00000, 0x0000000083a00000| Untracked 
|  59|0x0000000083b00000, 0x0000000083c00000, 0x0000000083c00000|100%| O|  |TAMS 0x0000000083c00000, 0x0000000083b00000| Untracked 
|  60|0x0000000083c00000, 0x0000000083d00000, 0x0000000083d00000|100%|HS|  |TAMS 0x0000000083d00000, 0x0000000083c00000| Complete 
|  61|0x0000000083d00000, 0x0000000083e00000, 0x0000000083e00000|100%|HS|  |TAMS 0x0000000083e00000, 0x0000000083d00000| Complete 
|  62|0x0000000083e00000, 0x0000000083f00000, 0x0000000083f00000|100%|HS|  |TAMS 0x0000000083f00000, 0x0000000083e00000| Complete 
|  63|0x0000000083f00000, 0x0000000084000000, 0x0000000084000000|100%|HS|  |TAMS 0x0000000084000000, 0x0000000083f00000| Complete 
|  64|0x0000000084000000, 0x0000000084100000, 0x0000000084100000|100%|HC|  |TAMS 0x0000000084100000, 0x0000000084000000| Complete 
|  65|0x0000000084100000, 0x0000000084200000, 0x0000000084200000|100%|HC|  |TAMS 0x0000000084200000, 0x0000000084100000| Complete 
|  66|0x0000000084200000, 0x0000000084300000, 0x0000000084300000|100%|HS|  |TAMS 0x0000000084300000, 0x0000000084200000| Complete 
|  67|0x0000000084300000, 0x0000000084400000, 0x0000000084400000|100%|HC|  |TAMS 0x0000000084400000, 0x0000000084300000| Complete 
|  68|0x0000000084400000, 0x0000000084500000, 0x0000000084500000|100%| O|  |TAMS 0x0000000084500000, 0x0000000084400000| Untracked 
|  69|0x0000000084500000, 0x0000000084600000, 0x0000000084600000|100%| O|  |TAMS 0x0000000084600000, 0x0000000084500000| Untracked 
|  70|0x0000000084600000, 0x0000000084700000, 0x0000000084700000|100%| O|  |TAMS 0x0000000084700000, 0x0000000084600000| Untracked 
|  71|0x0000000084700000, 0x0000000084800000, 0x0000000084800000|100%| O|  |TAMS 0x0000000084800000, 0x0000000084700000| Untracked 
|  72|0x0000000084800000, 0x0000000084900000, 0x0000000084900000|100%| O|  |TAMS 0x0000000084900000, 0x0000000084800000| Untracked 
|  73|0x0000000084900000, 0x0000000084a00000, 0x0000000084a00000|100%| O|  |TAMS 0x0000000084a00000, 0x0000000084900000| Untracked 
|  74|0x0000000084a00000, 0x0000000084b00000, 0x0000000084b00000|100%| O|  |TAMS 0x0000000084b00000, 0x0000000084a00000| Untracked 
|  75|0x0000000084b00000, 0x0000000084c00000, 0x0000000084c00000|100%| O|  |TAMS 0x0000000084c00000, 0x0000000084b00000| Untracked 
|  76|0x0000000084c00000, 0x0000000084d00000, 0x0000000084d00000|100%| O|  |TAMS 0x0000000084d00000, 0x0000000084c00000| Untracked 
|  77|0x0000000084d00000, 0x0000000084e00000, 0x0000000084e00000|100%| O|  |TAMS 0x0000000084e00000, 0x0000000084d00000| Untracked 
|  78|0x0000000084e00000, 0x0000000084f00000, 0x0000000084f00000|100%| O|  |TAMS 0x0000000084f00000, 0x0000000084e00000| Untracked 
|  79|0x0000000084f00000, 0x0000000085000000, 0x0000000085000000|100%| O|  |TAMS 0x0000000085000000, 0x0000000084f00000| Untracked 
|  80|0x0000000085000000, 0x0000000085100000, 0x0000000085100000|100%| O|  |TAMS 0x0000000085100000, 0x0000000085000000| Untracked 
|  81|0x0000000085100000, 0x0000000085200000, 0x0000000085200000|100%| O|  |TAMS 0x0000000085200000, 0x0000000085100000| Untracked 
|  82|0x0000000085200000, 0x0000000085300000, 0x0000000085300000|100%| O|  |TAMS 0x0000000085300000, 0x0000000085200000| Untracked 
|  83|0x0000000085300000, 0x0000000085400000, 0x0000000085400000|100%| O|  |TAMS 0x0000000085400000, 0x0000000085300000| Untracked 
|  84|0x0000000085400000, 0x0000000085500000, 0x0000000085500000|100%| O|  |TAMS 0x0000000085500000, 0x0000000085400000| Untracked 
|  85|0x0000000085500000, 0x0000000085600000, 0x0000000085600000|100%| O|  |TAMS 0x0000000085600000, 0x0000000085500000| Untracked 
|  86|0x0000000085600000, 0x0000000085700000, 0x0000000085700000|100%| O|  |TAMS 0x0000000085700000, 0x0000000085600000| Untracked 
|  87|0x0000000085700000, 0x0000000085800000, 0x0000000085800000|100%| O|  |TAMS 0x0000000085800000, 0x0000000085700000| Untracked 
|  88|0x0000000085800000, 0x0000000085900000, 0x0000000085900000|100%| O|  |TAMS 0x0000000085900000, 0x0000000085800000| Untracked 
|  89|0x0000000085900000, 0x0000000085a00000, 0x0000000085a00000|100%| O|  |TAMS 0x0000000085a00000, 0x0000000085900000| Untracked 
|  90|0x0000000085a00000, 0x0000000085b00000, 0x0000000085b00000|100%| O|  |TAMS 0x0000000085b00000, 0x0000000085a00000| Untracked 
|  91|0x0000000085b00000, 0x0000000085c00000, 0x0000000085c00000|100%| O|  |TAMS 0x0000000085c00000, 0x0000000085b00000| Untracked 
|  92|0x0000000085c00000, 0x0000000085d00000, 0x0000000085d00000|100%| O|  |TAMS 0x0000000085d00000, 0x0000000085c00000| Untracked 
|  93|0x0000000085d00000, 0x0000000085e00000, 0x0000000085e00000|100%|HS|  |TAMS 0x0000000085e00000, 0x0000000085d00000| Complete 
|  94|0x0000000085e00000, 0x0000000085f00000, 0x0000000085f00000|100%|HC|  |TAMS 0x0000000085f00000, 0x0000000085e00000| Complete 
|  95|0x0000000085f00000, 0x0000000086000000, 0x0000000086000000|100%|HS|  |TAMS 0x0000000086000000, 0x0000000085f00000| Complete 
|  96|0x0000000086000000, 0x0000000086100000, 0x0000000086100000|100%|HC|  |TAMS 0x0000000086100000, 0x0000000086000000| Complete 
|  97|0x0000000086100000, 0x0000000086200000, 0x0000000086200000|100%|HC|  |TAMS 0x0000000086200000, 0x0000000086100000| Complete 
|  98|0x0000000086200000, 0x0000000086300000, 0x0000000086300000|100%|HS|  |TAMS 0x0000000086300000, 0x0000000086200000| Complete 
|  99|0x0000000086300000, 0x0000000086400000, 0x0000000086400000|100%|HS|  |TAMS 0x0000000086400000, 0x0000000086300000| Complete 
| 100|0x0000000086400000, 0x0000000086500000, 0x0000000086500000|100%|HC|  |TAMS 0x0000000086500000, 0x0000000086400000| Complete 
| 101|0x0000000086500000, 0x0000000086600000, 0x0000000086600000|100%|HC|  |TAMS 0x0000000086600000, 0x0000000086500000| Complete 
| 102|0x0000000086600000, 0x0000000086700000, 0x0000000086700000|100%|HC|  |TAMS 0x0000000086700000, 0x0000000086600000| Complete 
| 103|0x0000000086700000, 0x0000000086800000, 0x0000000086800000|100%| O|  |TAMS 0x0000000086800000, 0x0000000086700000| Untracked 
| 104|0x0000000086800000, 0x0000000086900000, 0x0000000086900000|100%| O|  |TAMS 0x0000000086900000, 0x0000000086800000| Untracked 
| 105|0x0000000086900000, 0x0000000086a00000, 0x0000000086a00000|100%| O|  |TAMS 0x0000000086a00000, 0x0000000086900000| Untracked 
| 106|0x0000000086a00000, 0x0000000086b00000, 0x0000000086b00000|100%| O|  |TAMS 0x0000000086b00000, 0x0000000086a00000| Untracked 
| 107|0x0000000086b00000, 0x0000000086be3200, 0x0000000086c00000| 88%| O|  |TAMS 0x0000000086b00000, 0x0000000086b00000| Untracked 
| 108|0x0000000086c00000, 0x0000000086d00000, 0x0000000086d00000|100%| O|  |TAMS 0x0000000086d00000, 0x0000000086c00000| Untracked 
| 109|0x0000000086d00000, 0x0000000086e00000, 0x0000000086e00000|100%| O|  |TAMS 0x0000000086e00000, 0x0000000086d00000| Untracked 
| 110|0x0000000086e00000, 0x0000000086f00000, 0x0000000086f00000|100%| O|  |TAMS 0x0000000086f00000, 0x0000000086e00000| Untracked 
| 111|0x0000000086f00000, 0x0000000087000000, 0x0000000087000000|100%| O|  |TAMS 0x0000000087000000, 0x0000000086f00000| Untracked 
| 112|0x0000000087000000, 0x0000000087100000, 0x0000000087100000|100%| O|  |TAMS 0x0000000087100000, 0x0000000087000000| Untracked 
| 113|0x0000000087100000, 0x0000000087200000, 0x0000000087200000|100%| O|  |TAMS 0x0000000087200000, 0x0000000087100000| Untracked 
| 114|0x0000000087200000, 0x0000000087300000, 0x0000000087300000|100%| O|  |TAMS 0x0000000087300000, 0x0000000087200000| Untracked 
| 115|0x0000000087300000, 0x0000000087400000, 0x0000000087400000|100%| O|  |TAMS 0x0000000087400000, 0x0000000087300000| Untracked 
| 116|0x0000000087400000, 0x0000000087400000, 0x0000000087500000|  0%| F|  |TAMS 0x0000000087400000, 0x0000000087400000| Untracked 
| 117|0x0000000087500000, 0x0000000087500000, 0x0000000087600000|  0%| F|  |TAMS 0x0000000087500000, 0x0000000087500000| Untracked 
| 118|0x0000000087600000, 0x0000000087600000, 0x0000000087700000|  0%| F|  |TAMS 0x0000000087600000, 0x0000000087600000| Untracked 
| 119|0x0000000087700000, 0x0000000087700000, 0x0000000087800000|  0%| F|  |TAMS 0x0000000087700000, 0x0000000087700000| Untracked 
| 120|0x0000000087800000, 0x0000000087800000, 0x0000000087900000|  0%| F|  |TAMS 0x0000000087800000, 0x0000000087800000| Untracked 
| 121|0x0000000087900000, 0x0000000087900000, 0x0000000087a00000|  0%| F|  |TAMS 0x0000000087900000, 0x0000000087900000| Untracked 
| 122|0x0000000087a00000, 0x0000000087a00000, 0x0000000087b00000|  0%| F|  |TAMS 0x0000000087a00000, 0x0000000087a00000| Untracked 
| 123|0x0000000087b00000, 0x0000000087b00000, 0x0000000087c00000|  0%| F|  |TAMS 0x0000000087b00000, 0x0000000087b00000| Untracked 
| 124|0x0000000087c00000, 0x0000000087c00000, 0x0000000087d00000|  0%| F|  |TAMS 0x0000000087c00000, 0x0000000087c00000| Untracked 
| 125|0x0000000087d00000, 0x0000000087d00000, 0x0000000087e00000|  0%| F|  |TAMS 0x0000000087d00000, 0x0000000087d00000| Untracked 
| 126|0x0000000087e00000, 0x0000000087e00000, 0x0000000087f00000|  0%| F|  |TAMS 0x0000000087e00000, 0x0000000087e00000| Untracked 
| 127|0x0000000087f00000, 0x0000000087f00000, 0x0000000088000000|  0%| F|  |TAMS 0x0000000087f00000, 0x0000000087f00000| Untracked 
| 128|0x0000000088000000, 0x0000000088000000, 0x0000000088100000|  0%| F|  |TAMS 0x0000000088000000, 0x0000000088000000| Untracked 
| 129|0x0000000088100000, 0x0000000088100000, 0x0000000088200000|  0%| F|  |TAMS 0x0000000088100000, 0x0000000088100000| Untracked 
| 130|0x0000000088200000, 0x0000000088200000, 0x0000000088300000|  0%| F|  |TAMS 0x0000000088200000, 0x0000000088200000| Untracked 
| 131|0x0000000088300000, 0x0000000088300000, 0x0000000088400000|  0%| F|  |TAMS 0x0000000088300000, 0x0000000088300000| Untracked 
| 132|0x0000000088400000, 0x0000000088400000, 0x0000000088500000|  0%| F|  |TAMS 0x0000000088400000, 0x0000000088400000| Untracked 
| 133|0x0000000088500000, 0x0000000088500000, 0x0000000088600000|  0%| F|  |TAMS 0x0000000088500000, 0x0000000088500000| Untracked 
| 134|0x0000000088600000, 0x0000000088600000, 0x0000000088700000|  0%| F|  |TAMS 0x0000000088600000, 0x0000000088600000| Untracked 
| 135|0x0000000088700000, 0x0000000088700000, 0x0000000088800000|  0%| F|  |TAMS 0x0000000088700000, 0x0000000088700000| Untracked 
| 136|0x0000000088800000, 0x0000000088800000, 0x0000000088900000|  0%| F|  |TAMS 0x0000000088800000, 0x0000000088800000| Untracked 
| 137|0x0000000088900000, 0x0000000088900000, 0x0000000088a00000|  0%| F|  |TAMS 0x0000000088900000, 0x0000000088900000| Untracked 
| 138|0x0000000088a00000, 0x0000000088a00000, 0x0000000088b00000|  0%| F|  |TAMS 0x0000000088a00000, 0x0000000088a00000| Untracked 
| 139|0x0000000088b00000, 0x0000000088b00000, 0x0000000088c00000|  0%| F|  |TAMS 0x0000000088b00000, 0x0000000088b00000| Untracked 
| 140|0x0000000088c00000, 0x0000000088c00000, 0x0000000088d00000|  0%| F|  |TAMS 0x0000000088c00000, 0x0000000088c00000| Untracked 
| 141|0x0000000088d00000, 0x0000000088d00000, 0x0000000088e00000|  0%| F|  |TAMS 0x0000000088d00000, 0x0000000088d00000| Untracked 
| 142|0x0000000088e00000, 0x0000000088e00000, 0x0000000088f00000|  0%| F|  |TAMS 0x0000000088e00000, 0x0000000088e00000| Untracked 
| 143|0x0000000088f00000, 0x0000000089000000, 0x0000000089000000|100%| S|CS|TAMS 0x0000000088f00000, 0x0000000088f00000| Complete 
| 144|0x0000000089000000, 0x0000000089100000, 0x0000000089100000|100%| S|CS|TAMS 0x0000000089000000, 0x0000000089000000| Complete 
| 145|0x0000000089100000, 0x0000000089200000, 0x0000000089200000|100%| S|CS|TAMS 0x0000000089100000, 0x0000000089100000| Complete 
| 146|0x0000000089200000, 0x0000000089300000, 0x0000000089300000|100%| S|CS|TAMS 0x0000000089200000, 0x0000000089200000| Complete 
| 147|0x0000000089300000, 0x0000000089400000, 0x0000000089400000|100%| S|CS|TAMS 0x0000000089300000, 0x0000000089300000| Complete 
| 148|0x0000000089400000, 0x0000000089500000, 0x0000000089500000|100%| S|CS|TAMS 0x0000000089400000, 0x0000000089400000| Complete 
| 149|0x0000000089500000, 0x0000000089600000, 0x0000000089600000|100%| S|CS|TAMS 0x0000000089500000, 0x0000000089500000| Complete 
| 150|0x0000000089600000, 0x0000000089600000, 0x0000000089700000|  0%| F|  |TAMS 0x0000000089600000, 0x0000000089600000| Untracked 
| 151|0x0000000089700000, 0x0000000089700000, 0x0000000089800000|  0%| F|  |TAMS 0x0000000089700000, 0x0000000089700000| Untracked 
| 152|0x0000000089800000, 0x0000000089800000, 0x0000000089900000|  0%| F|  |TAMS 0x0000000089800000, 0x0000000089800000| Untracked 
| 153|0x0000000089900000, 0x0000000089900000, 0x0000000089a00000|  0%| F|  |TAMS 0x0000000089900000, 0x0000000089900000| Untracked 
| 154|0x0000000089a00000, 0x0000000089a00000, 0x0000000089b00000|  0%| F|  |TAMS 0x0000000089a00000, 0x0000000089a00000| Untracked 
| 155|0x0000000089b00000, 0x0000000089b00000, 0x0000000089c00000|  0%| F|  |TAMS 0x0000000089b00000, 0x0000000089b00000| Untracked 
| 156|0x0000000089c00000, 0x0000000089c00000, 0x0000000089d00000|  0%| F|  |TAMS 0x0000000089c00000, 0x0000000089c00000| Untracked 
| 157|0x0000000089d00000, 0x0000000089d00000, 0x0000000089e00000|  0%| F|  |TAMS 0x0000000089d00000, 0x0000000089d00000| Untracked 
| 158|0x0000000089e00000, 0x0000000089e00000, 0x0000000089f00000|  0%| F|  |TAMS 0x0000000089e00000, 0x0000000089e00000| Untracked 
| 159|0x0000000089f00000, 0x0000000089f00000, 0x000000008a000000|  0%| F|  |TAMS 0x0000000089f00000, 0x0000000089f00000| Untracked 
| 160|0x000000008a000000, 0x000000008a000000, 0x000000008a100000|  0%| F|  |TAMS 0x000000008a000000, 0x000000008a000000| Untracked 
| 161|0x000000008a100000, 0x000000008a100000, 0x000000008a200000|  0%| F|  |TAMS 0x000000008a100000, 0x000000008a100000| Untracked 
| 162|0x000000008a200000, 0x000000008a200000, 0x000000008a300000|  0%| F|  |TAMS 0x000000008a200000, 0x000000008a200000| Untracked 
| 163|0x000000008a300000, 0x000000008a300000, 0x000000008a400000|  0%| F|  |TAMS 0x000000008a300000, 0x000000008a300000| Untracked 
| 164|0x000000008a400000, 0x000000008a400000, 0x000000008a500000|  0%| F|  |TAMS 0x000000008a400000, 0x000000008a400000| Untracked 
| 165|0x000000008a500000, 0x000000008a500000, 0x000000008a600000|  0%| F|  |TAMS 0x000000008a500000, 0x000000008a500000| Untracked 
| 166|0x000000008a600000, 0x000000008a600000, 0x000000008a700000|  0%| F|  |TAMS 0x000000008a600000, 0x000000008a600000| Untracked 
| 167|0x000000008a700000, 0x000000008a700000, 0x000000008a800000|  0%| F|  |TAMS 0x000000008a700000, 0x000000008a700000| Untracked 
| 168|0x000000008a800000, 0x000000008a800000, 0x000000008a900000|  0%| F|  |TAMS 0x000000008a800000, 0x000000008a800000| Untracked 
| 169|0x000000008a900000, 0x000000008a900000, 0x000000008aa00000|  0%| F|  |TAMS 0x000000008a900000, 0x000000008a900000| Untracked 
| 170|0x000000008aa00000, 0x000000008aa00000, 0x000000008ab00000|  0%| F|  |TAMS 0x000000008aa00000, 0x000000008aa00000| Untracked 
| 171|0x000000008ab00000, 0x000000008ab00000, 0x000000008ac00000|  0%| F|  |TAMS 0x000000008ab00000, 0x000000008ab00000| Untracked 
| 172|0x000000008ac00000, 0x000000008ac00000, 0x000000008ad00000|  0%| F|  |TAMS 0x000000008ac00000, 0x000000008ac00000| Untracked 
| 173|0x000000008ad00000, 0x000000008ad00000, 0x000000008ae00000|  0%| F|  |TAMS 0x000000008ad00000, 0x000000008ad00000| Untracked 
| 174|0x000000008ae00000, 0x000000008ae00000, 0x000000008af00000|  0%| F|  |TAMS 0x000000008ae00000, 0x000000008ae00000| Untracked 
| 175|0x000000008af00000, 0x000000008af00000, 0x000000008b000000|  0%| F|  |TAMS 0x000000008af00000, 0x000000008af00000| Untracked 
| 176|0x000000008b000000, 0x000000008b000000, 0x000000008b100000|  0%| F|  |TAMS 0x000000008b000000, 0x000000008b000000| Untracked 
| 177|0x000000008b100000, 0x000000008b100000, 0x000000008b200000|  0%| F|  |TAMS 0x000000008b100000, 0x000000008b100000| Untracked 
| 178|0x000000008b200000, 0x000000008b200000, 0x000000008b300000|  0%| F|  |TAMS 0x000000008b200000, 0x000000008b200000| Untracked 
| 179|0x000000008b300000, 0x000000008b300000, 0x000000008b400000|  0%| F|  |TAMS 0x000000008b300000, 0x000000008b300000| Untracked 
| 180|0x000000008b400000, 0x000000008b400000, 0x000000008b500000|  0%| F|  |TAMS 0x000000008b400000, 0x000000008b400000| Untracked 
| 181|0x000000008b500000, 0x000000008b500000, 0x000000008b600000|  0%| F|  |TAMS 0x000000008b500000, 0x000000008b500000| Untracked 
| 182|0x000000008b600000, 0x000000008b600000, 0x000000008b700000|  0%| F|  |TAMS 0x000000008b600000, 0x000000008b600000| Untracked 
| 183|0x000000008b700000, 0x000000008b700000, 0x000000008b800000|  0%| F|  |TAMS 0x000000008b700000, 0x000000008b700000| Untracked 
| 184|0x000000008b800000, 0x000000008b800000, 0x000000008b900000|  0%| F|  |TAMS 0x000000008b800000, 0x000000008b800000| Untracked 
| 185|0x000000008b900000, 0x000000008b900000, 0x000000008ba00000|  0%| F|  |TAMS 0x000000008b900000, 0x000000008b900000| Untracked 
| 186|0x000000008ba00000, 0x000000008ba00000, 0x000000008bb00000|  0%| F|  |TAMS 0x000000008ba00000, 0x000000008ba00000| Untracked 
| 187|0x000000008bb00000, 0x000000008bb00000, 0x000000008bc00000|  0%| F|  |TAMS 0x000000008bb00000, 0x000000008bb00000| Untracked 
| 188|0x000000008bc00000, 0x000000008bc00000, 0x000000008bd00000|  0%| F|  |TAMS 0x000000008bc00000, 0x000000008bc00000| Untracked 
| 189|0x000000008bd00000, 0x000000008bd00000, 0x000000008be00000|  0%| F|  |TAMS 0x000000008bd00000, 0x000000008bd00000| Untracked 
| 190|0x000000008be00000, 0x000000008be00000, 0x000000008bf00000|  0%| F|  |TAMS 0x000000008be00000, 0x000000008be00000| Untracked 
| 191|0x000000008bf00000, 0x000000008bf00000, 0x000000008c000000|  0%| F|  |TAMS 0x000000008bf00000, 0x000000008bf00000| Untracked 
| 192|0x000000008c000000, 0x000000008c000000, 0x000000008c100000|  0%| F|  |TAMS 0x000000008c000000, 0x000000008c000000| Untracked 
| 193|0x000000008c100000, 0x000000008c100000, 0x000000008c200000|  0%| F|  |TAMS 0x000000008c100000, 0x000000008c100000| Untracked 
| 194|0x000000008c200000, 0x000000008c200000, 0x000000008c300000|  0%| F|  |TAMS 0x000000008c200000, 0x000000008c200000| Untracked 
| 195|0x000000008c300000, 0x000000008c300000, 0x000000008c400000|  0%| F|  |TAMS 0x000000008c300000, 0x000000008c300000| Untracked 
| 196|0x000000008c400000, 0x000000008c400000, 0x000000008c500000|  0%| F|  |TAMS 0x000000008c400000, 0x000000008c400000| Untracked 
| 197|0x000000008c500000, 0x000000008c500000, 0x000000008c600000|  0%| F|  |TAMS 0x000000008c500000, 0x000000008c500000| Untracked 
| 198|0x000000008c600000, 0x000000008c600000, 0x000000008c700000|  0%| F|  |TAMS 0x000000008c600000, 0x000000008c600000| Untracked 
| 199|0x000000008c700000, 0x000000008c800000, 0x000000008c800000|100%| E|CS|TAMS 0x000000008c700000, 0x000000008c700000| Complete 
| 200|0x000000008c800000, 0x000000008c900000, 0x000000008c900000|100%| E|CS|TAMS 0x000000008c800000, 0x000000008c800000| Complete 
| 201|0x000000008c900000, 0x000000008c900000, 0x000000008ca00000|  0%| F|  |TAMS 0x000000008c900000, 0x000000008c900000| Untracked 
| 202|0x000000008ca00000, 0x000000008ca00000, 0x000000008cb00000|  0%| F|  |TAMS 0x000000008ca00000, 0x000000008ca00000| Untracked 
| 203|0x000000008cb00000, 0x000000008cb00000, 0x000000008cc00000|  0%| F|  |TAMS 0x000000008cb00000, 0x000000008cb00000| Untracked 
| 204|0x000000008cc00000, 0x000000008cd00000, 0x000000008cd00000|100%| E|  |TAMS 0x000000008cc00000, 0x000000008cc00000| Complete 
| 205|0x000000008cd00000, 0x000000008ce00000, 0x000000008ce00000|100%| E|CS|TAMS 0x000000008cd00000, 0x000000008cd00000| Complete 
| 206|0x000000008ce00000, 0x000000008cf00000, 0x000000008cf00000|100%| E|CS|TAMS 0x000000008ce00000, 0x000000008ce00000| Complete 
| 207|0x000000008cf00000, 0x000000008d000000, 0x000000008d000000|100%| E|CS|TAMS 0x000000008cf00000, 0x000000008cf00000| Complete 
| 208|0x000000008d000000, 0x000000008d100000, 0x000000008d100000|100%| E|CS|TAMS 0x000000008d000000, 0x000000008d000000| Complete 
| 251|0x000000008fb00000, 0x000000008fc00000, 0x000000008fc00000|100%| E|CS|TAMS 0x000000008fb00000, 0x000000008fb00000| Complete 

Card table byte_map: [0x000002249f720000,0x000002249fb20000] _byte_map_base: 0x000002249f320000

Marking Bits (Prev, Next): (CMBitMap*) 0x0000022487df75a0, (CMBitMap*) 0x0000022487df7560
 Prev Bits: [0x00000224a1f20000, 0x00000224a3f20000)
 Next Bits: [0x000002249ff20000, 0x00000224a1f20000)

Polling page: 0x0000022485d80000

Metaspace:

Usage:
  Non-class:     84.94 MB capacity,    84.07 MB ( 99%) used,   759.48 KB ( <1%) free+waste,   135.69 KB ( <1%) overhead. 
      Class:     12.83 MB capacity,    12.44 MB ( 97%) used,   346.02 KB (  3%) free+waste,    53.44 KB ( <1%) overhead. 
       Both:     97.77 MB capacity,    96.50 MB ( 99%) used,     1.08 MB (  1%) free+waste,   189.12 KB ( <1%) overhead. 

Virtual space:
  Non-class space:       86.00 MB reserved,      85.17 MB (>99%) committed 
      Class space:        1.00 GB reserved,      12.88 MB (  1%) committed 
             Both:        1.08 GB reserved,      98.05 MB (  9%) committed 

Chunk freelists:
   Non-Class:  43.00 KB
       Class:  18.00 KB
        Both:  61.00 KB

MaxMetaspaceSize: 17179869184.00 GB
CompressedClassSpaceSize: 1.00 GB

CodeHeap 'non-profiled nmethods': size=120000Kb used=6091Kb max_used=6091Kb free=113908Kb
 bounds [0x0000022497ac0000, 0x00000224980c0000, 0x000002249eff0000]
CodeHeap 'profiled nmethods': size=120000Kb used=18191Kb max_used=18191Kb free=101808Kb
 bounds [0x0000022490590000, 0x0000022491760000, 0x0000022497ac0000]
CodeHeap 'non-nmethods': size=5760Kb used=2483Kb max_used=2521Kb free=3276Kb
 bounds [0x000002248fff0000, 0x0000022490270000, 0x0000022490590000]
 total_blobs=10343 nmethods=9371 adapters=884
 compilation: enabled
              stopped_count=0, restarted_count=0
 full_count=0

Compilation events (20 events):
Event: 10.997 Thread 0x00000224a7254230 10888       3       sun.security.util.math.intpoly.IntegerPolynomialP256::mult (943 bytes)
Event: 10.998 Thread 0x00000224a7254230 nmethod 10888 0x0000022491743610 code [0x00000224917437e0, 0x0000022491744508]
Event: 10.998 Thread 0x00000224a7254230 10890       3       sun.security.util.math.intpoly.IntegerPolynomial::conditionalAssign (46 bytes)
Event: 10.998 Thread 0x00000224a7254230 nmethod 10890 0x0000022491744890 code [0x0000022491744a40, 0x0000022491744c18]
Event: 10.998 Thread 0x00000224a7254230 10887       3       sun.security.util.math.intpoly.IntegerPolynomialP256::reduce (40 bytes)
Event: 10.998 Thread 0x00000224a7254230 nmethod 10887 0x0000022491744d90 code [0x0000022491744f40, 0x0000022491745248]
Event: 10.998 Thread 0x00000224a7254230 10891       3       sun.security.util.math.intpoly.IntegerPolynomialP256::carryReduce (454 bytes)
Event: 10.998 Thread 0x00000224a7254230 nmethod 10891 0x0000022491745410 code [0x00000224917455c0, 0x0000022491745a98]
Event: 10.998 Thread 0x00000224a7254230 10889       3       sun.security.util.math.intpoly.IntegerPolynomial$MutableElement::conditionalSet (26 bytes)
Event: 10.998 Thread 0x00000224a7254230 nmethod 10889 0x0000022491745c90 code [0x0000022491745e40, 0x00000224917460a8]
Event: 10.998 Thread 0x00000224a7254230 10892       3       sun.security.util.math.intpoly.IntegerPolynomial$MutableElement::setReduced (5 bytes)
Event: 10.998 Thread 0x00000224a7254230 nmethod 10892 0x0000022491746190 code [0x0000022491746340, 0x0000022491746588]
Event: 10.998 Thread 0x00000224a7254230 10893       3       sun.security.util.math.intpoly.IntegerPolynomial$MutableElement::setReduced (18 bytes)
Event: 10.998 Thread 0x00000224a7254230 nmethod 10893 0x0000022491746690 code [0x0000022491746840, 0x0000022491746a28]
Event: 10.998 Thread 0x00000224a7254230 10894       3       sun.security.ec.point.ProjectivePoint$Mutable::conditionalSet (29 bytes)
Event: 10.999 Thread 0x00000224a7254230 nmethod 10894 0x0000022491746b10 code [0x0000022491746ce0, 0x0000022491747118]
Event: 10.999 Thread 0x00000224a7254230 10895       3       sun.security.ec.point.ProjectivePoint$Mutable::conditionalSet (53 bytes)
Event: 10.999 Thread 0x00000224a7254230 nmethod 10895 0x0000022491747210 code [0x0000022491747440, 0x0000022491747f08]
Event: 10.999 Thread 0x00000224a7254230 10897       3       sun.security.util.math.intpoly.IntegerPolynomialP256::square (613 bytes)
Event: 10.999 Thread 0x00000224a7254230 nmethod 10897 0x0000022491748290 code [0x0000022491748440, 0x0000022491748cc8]

GC Heap History (20 events):
Event: 7.016 GC heap before
{Heap before GC invocations=20 (full 0):
 garbage-first heap   total 147456K, used 114755K [0x0000000080000000, 0x0000000100000000)
  region size 1024K, 35 young (35840K), 3 survivors (3072K)
 Metaspace       used 62631K, capacity 63712K, committed 63920K, reserved 1105920K
  class space    used 8141K, capacity 8431K, committed 8448K, reserved 1048576K
}
Event: 7.020 GC heap after
{Heap after GC invocations=21 (full 0):
 garbage-first heap   total 147456K, used 86308K [0x0000000080000000, 0x0000000100000000)
  region size 1024K, 5 young (5120K), 5 survivors (5120K)
 Metaspace       used 62631K, capacity 63712K, committed 63920K, reserved 1105920K
  class space    used 8141K, capacity 8431K, committed 8448K, reserved 1048576K
}
Event: 7.193 GC heap before
{Heap before GC invocations=22 (full 0):
 garbage-first heap   total 150528K, used 102692K [0x0000000080000000, 0x0000000100000000)
  region size 1024K, 22 young (22528K), 5 survivors (5120K)
 Metaspace       used 64099K, capacity 65222K, committed 65456K, reserved 1105920K
  class space    used 8292K, capacity 8591K, committed 8704K, reserved 1048576K
}
Event: 7.196 GC heap after
{Heap after GC invocations=23 (full 0):
 garbage-first heap   total 150528K, used 88193K [0x0000000080000000, 0x0000000100000000)
  region size 1024K, 2 young (2048K), 2 survivors (2048K)
 Metaspace       used 64099K, capacity 65222K, committed 65456K, reserved 1105920K
  class space    used 8292K, capacity 8591K, committed 8704K, reserved 1048576K
}
Event: 7.543 GC heap before
{Heap before GC invocations=24 (full 0):
 garbage-first heap   total 157696K, used 121985K [0x0000000080000000, 0x0000000100000000)
  region size 1024K, 34 young (34816K), 2 survivors (2048K)
 Metaspace       used 67150K, capacity 68304K, committed 68656K, reserved 1110016K
  class space    used 8662K, capacity 8977K, committed 9088K, reserved 1048576K
}
Event: 7.546 GC heap after
{Heap after GC invocations=25 (full 0):
 garbage-first heap   total 157696K, used 89696K [0x0000000080000000, 0x0000000100000000)
  region size 1024K, 4 young (4096K), 4 survivors (4096K)
 Metaspace       used 67150K, capacity 68304K, committed 68656K, reserved 1110016K
  class space    used 8662K, capacity 8977K, committed 9088K, reserved 1048576K
}
Event: 7.774 GC heap before
{Heap before GC invocations=25 (full 0):
 garbage-first heap   total 157696K, used 127584K [0x0000000080000000, 0x0000000100000000)
  region size 1024K, 41 young (41984K), 4 survivors (4096K)
 Metaspace       used 67649K, capacity 68862K, committed 68912K, reserved 1110016K
  class space    used 8722K, capacity 9055K, committed 9088K, reserved 1048576K
}
Event: 7.778 GC heap after
{Heap after GC invocations=26 (full 0):
 garbage-first heap   total 157696K, used 90723K [0x0000000080000000, 0x0000000100000000)
  region size 1024K, 4 young (4096K), 4 survivors (4096K)
 Metaspace       used 67649K, capacity 68862K, committed 68912K, reserved 1110016K
  class space    used 8722K, capacity 9055K, committed 9088K, reserved 1048576K
}
Event: 8.124 GC heap before
{Heap before GC invocations=27 (full 0):
 garbage-first heap   total 165888K, used 127587K [0x0000000080000000, 0x0000000100000000)
  region size 1024K, 40 young (40960K), 4 survivors (4096K)
 Metaspace       used 70128K, capacity 71392K, committed 71600K, reserved 1112064K
  class space    used 9032K, capacity 9409K, committed 9472K, reserved 1048576K
}
Event: 8.128 GC heap after
{Heap after GC invocations=28 (full 0):
 garbage-first heap   total 165888K, used 94067K [0x0000000080000000, 0x0000000100000000)
  region size 1024K, 5 young (5120K), 5 survivors (5120K)
 Metaspace       used 70128K, capacity 71392K, committed 71600K, reserved 1112064K
  class space    used 9032K, capacity 9409K, committed 9472K, reserved 1048576K
}
Event: 8.524 GC heap before
{Heap before GC invocations=28 (full 0):
 garbage-first heap   total 165888K, used 135027K [0x0000000080000000, 0x0000000100000000)
  region size 1024K, 45 young (46080K), 5 survivors (5120K)
 Metaspace       used 74890K, capacity 76145K, committed 76208K, reserved 1116160K
  class space    used 9822K, capacity 10191K, committed 10240K, reserved 1048576K
}
Event: 8.529 GC heap after
{Heap after GC invocations=29 (full 0):
 garbage-first heap   total 165888K, used 96827K [0x0000000080000000, 0x0000000100000000)
  region size 1024K, 3 young (3072K), 3 survivors (3072K)
 Metaspace       used 74890K, capacity 76145K, committed 76208K, reserved 1116160K
  class space    used 9822K, capacity 10191K, committed 10240K, reserved 1048576K
}
Event: 8.900 GC heap before
{Heap before GC invocations=30 (full 0):
 garbage-first heap   total 168960K, used 130619K [0x0000000080000000, 0x0000000100000000)
  region size 1024K, 37 young (37888K), 3 survivors (3072K)
 Metaspace       used 78900K, capacity 80309K, committed 80560K, reserved 1120256K
  class space    used 10262K, capacity 10652K, committed 10752K, reserved 1048576K
}
Event: 8.905 GC heap after
{Heap after GC invocations=31 (full 0):
 garbage-first heap   total 202752K, used 100865K [0x0000000080000000, 0x0000000100000000)
  region size 1024K, 6 young (6144K), 6 survivors (6144K)
 Metaspace       used 78900K, capacity 80309K, committed 80560K, reserved 1120256K
  class space    used 10262K, capacity 10652K, committed 10752K, reserved 1048576K
}
Event: 9.378 GC heap before
{Heap before GC invocations=32 (full 0):
 garbage-first heap   total 202752K, used 160257K [0x0000000080000000, 0x0000000100000000)
  region size 1024K, 55 young (56320K), 6 survivors (6144K)
 Metaspace       used 82251K, capacity 83526K, committed 83760K, reserved 1122304K
  class space    used 10690K, capacity 11071K, committed 11136K, reserved 1048576K
}
Event: 9.384 GC heap after
{Heap after GC invocations=33 (full 0):
 garbage-first heap   total 202752K, used 117766K [0x0000000080000000, 0x0000000100000000)
  region size 1024K, 9 young (9216K), 9 survivors (9216K)
 Metaspace       used 82251K, capacity 83526K, committed 83760K, reserved 1122304K
  class space    used 10690K, capacity 11071K, committed 11136K, reserved 1048576K
}
Event: 9.937 GC heap before
{Heap before GC invocations=34 (full 0):
 garbage-first heap   total 206848K, used 165894K [0x0000000080000000, 0x0000000100000000)
  region size 1024K, 55 young (56320K), 9 survivors (9216K)
 Metaspace       used 89704K, capacity 91038K, committed 91312K, reserved 1128448K
  class space    used 11614K, capacity 11999K, committed 12032K, reserved 1048576K
}
Event: 9.943 GC heap after
{Heap after GC invocations=35 (full 0):
 garbage-first heap   total 206848K, used 120526K [0x0000000080000000, 0x0000000100000000)
  region size 1024K, 4 young (4096K), 4 survivors (4096K)
 Metaspace       used 89704K, capacity 91038K, committed 91312K, reserved 1128448K
  class space    used 11614K, capacity 11999K, committed 12032K, reserved 1048576K
}
Event: 10.675 GC heap before
{Heap before GC invocations=35 (full 0):
 garbage-first heap   total 206848K, used 169678K [0x0000000080000000, 0x0000000100000000)
  region size 1024K, 52 young (53248K), 4 survivors (4096K)
 Metaspace       used 96694K, capacity 97953K, committed 98096K, reserved 1134592K
  class space    used 12459K, capacity 12843K, committed 12928K, reserved 1048576K
}
Event: 10.684 GC heap after
{Heap after GC invocations=36 (full 0):
 garbage-first heap   total 206848K, used 125325K [0x0000000080000000, 0x0000000100000000)
  region size 1024K, 7 young (7168K), 7 survivors (7168K)
 Metaspace       used 96694K, capacity 97953K, committed 98096K, reserved 1134592K
  class space    used 12459K, capacity 12843K, committed 12928K, reserved 1048576K
}

Deoptimization events (20 events):
Event: 10.989 Thread 0x00000224a92f7880 Uncommon trap: trap_request=0xffffffc6 fr.pc=0x0000022497e8d24c relative=0x00000000000005ec
Event: 10.989 Thread 0x00000224a92f7880 Uncommon trap: reason=bimorphic_or_optimized_type_check action=maybe_recompile pc=0x0000022497e8d24c method=java.util.ImmutableCollections$MapN.probe(Ljava/lang/Object;)I @ 1 c2
Event: 10.989 Thread 0x00000224a92f7880 DEOPT PACKING pc=0x0000022497e8d24c sp=0x00000059151f4cd0
Event: 10.989 Thread 0x00000224a92f7880 DEOPT UNPACKING pc=0x000002248fff852f sp=0x00000059151f4c80 mode 2
Event: 10.989 Thread 0x00000224a92f7880 Uncommon trap: trap_request=0xffffffc6 fr.pc=0x0000022497e8d24c relative=0x00000000000005ec
Event: 10.989 Thread 0x00000224a92f7880 Uncommon trap: reason=bimorphic_or_optimized_type_check action=maybe_recompile pc=0x0000022497e8d24c method=java.util.ImmutableCollections$MapN.probe(Ljava/lang/Object;)I @ 1 c2
Event: 10.989 Thread 0x00000224a92f7880 DEOPT PACKING pc=0x0000022497e8d24c sp=0x00000059151f4cd0
Event: 10.989 Thread 0x00000224a92f7880 DEOPT UNPACKING pc=0x000002248fff852f sp=0x00000059151f4c80 mode 2
Event: 10.989 Thread 0x00000224a92f7880 Uncommon trap: trap_request=0xffffffc6 fr.pc=0x0000022497e8d24c relative=0x00000000000005ec
Event: 10.989 Thread 0x00000224a92f7880 Uncommon trap: reason=bimorphic_or_optimized_type_check action=maybe_recompile pc=0x0000022497e8d24c method=java.util.ImmutableCollections$MapN.probe(Ljava/lang/Object;)I @ 1 c2
Event: 10.989 Thread 0x00000224a92f7880 DEOPT PACKING pc=0x0000022497e8d24c sp=0x00000059151f4cd0
Event: 10.989 Thread 0x00000224a92f7880 DEOPT UNPACKING pc=0x000002248fff852f sp=0x00000059151f4c80 mode 2
Event: 10.990 Thread 0x00000224a92f7880 Uncommon trap: trap_request=0xffffffc6 fr.pc=0x0000022497e8d24c relative=0x00000000000005ec
Event: 10.990 Thread 0x00000224a92f7880 Uncommon trap: reason=bimorphic_or_optimized_type_check action=maybe_recompile pc=0x0000022497e8d24c method=java.util.ImmutableCollections$MapN.probe(Ljava/lang/Object;)I @ 1 c2
Event: 10.990 Thread 0x00000224a92f7880 DEOPT PACKING pc=0x0000022497e8d24c sp=0x00000059151f4cd0
Event: 10.990 Thread 0x00000224a92f7880 DEOPT UNPACKING pc=0x000002248fff852f sp=0x00000059151f4c80 mode 2
Event: 10.991 Thread 0x00000224a92f7880 Uncommon trap: trap_request=0xffffffc6 fr.pc=0x0000022497e8e634 relative=0x0000000000000654
Event: 10.991 Thread 0x00000224a92f7880 Uncommon trap: reason=bimorphic_or_optimized_type_check action=maybe_recompile pc=0x0000022497e8e634 method=java.util.ImmutableCollections$MapN.probe(Ljava/lang/Object;)I @ 1 c2
Event: 10.991 Thread 0x00000224a92f7880 DEOPT PACKING pc=0x0000022497e8e634 sp=0x00000059151f5860
Event: 10.991 Thread 0x00000224a92f7880 DEOPT UNPACKING pc=0x000002248fff852f sp=0x00000059151f57a0 mode 2

Classes unloaded (13 events):
Event: 7.056 Thread 0x00000224a69844d0 Unloading class 0x00000008010ec040 '_BuildScript_$_run_closure1'
Event: 7.056 Thread 0x00000224a69844d0 Unloading class 0x00000008010ec840 '_BuildScript_'
Event: 8.943 Thread 0x00000224a69844d0 Unloading class 0x00000008014197b0 '_BuildScript_$_run_closure2$_closure10'
Event: 8.943 Thread 0x00000224a69844d0 Unloading class 0x00000008014193c8 '_BuildScript_$_run_closure2'
Event: 8.943 Thread 0x00000224a69844d0 Unloading class 0x0000000801418fe0 '_BuildScript_$_run_closure1$_closure8'
Event: 8.943 Thread 0x00000224a69844d0 Unloading class 0x0000000801418bf8 '_BuildScript_$_run_closure1$_closure7'
Event: 8.943 Thread 0x00000224a69844d0 Unloading class 0x0000000801418810 '_BuildScript_$_run_closure1$_closure6'
Event: 8.943 Thread 0x00000224a69844d0 Unloading class 0x0000000801418428 '_BuildScript_$_run_closure1$_closure5$_closure9'
Event: 8.943 Thread 0x00000224a69844d0 Unloading class 0x0000000801418040 '_BuildScript_$_run_closure1$_closure5'
Event: 8.943 Thread 0x00000224a69844d0 Unloading class 0x00000008012e2040 '_BuildScript_$_run_closure1$_closure4'
Event: 8.943 Thread 0x00000224a69844d0 Unloading class 0x00000008012e2840 '_BuildScript_$_run_closure1$_closure3'
Event: 8.943 Thread 0x00000224a69844d0 Unloading class 0x00000008012e3040 '_BuildScript_$_run_closure1'
Event: 8.943 Thread 0x00000224a69844d0 Unloading class 0x00000008012e3840 '_BuildScript_'

Classes redefined (0 events):
No events

Internal exceptions (20 events):
Event: 9.312 Thread 0x00000224a92f7880 Exception <a 'java/lang/NoSuchMethodError'{0x0000000089d538d0}: static Lorg/jetbrains/kotlin/allopen/ide/AllOpenModelImpl;.<clinit>()V> (0x0000000089d538d0) 
thrown [./open/src/hotspot/share/prims/jni.cpp, line 1204]
Event: 9.313 Thread 0x00000224a92f7880 Exception <a 'java/lang/NoSuchMethodError'{0x0000000089d68de8}: static Lorg/jetbrains/kotlin/parcelize/ide/ParcelizeGradleModelImpl;.<clinit>()V> (0x0000000089d68de8) 
thrown [./open/src/hotspot/share/prims/jni.cpp, line 1204]
Event: 9.313 Thread 0x00000224a92f7880 Exception <a 'java/lang/NoSuchMethodError'{0x0000000089d75ba8}: static Lorg/jetbrains/kotlin/noarg/ide/NoArgModelImpl;.<clinit>()V> (0x0000000089d75ba8) 
thrown [./open/src/hotspot/share/prims/jni.cpp, line 1204]
Event: 9.344 Thread 0x00000224a92f7880 Exception <a 'java/lang/NoSuchMethodError'{0x0000000089927cc8}: static Lorg/jetbrains/kotlin/samWithReceiver/ide/SamWithReceiverModelImpl;.<clinit>()V> (0x0000000089927cc8) 
thrown [./open/src/hotspot/share/prims/jni.cpp, line 1204]
Event: 9.532 Thread 0x00000224a92f7880 Exception <a 'sun/nio/fs/WindowsException'{0x000000008bfbb310}> (0x000000008bfbb310) 
thrown [./open/src/hotspot/share/prims/jni.cpp, line 578]
Event: 9.533 Thread 0x00000224a92f7880 Exception <a 'sun/nio/fs/WindowsException'{0x000000008bfbb820}> (0x000000008bfbb820) 
thrown [./open/src/hotspot/share/prims/jni.cpp, line 578]
Event: 9.595 Thread 0x00000224a92f7880 Exception <a 'java/lang/NullPointerException'{0x000000008b894f08}> (0x000000008b894f08) 
thrown [./open/src/hotspot/share/interpreter/linkResolver.cpp, line 1457]
Event: 9.643 Thread 0x00000224a92f7880 Implicit null exception at 0x0000022497e4d70c to 0x0000022497e4f3a4
Event: 9.778 Thread 0x00000224a92f7880 Exception <a 'sun/nio/fs/WindowsException'{0x000000008ab82970}> (0x000000008ab82970) 
thrown [./open/src/hotspot/share/prims/jni.cpp, line 578]
Event: 9.778 Thread 0x00000224a92f7880 Exception <a 'sun/nio/fs/WindowsException'{0x000000008ab839b0}> (0x000000008ab839b0) 
thrown [./open/src/hotspot/share/prims/jni.cpp, line 578]
Event: 9.779 Thread 0x00000224a92f7880 Exception <a 'sun/nio/fs/WindowsException'{0x000000008ab84a40}> (0x000000008ab84a40) 
thrown [./open/src/hotspot/share/prims/jni.cpp, line 578]
Event: 9.779 Thread 0x00000224a92f7880 Exception <a 'sun/nio/fs/WindowsException'{0x000000008ab85ad0}> (0x000000008ab85ad0) 
thrown [./open/src/hotspot/share/prims/jni.cpp, line 578]
Event: 9.866 Thread 0x00000224a92f7880 Exception <a 'java/lang/NoSuchMethodError'{0x000000008a204238}: 'int java.lang.invoke.DirectMethodHandle$Holder.invokeSpecialIFC(java.lang.Object, java.lang.Object, java.lang.Object)'> (0x000000008a204238) 
thrown [./open/src/hotspot/share/interpreter/linkResolver.cpp, line 782]
Event: 10.048 Thread 0x00000224a92f7880 Exception <a 'java/lang/NoSuchMethodError'{0x000000008bf02a70}: 'void java.lang.invoke.DirectMethodHandle$Holder.invokeStatic(java.lang.Object, java.lang.Object, java.lang.Object, java.lang.Object, int, java.lang.Object, java.lang.Object)'> (0x000000008bf02a70) 
thrown [./open/src/hotspot/share/interpreter/linkResolver.cpp, line 782]
Event: 10.063 Thread 0x00000224a92f7880 Exception <a 'java/lang/IncompatibleClassChangeError'{0x000000008bff1d98}: Found class java.lang.Object, but interface was expected> (0x000000008bff1d98) 
thrown [./open/src/hotspot/share/interpreter/linkResolver.cpp, line 848]
Event: 10.098 Thread 0x00000224abc89ce0 Exception <a 'java/lang/IncompatibleClassChangeError'{0x000000008bd88758}: Found class java.lang.Object, but interface was expected> (0x000000008bd88758) 
thrown [./open/src/hotspot/share/interpreter/linkResolver.cpp, line 848]
Event: 10.108 Thread 0x00000224abc89ce0 Exception <a 'java/lang/NoSuchMethodError'{0x000000008bc942c8}: 'int java.lang.invoke.DirectMethodHandle$Holder.invokeStaticInit(java.lang.Object, java.lang.Object, java.lang.Object, java.lang.Object, java.lang.Object)'> (0x000000008bc942c8) 
thrown [./open/src/hotspot/share/interpreter/linkResolver.cpp, line 782]
Event: 10.344 Thread 0x00000224a92f7880 Implicit null exception at 0x0000022497c159f4 to 0x0000022497c16090
Event: 10.351 Thread 0x00000224a92f7880 Implicit null exception at 0x0000022497cbfbcb to 0x0000022497cbfbec
Event: 10.422 Thread 0x00000224a92f7880 Exception <a 'sun/nio/fs/WindowsException'{0x000000008a957ea0}> (0x000000008a957ea0) 
thrown [./open/src/hotspot/share/prims/jni.cpp, line 578]

Events (20 events):
Event: 10.983 loading class sun/security/ssl/X509Authentication$X509Credentials
Event: 10.983 loading class sun/security/ssl/X509Authentication$X509Credentials done
Event: 10.984 loading class sun/security/ssl/CertificateVerify$T13CertificateVerifyMessage
Event: 10.984 loading class sun/security/ssl/CertificateVerify$T13CertificateVerifyMessage done
Event: 10.985 loading class java/security/interfaces/ECPrivateKey
Event: 10.985 loading class java/security/interfaces/ECPrivateKey done
Event: 10.986 loading class sun/security/util/math/intpoly/IntegerPolynomialP256
Event: 10.986 loading class sun/security/util/math/intpoly/IntegerPolynomialP256 done
Event: 10.988 Executing VM operation: HandshakeAllThreads
Event: 10.988 Executing VM operation: HandshakeAllThreads done
Event: 10.988 loading class sun/security/util/math/intpoly/IntegerPolynomialP384
Event: 10.989 loading class sun/security/util/math/intpoly/IntegerPolynomialP384 done
Event: 10.989 loading class sun/security/util/math/intpoly/IntegerPolynomialP521
Event: 10.989 loading class sun/security/util/math/intpoly/IntegerPolynomialP521 done
Event: 10.990 loading class sun/security/util/math/intpoly/P256OrderField
Event: 10.990 loading class sun/security/util/math/intpoly/P256OrderField done
Event: 10.990 loading class sun/security/util/math/intpoly/P384OrderField
Event: 10.990 loading class sun/security/util/math/intpoly/P384OrderField done
Event: 10.990 loading class sun/security/util/math/intpoly/P521OrderField
Event: 10.990 loading class sun/security/util/math/intpoly/P521OrderField done


Dynamic libraries:
0x00007ff62d300000 - 0x00007ff62d30f000 	C:\Program Files\Java\jdk-15.0.2\bin\java.exe
0x00007ffb76a60000 - 0x00007ffb76c69000 	C:\WINDOWS\SYSTEM32\ntdll.dll
0x00007ffb76560000 - 0x00007ffb7661d000 	C:\WINDOWS\System32\KERNEL32.DLL
0x00007ffb74570000 - 0x00007ffb748ed000 	C:\WINDOWS\System32\KERNELBASE.dll
0x00007ffb74120000 - 0x00007ffb74231000 	C:\WINDOWS\System32\ucrtbase.dll
0x00007ffb5fea0000 - 0x00007ffb5feb8000 	C:\Program Files\Java\jdk-15.0.2\bin\jli.dll
0x00007ffb61600000 - 0x00007ffb61619000 	C:\Program Files\Java\jdk-15.0.2\bin\VCRUNTIME140.dll
0x00007ffb74a30000 - 0x00007ffb74ade000 	C:\WINDOWS\System32\ADVAPI32.dll
0x00007ffb74d00000 - 0x00007ffb74da3000 	C:\WINDOWS\System32\msvcrt.dll
0x00007ffb76620000 - 0x00007ffb766be000 	C:\WINDOWS\System32\sechost.dll
0x00007ffb76900000 - 0x00007ffb76a20000 	C:\WINDOWS\System32\RPCRT4.dll
0x00007ffb75260000 - 0x00007ffb7540d000 	C:\WINDOWS\System32\USER32.dll
0x00007ffb73f40000 - 0x00007ffb73f66000 	C:\WINDOWS\System32\win32u.dll
0x00007ffb76730000 - 0x00007ffb76759000 	C:\WINDOWS\System32\GDI32.dll
0x00007ffb62a20000 - 0x00007ffb62cc5000 	C:\WINDOWS\WinSxS\amd64_microsoft.windows.common-controls_6595b64144ccf1df_6.0.22000.120_none_9d947278b86cc467\COMCTL32.dll
0x00007ffb743b0000 - 0x00007ffb744c8000 	C:\WINDOWS\System32\gdi32full.dll
0x00007ffb744d0000 - 0x00007ffb7456d000 	C:\WINDOWS\System32\msvcp_win.dll
0x00007ffb6a880000 - 0x00007ffb6a88a000 	C:\WINDOWS\SYSTEM32\VERSION.dll
0x00007ffb767c0000 - 0x00007ffb767f1000 	C:\WINDOWS\System32\IMM32.DLL
0x00007ffb70a80000 - 0x00007ffb70a8c000 	C:\Program Files\Java\jdk-15.0.2\bin\vcruntime140_1.dll
0x00007ffb2e5a0000 - 0x00007ffb2e631000 	C:\Program Files\Java\jdk-15.0.2\bin\msvcp140.dll
0x00007ffb2da40000 - 0x00007ffb2e59e000 	C:\Program Files\Java\jdk-15.0.2\bin\server\jvm.dll
0x00007ffb74db0000 - 0x00007ffb74db8000 	C:\WINDOWS\System32\PSAPI.DLL
0x00007ffb57240000 - 0x00007ffb57249000 	C:\WINDOWS\SYSTEM32\WSOCK32.dll
0x00007ffb6d2b0000 - 0x00007ffb6d2e3000 	C:\WINDOWS\SYSTEM32\WINMM.dll
0x00007ffb766c0000 - 0x00007ffb7672f000 	C:\WINDOWS\System32\WS2_32.dll
0x00007ffb73130000 - 0x00007ffb73148000 	C:\WINDOWS\SYSTEM32\kernel.appcore.dll
0x00007ffb61a40000 - 0x00007ffb61a4a000 	C:\Program Files\Java\jdk-15.0.2\bin\jimage.dll
0x00007ffb71af0000 - 0x00007ffb71d11000 	C:\WINDOWS\SYSTEM32\DBGHELP.DLL
0x00007ffb63200000 - 0x00007ffb63231000 	C:\WINDOWS\SYSTEM32\dbgcore.DLL
0x00007ffb73f70000 - 0x00007ffb73fef000 	C:\WINDOWS\System32\bcryptPrimitives.dll
0x00007ffb5f860000 - 0x00007ffb5f885000 	C:\Program Files\Java\jdk-15.0.2\bin\java.dll
0x00007ffb75950000 - 0x00007ffb76108000 	C:\WINDOWS\System32\SHELL32.dll
0x00007ffb720c0000 - 0x00007ffb72928000 	C:\WINDOWS\SYSTEM32\windows.storage.dll
0x00007ffb74e40000 - 0x00007ffb751b9000 	C:\WINDOWS\System32\combase.dll
0x00007ffb71f50000 - 0x00007ffb720b6000 	C:\WINDOWS\SYSTEM32\wintypes.dll
0x00007ffb76470000 - 0x00007ffb7655a000 	C:\WINDOWS\System32\SHCORE.dll
0x00007ffb758f0000 - 0x00007ffb7594d000 	C:\WINDOWS\System32\shlwapi.dll
0x00007ffb73e70000 - 0x00007ffb73e91000 	C:\WINDOWS\SYSTEM32\profapi.dll
0x00007ffb5fbc0000 - 0x00007ffb5fbd9000 	C:\Program Files\Java\jdk-15.0.2\bin\net.dll
0x00007ffb6e9d0000 - 0x00007ffb6eadc000 	C:\WINDOWS\SYSTEM32\WINHTTP.dll
0x00007ffb73560000 - 0x00007ffb735c7000 	C:\WINDOWS\system32\mswsock.dll
0x00007ffb5f9c0000 - 0x00007ffb5f9d2000 	C:\Program Files\Java\jdk-15.0.2\bin\nio.dll
0x00007ffb5c200000 - 0x00007ffb5c218000 	C:\Program Files\Java\jdk-15.0.2\bin\zip.dll
0x00007ffb5ff00000 - 0x00007ffb5ff10000 	C:\Program Files\Java\jdk-15.0.2\bin\verify.dll
0x00007ffb50050000 - 0x00007ffb50077000 	C:\Users\eks02\.gradle\native\e1d6ef7f7dcc3fd88c89a11ec53ec762bb8ba0a96d01ffa2cd45eb1d1d8dd5c5\windows-amd64\native-platform.dll
0x00007ffac4340000 - 0x00007ffac4484000 	C:\Users\eks02\.gradle\native\5664cfc778a61ccfe75a443a1ab52a65af34e5dc3c78e0209fed803814484fcb\windows-amd64\native-platform-file-events.dll
0x00007ffb5fdc0000 - 0x00007ffb5fdc9000 	C:\Program Files\Java\jdk-15.0.2\bin\management.dll
0x00007ffb5f8c0000 - 0x00007ffb5f8cb000 	C:\Program Files\Java\jdk-15.0.2\bin\management_ext.dll
0x00007ffb737b0000 - 0x00007ffb737c8000 	C:\WINDOWS\SYSTEM32\CRYPTSP.dll
0x00007ffb73090000 - 0x00007ffb730c5000 	C:\WINDOWS\system32\rsaenh.dll
0x00007ffb73650000 - 0x00007ffb73679000 	C:\WINDOWS\SYSTEM32\USERENV.dll
0x00007ffb73920000 - 0x00007ffb73947000 	C:\WINDOWS\SYSTEM32\bcrypt.dll
0x00007ffb737a0000 - 0x00007ffb737ac000 	C:\WINDOWS\SYSTEM32\CRYPTBASE.dll
0x00007ffb72ca0000 - 0x00007ffb72ccd000 	C:\WINDOWS\SYSTEM32\IPHLPAPI.DLL
0x00007ffb75410000 - 0x00007ffb75419000 	C:\WINDOWS\System32\NSI.dll
0x00007ffb6cf60000 - 0x00007ffb6cf79000 	C:\WINDOWS\SYSTEM32\dhcpcsvc6.DLL
0x00007ffb6d680000 - 0x00007ffb6d69e000 	C:\WINDOWS\SYSTEM32\dhcpcsvc.DLL
0x00007ffb72d20000 - 0x00007ffb72e08000 	C:\WINDOWS\SYSTEM32\DNSAPI.dll
0x00007ffb6bcc0000 - 0x00007ffb6bccd000 	C:\Program Files\Java\jdk-15.0.2\bin\sunmscapi.dll
0x00007ffb74240000 - 0x00007ffb743a2000 	C:\WINDOWS\System32\CRYPT32.dll
0x00007ffb738f0000 - 0x00007ffb73918000 	C:\WINDOWS\SYSTEM32\ncrypt.dll
0x00007ffb738b0000 - 0x00007ffb738e7000 	C:\WINDOWS\SYSTEM32\NTASN1.dll
0x00007ffb6a830000 - 0x00007ffb6a83a000 	C:\Windows\System32\rasadhlp.dll
0x00007ffb6ade0000 - 0x00007ffb6ae61000 	C:\WINDOWS\System32\fwpuclnt.dll

dbghelp: loaded successfully - version: 4.0.5 - missing functions: none
symbol engine: initialized successfully - sym options: 0x614 - pdb path: .;C:\Program Files\Java\jdk-15.0.2\bin;C:\WINDOWS\SYSTEM32;C:\WINDOWS\WinSxS\amd64_microsoft.windows.common-controls_6595b64144ccf1df_6.0.22000.120_none_9d947278b86cc467;C:\Program Files\Java\jdk-15.0.2\bin\server;C:\Users\eks02\.gradle\native\e1d6ef7f7dcc3fd88c89a11ec53ec762bb8ba0a96d01ffa2cd45eb1d1d8dd5c5\windows-amd64;C:\Users\eks02\.gradle\native\5664cfc778a61ccfe75a443a1ab52a65af34e5dc3c78e0209fed803814484fcb\windows-amd64

VM Arguments:
jvm_args: --add-opens=java.base/java.util=ALL-UNNAMED --add-opens=java.base/java.lang=ALL-UNNAMED --add-opens=java.base/java.lang.invoke=ALL-UNNAMED --add-opens=java.base/java.util=ALL-UNNAMED --add-opens=java.prefs/java.util.prefs=ALL-UNNAMED --add-opens=java.prefs/java.util.prefs=ALL-UNNAMED --add-opens=java.base/java.nio.charset=ALL-UNNAMED --add-opens=java.base/java.net=ALL-UNNAMED --add-opens=java.base/java.util.concurrent.atomic=ALL-UNNAMED -Xmx2048m -Dfile.encoding=UTF-8 -Duser.country=KR -Duser.language=ko -Duser.variant 
java_command: org.gradle.launcher.daemon.bootstrap.GradleDaemon 7.3.3
java_class_path (initial): C:\Users\eks02\.gradle\wrapper\dists\gradle-7.3.3-bin\6a41zxkdtcxs8rphpq6y0069z\gradle-7.3.3\lib\gradle-launcher-7.3.3.jar
Launcher Type: SUN_STANDARD

[Global flags]
     intx CICompilerCount                          = 4                                         {product} {ergonomic}
     uint ConcGCThreads                            = 2                                         {product} {ergonomic}
     uint G1ConcRefinementThreads                  = 8                                         {product} {ergonomic}
   size_t G1HeapRegionSize                         = 1048576                                   {product} {ergonomic}
    uintx GCDrainStackTargetSize                   = 64                                        {product} {ergonomic}
   size_t InitialHeapSize                          = 264241152                                 {product} {ergonomic}
   size_t MarkStackSize                            = 4194304                                   {product} {ergonomic}
   size_t MaxHeapSize                              = 2147483648                                {product} {command line}
   size_t MaxNewSize                               = 1287651328                                {product} {ergonomic}
   size_t MinHeapDeltaBytes                        = 1048576                                   {product} {ergonomic}
   size_t MinHeapSize                              = 8388608                                   {product} {ergonomic}
    uintx NonNMethodCodeHeapSize                   = 5839372                                {pd product} {ergonomic}
    uintx NonProfiledCodeHeapSize                  = 122909434                              {pd product} {ergonomic}
    uintx ProfiledCodeHeapSize                     = 122909434                              {pd product} {ergonomic}
    uintx ReservedCodeCacheSize                    = 251658240                              {pd product} {ergonomic}
     bool SegmentedCodeCache                       = true                                      {product} {ergonomic}
   size_t SoftMaxHeapSize                          = 2147483648                             {manageable} {ergonomic}
     bool UseCompressedClassPointers               = true                                 {lp64_product} {ergonomic}
     bool UseCompressedOops                        = true                                 {lp64_product} {ergonomic}
     bool UseG1GC                                  = true                                      {product} {ergonomic}
     bool UseLargePagesIndividualAllocation        = false                                  {pd product} {ergonomic}

Logging:
Log output configuration:
 #0: stdout all=warning uptime,level,tags
 #1: stderr all=off uptime,level,tags

Environment Variables:
JAVA_HOME=C:\Program Files\Java\jdk-15.0.2
PATH=C:\Program Files (x86)\Common Files\Intel\Shared Libraries\redist\intel64\compiler;C:\Program Files\openssl-0.9.8k_WIN32\bin;C:\Program Files\Common Files\Oracle\Java\javapath;C:\Users\eks02\AppData\Local\Android\Sdk\plathorm-tools;C:\Program Files\Java\jdk-15.0.2\bin;C:\ProgramData\Oracle\Java\javapath;C:\windows\system32;C:\windows;C:\windows\System32\Wbem;C:\windows\System32\WindowsPowerShell\v1.0\;C:\windows\System32\OpenSSH\;C:\Program Files (x86)\NVIDIA Corporation\PhysX\Common;C:\Program Files\NVIDIA Corporation\NVIDIA NvDLISR;C:\Program Files\PuTTY\;C:\Program Files\Git\cmd;C:\Program Files\dotnet\;C:\Program Files\MySQL\MySQL Server 8.0\bin;C:\MInG\\bin;C:\Program Files\nodejs\;;C:\WINDOWS\system32;C:\WINDOWS;C:\WINDOWS\System32\Wbem;C:\WINDOWS\System32\WindowsPowerShell\v1.0\;C:\WINDOWS\System32\OpenSSH\;C:\Program Files\MySQL\MySQL Shell 8.0\bin\;C:\Users\eks02\AppData\Local\Programs\Python\Python39\Scripts\;C:\Users\eks02\AppData\Local\Programs\Python\Python39\;C:\Users\eks02\AppData\Local\Microsoft\WindowsApps;C:\Users\eks02\AppData\Local\Programs\Microsoft VS Code\bin;C:\Users\eks02\AppData\Local\GitHubDesktop\bin;C:\Program Files\heroku\bin;C:\Program Files\MySQL\MySQL Server 8.0\bin;C:\Program Files\Bandizip\;F:\IntelliJ IDEA Community Edition 2021.2.3\bin;;C:\Users\eks02\AppData\Roaming\npm;C:\Program Files\flutter\bin;
USERNAME=eks02
OS=Windows_NT
PROCESSOR_IDENTIFIER=Intel64 Family 6 Model 140 Stepping 1, GenuineIntel



---------------  S Y S T E M  ---------------

OS:
 Windows 10 , 64 bit Build 22000 (10.0.22000.708)
OS uptime: 0 days 2:02 hours

CPU: total 8 (initial active 8) (4 cores per cpu, 2 threads per core) family 6 model 140 stepping 1 microcode 0x9a, cmov, cx8, fxsr, mmx, sse, sse2, sse3, ssse3, sse4.1, sse4.2, popcnt, vzeroupper, avx, avx2, aes, clmul, erms, 3dnowpref, lzcnt, ht, tsc, tscinvbit, bmi1, bmi2, adx, avx512f, avx512dq, avx512cd, avx512bw, avx512vl, avx512_vpopcntdq, avx512_vpclmulqdq, avx512_vbmi, avx512_vbmi2, avx512_vaes, avx512_vnni, sha, fma, clflush, clflushopt, clwb

Memory: 4k page, system-wide physical 16057M (1658M free)
TotalPageFile size 19815M (AvailPageFile size 0M)
current process WorkingSet (physical memory assigned to process): 514M, peak: 514M
current process commit charge ("private bytes"): 564M, peak: 565M

vm_info: Java HotSpot(TM) 64-Bit Server VM (15.0.2+7-27) for windows-amd64 JRE (15.0.2+7-27), built on Dec  7 2020 20:07:01 by "mach5one" with unknown MS VC++:1925

END.
